Fri Aug 23 23:19:47 EDT 2024
c0702a-s14.ufhpc
/blue/vendor-nvidia/hju/PB_training_Dungan
Picked up _JAVA_OPTIONS: -Djava.io.tmpdir=/scratch/local/42048050
23:19:50.165 INFO  NativeLibraryLoader - Loading libgkl_compression.so from jar:file:/apps/gatk/4.4.0.0/gatk-package-4.4.0.0-local.jar!/com/intel/gkl/native/libgkl_compression.so
23:19:50.195 INFO  SelectVariants - ------------------------------------------------------------
23:19:50.198 INFO  SelectVariants - The Genome Analysis Toolkit (GATK) v4.4.0.0
23:19:50.198 INFO  SelectVariants - For support and documentation go to https://software.broadinstitute.org/gatk/
23:19:50.198 INFO  SelectVariants - Executing as hju@c0702a-s14.ufhpc on Linux v4.18.0-513.24.1.el8_9.x86_64 amd64
23:19:50.198 INFO  SelectVariants - Java runtime: OpenJDK 64-Bit Server VM v20.0.1+9-29
23:19:50.199 INFO  SelectVariants - Start Date/Time: August 23, 2024, 11:19:50 PM EDT
23:19:50.199 INFO  SelectVariants - ------------------------------------------------------------
23:19:50.199 INFO  SelectVariants - ------------------------------------------------------------
23:19:50.199 INFO  SelectVariants - HTSJDK Version: 3.0.5
23:19:50.200 INFO  SelectVariants - Picard Version: 3.0.0
23:19:50.200 INFO  SelectVariants - Built for Spark Version: 3.3.1
23:19:50.200 INFO  SelectVariants - HTSJDK Defaults.COMPRESSION_LEVEL : 2
23:19:50.200 INFO  SelectVariants - HTSJDK Defaults.USE_ASYNC_IO_READ_FOR_SAMTOOLS : false
23:19:50.200 INFO  SelectVariants - HTSJDK Defaults.USE_ASYNC_IO_WRITE_FOR_SAMTOOLS : true
23:19:50.200 INFO  SelectVariants - HTSJDK Defaults.USE_ASYNC_IO_WRITE_FOR_TRIBBLE : false
23:19:50.200 INFO  SelectVariants - Deflater: IntelDeflater
23:19:50.201 INFO  SelectVariants - Inflater: IntelInflater
23:19:50.201 INFO  SelectVariants - GCS max retries/reopens: 20
23:19:50.201 INFO  SelectVariants - Requester pays: disabled
23:19:50.201 INFO  SelectVariants - Initializing engine
23:19:50.389 INFO  FeatureManager - Using codec VCFCodec to read file file:///blue/vendor-nvidia/hju/PB_training_Dungan/SRR7890824-SRR7890827-WGS_FD.FilterMutectCalls.vcf
23:19:50.596 INFO  SelectVariants - Done initializing engine
23:19:50.657 INFO  ProgressMeter - Starting traversal
23:19:50.658 INFO  ProgressMeter -        Current Locus  Elapsed Minutes    Variants Processed  Variants/Minute
23:19:54.062 INFO  ProgressMeter - chrUn_JTFH01001947v1_decoy:354              0.1                263627        4650873.3
23:19:54.063 INFO  ProgressMeter - Traversal complete. Processed 263627 total variants in 0.1 minutes.
23:19:54.316 INFO  SelectVariants - Shutting down engine
[August 23, 2024, 11:19:54 PM EDT] org.broadinstitute.hellbender.tools.walkers.variantutils.SelectVariants done. Elapsed time: 0.07 minutes.
Runtime.totalMemory()=1241513984
Using GATK jar /apps/gatk/4.4.0.0/gatk-package-4.4.0.0-local.jar
Running:
    java -Dsamjdk.use_async_io_read_samtools=false -Dsamjdk.use_async_io_write_samtools=true -Dsamjdk.use_async_io_write_tribble=false -Dsamjdk.compression_level=2 -jar /apps/gatk/4.4.0.0/gatk-package-4.4.0.0-local.jar SelectVariants -R GRCh38.d1.vd1.fa -V SRR7890824-SRR7890827-WGS_FD.FilterMutectCalls.vcf --select-type-to-exclude INDEL -O SRR7890824-SRR7890827-WGS_FD.SNV-MNV.FilterMutectCalls.vcf
