Fri Aug 23 22:39:08 EDT 2024
c1101a-s11.ufhpc
/blue/vendor-nvidia/hju/PB_training_Dungan
INFO:    underlay of /etc/localtime required more than 50 (79) bind mounts
INFO:    underlay of /usr/bin/nvidia-debugdump required more than 50 (373) bind mounts
Detected 4 CUDA Capable device(s), considering 4 device(s)
  CUDA Driver Version / Runtime Version          12.4 / 12.3
Using model for CUDA Capability Major/Minor version number:    80
[PB Info 2024-Aug-23 22:39:13] ------------------------------------------------------------------------------
[PB Info 2024-Aug-23 22:39:13] ||                 Parabricks accelerated Genomics Pipeline                 ||
[PB Info 2024-Aug-23 22:39:13] ||                              Version 4.3.1-1                             ||
[PB Info 2024-Aug-23 22:39:13] ||                                deepsomatic                               ||
[PB Info 2024-Aug-23 22:39:13] ------------------------------------------------------------------------------
[PB Info 2024-Aug-23 22:39:14] Starting DeepVariant
[PB Info 2024-Aug-23 22:39:14] Running with 4 GPU devices, each with 2 group instances and 6 workers
[PB Info 2024-Aug-23 22:39:14] ProgressMeter -	Current-Locus	Elapsed-Minutes
[PB Info 2024-Aug-23 22:39:20] ProgressMeter -	chr1:9000	0.1
[PB Info 2024-Aug-23 22:39:26] ProgressMeter -	chr1:984000	0.2
[PB Info 2024-Aug-23 22:39:32] ProgressMeter -	chr1:2325000	0.3
[PB Info 2024-Aug-23 22:39:38] ProgressMeter -	chr1:6755000	0.4
[PB Info 2024-Aug-23 22:39:44] ProgressMeter -	chr1:9475000	0.5
[PB Info 2024-Aug-23 22:39:50] ProgressMeter -	chr1:11875000	0.6
[PB Info 2024-Aug-23 22:39:56] ProgressMeter -	chr1:14857000	0.7
[PB Info 2024-Aug-23 22:40:02] ProgressMeter -	chr1:17801000	0.8
[PB Info 2024-Aug-23 22:40:08] ProgressMeter -	chr1:20861000	0.9
[PB Info 2024-Aug-23 22:40:14] ProgressMeter -	chr1:23821000	1.0
[PB Info 2024-Aug-23 22:40:20] ProgressMeter -	chr1:26146000	1.1
[PB Info 2024-Aug-23 22:40:26] ProgressMeter -	chr1:28146000	1.2
[PB Info 2024-Aug-23 22:40:32] ProgressMeter -	chr1:31186000	1.3
[PB Info 2024-Aug-23 22:40:38] ProgressMeter -	chr1:33106000	1.4
[PB Info 2024-Aug-23 22:40:44] ProgressMeter -	chr1:36306000	1.5
[PB Info 2024-Aug-23 22:40:50] ProgressMeter -	chr1:39986000	1.6
[PB Info 2024-Aug-23 22:40:56] ProgressMeter -	chr1:43506000	1.7
[PB Info 2024-Aug-23 22:41:02] ProgressMeter -	chr1:45746000	1.8
[PB Info 2024-Aug-23 22:41:08] ProgressMeter -	chr1:48466000	1.9
[PB Info 2024-Aug-23 22:41:14] ProgressMeter -	chr1:53266000	2.0
[PB Info 2024-Aug-23 22:41:20] ProgressMeter -	chr1:59506000	2.1
[PB Info 2024-Aug-23 22:41:26] ProgressMeter -	chr1:64786000	2.2
[PB Info 2024-Aug-23 22:41:32] ProgressMeter -	chr1:73746000	2.3
[PB Info 2024-Aug-23 22:41:38] ProgressMeter -	chr1:80306000	2.4
[PB Info 2024-Aug-23 22:41:44] ProgressMeter -	chr1:87986000	2.5
[PB Info 2024-Aug-23 22:41:50] ProgressMeter -	chr1:93386000	2.6
[PB Info 2024-Aug-23 22:41:56] ProgressMeter -	chr1:100006000	2.7
[PB Info 2024-Aug-23 22:42:02] ProgressMeter -	chr1:109066000	2.8
[PB Info 2024-Aug-23 22:42:08] ProgressMeter -	chr1:109759000	2.9
[PB Info 2024-Aug-23 22:42:14] ProgressMeter -	chr1:109919000	3.0
[PB Info 2024-Aug-23 22:42:20] ProgressMeter -	chr1:113539000	3.1
[PB Info 2024-Aug-23 22:42:26] ProgressMeter -	chr1:116419000	3.2
[PB Info 2024-Aug-23 22:42:32] ProgressMeter -	chr1:117539000	3.3
[PB Info 2024-Aug-23 22:42:38] ProgressMeter -	chr1:120453000	3.4
[PB Info 2024-Aug-23 22:42:44] ProgressMeter -	chr1:122626000	3.5
[PB Info 2024-Aug-23 22:42:50] ProgressMeter -	chr1:145932000	3.6
[PB Info 2024-Aug-23 22:42:56] ProgressMeter -	chr1:152298000	3.7
[PB Info 2024-Aug-23 22:43:02] ProgressMeter -	chr1:154538000	3.8
[PB Info 2024-Aug-23 22:43:08] ProgressMeter -	chr1:155498000	3.9
[PB Info 2024-Aug-23 22:43:14] ProgressMeter -	chr1:160940000	4.0
[PB Info 2024-Aug-23 22:43:20] ProgressMeter -	chr1:164796000	4.1
[PB Info 2024-Aug-23 22:43:26] ProgressMeter -	chr1:168076000	4.2
[PB Info 2024-Aug-23 22:43:32] ProgressMeter -	chr1:170716000	4.3
[PB Info 2024-Aug-23 22:43:38] ProgressMeter -	chr1:175196000	4.4
[PB Info 2024-Aug-23 22:43:44] ProgressMeter -	chr1:179516000	4.5
[PB Info 2024-Aug-23 22:43:50] ProgressMeter -	chr1:183996000	4.6
[PB Info 2024-Aug-23 22:43:56] ProgressMeter -	chr1:189116000	4.7
[PB Info 2024-Aug-23 22:44:02] ProgressMeter -	chr1:192636000	4.8
[PB Info 2024-Aug-23 22:44:08] ProgressMeter -	chr1:198291000	4.9
[PB Info 2024-Aug-23 22:44:14] ProgressMeter -	chr1:201811000	5.0
[PB Info 2024-Aug-23 22:44:20] ProgressMeter -	chr1:204531000	5.1
[PB Info 2024-Aug-23 22:44:26] ProgressMeter -	chr1:208397000	5.2
[PB Info 2024-Aug-23 22:44:32] ProgressMeter -	chr1:211917000	5.3
[PB Info 2024-Aug-23 22:44:38] ProgressMeter -	chr1:217677000	5.4
[PB Info 2024-Aug-23 22:44:44] ProgressMeter -	chr1:222803000	5.5
[PB Info 2024-Aug-23 22:44:50] ProgressMeter -	chr1:225892000	5.6
[PB Info 2024-Aug-23 22:44:56] ProgressMeter -	chr1:229317000	5.7
[PB Info 2024-Aug-23 22:45:02] ProgressMeter -	chr1:233157000	5.8
[PB Info 2024-Aug-23 22:45:08] ProgressMeter -	chr1:235077000	5.9
[PB Info 2024-Aug-23 22:45:14] ProgressMeter -	chr1:240677000	6.0
[PB Info 2024-Aug-23 22:45:20] ProgressMeter -	chr1:244677000	6.1
[PB Info 2024-Aug-23 22:45:26] ProgressMeter -	chr2:397000	6.2
[PB Info 2024-Aug-23 22:45:32] ProgressMeter -	chr2:2317000	6.3
[PB Info 2024-Aug-23 22:45:38] ProgressMeter -	chr2:5837000	6.4
[PB Info 2024-Aug-23 22:45:44] ProgressMeter -	chr2:9357000	6.5
[PB Info 2024-Aug-23 22:45:50] ProgressMeter -	chr2:16399000	6.6
[PB Info 2024-Aug-23 22:45:56] ProgressMeter -	chr2:23439000	6.7
[PB Info 2024-Aug-23 22:46:02] ProgressMeter -	chr2:26959000	6.8
[PB Info 2024-Aug-23 22:46:08] ProgressMeter -	chr2:30159000	6.9
[PB Info 2024-Aug-23 22:46:14] ProgressMeter -	chr2:37840000	7.0
[PB Info 2024-Aug-23 22:46:20] ProgressMeter -	chr2:42160000	7.1
[PB Info 2024-Aug-23 22:46:26] ProgressMeter -	chr2:46640000	7.2
[PB Info 2024-Aug-23 22:46:32] ProgressMeter -	chr2:50000000	7.3
[PB Info 2024-Aug-23 22:46:38] ProgressMeter -	chr2:54641000	7.4
[PB Info 2024-Aug-23 22:46:44] ProgressMeter -	chr2:59141000	7.5
[PB Info 2024-Aug-23 22:46:50] ProgressMeter -	chr2:62641000	7.6
[PB Info 2024-Aug-23 22:46:56] ProgressMeter -	chr2:69201000	7.7
[PB Info 2024-Aug-23 22:47:02] ProgressMeter -	chr2:74813000	7.8
[PB Info 2024-Aug-23 22:47:08] ProgressMeter -	chr2:83938000	7.9
[PB Info 2024-Aug-23 22:47:14] ProgressMeter -	chr2:87305000	8.0
[PB Info 2024-Aug-23 22:47:20] ProgressMeter -	chr2:91515000	8.1
[PB Info 2024-Aug-23 22:47:26] ProgressMeter -	chr2:95071000	8.2
[PB Info 2024-Aug-23 22:47:32] ProgressMeter -	chr2:98380000	8.3
[PB Info 2024-Aug-23 22:47:38] ProgressMeter -	chr2:102060000	8.4
[PB Info 2024-Aug-23 22:47:44] ProgressMeter -	chr2:115056000	8.5
[PB Info 2024-Aug-23 22:47:50] ProgressMeter -	chr2:120336000	8.6
[PB Info 2024-Aug-23 22:47:56] ProgressMeter -	chr2:125456000	8.7
[PB Info 2024-Aug-23 22:48:02] ProgressMeter -	chr2:130238000	8.8
[PB Info 2024-Aug-23 22:48:08] ProgressMeter -	chr2:134912000	8.9
[PB Info 2024-Aug-23 22:48:14] ProgressMeter -	chr2:141332000	9.0
[PB Info 2024-Aug-23 22:48:20] ProgressMeter -	chr2:146112000	9.1
[PB Info 2024-Aug-23 22:48:26] ProgressMeter -	chr2:151723000	9.2
[PB Info 2024-Aug-23 22:48:32] ProgressMeter -	chr2:158445000	9.3
[PB Info 2024-Aug-23 22:48:38] ProgressMeter -	chr2:161965000	9.4
[PB Info 2024-Aug-23 22:48:44] ProgressMeter -	chr2:168205000	9.5
[PB Info 2024-Aug-23 22:48:50] ProgressMeter -	chr2:171085000	9.6
[PB Info 2024-Aug-23 22:48:56] ProgressMeter -	chr2:174925000	9.7
[PB Info 2024-Aug-23 22:49:02] ProgressMeter -	chr2:179092000	9.8
[PB Info 2024-Aug-23 22:49:08] ProgressMeter -	chr2:183732000	9.9
[PB Info 2024-Aug-23 22:49:14] ProgressMeter -	chr2:187732000	10.0
[PB Info 2024-Aug-23 22:49:20] ProgressMeter -	chr2:193332000	10.1
[PB Info 2024-Aug-23 22:49:26] ProgressMeter -	chr2:201181000	10.2
[PB Info 2024-Aug-23 22:49:32] ProgressMeter -	chr2:204061000	10.3
[PB Info 2024-Aug-23 22:49:38] ProgressMeter -	chr2:209981000	10.4
[PB Info 2024-Aug-23 22:49:44] ProgressMeter -	chr2:215741000	10.5
[PB Info 2024-Aug-23 22:49:50] ProgressMeter -	chr2:220061000	10.6
[PB Info 2024-Aug-23 22:49:56] ProgressMeter -	chr2:224541000	10.7
[PB Info 2024-Aug-23 22:50:02] ProgressMeter -	chr2:228221000	10.8
[PB Info 2024-Aug-23 22:50:08] ProgressMeter -	chr2:231581000	10.9
[PB Info 2024-Aug-23 22:50:14] ProgressMeter -	chr2:234621000	11.0
[PB Info 2024-Aug-23 22:50:20] ProgressMeter -	chr2:237501000	11.1
[PB Info 2024-Aug-23 22:50:26] ProgressMeter -	chr2:241021000	11.2
[PB Info 2024-Aug-23 22:50:32] ProgressMeter -	chr3:1088000	11.3
[PB Info 2024-Aug-23 22:50:38] ProgressMeter -	chr3:4128000	11.4
[PB Info 2024-Aug-23 22:50:44] ProgressMeter -	chr3:9248000	11.5
[PB Info 2024-Aug-23 22:50:50] ProgressMeter -	chr3:12128000	11.6
[PB Info 2024-Aug-23 22:50:56] ProgressMeter -	chr3:14848000	11.7
[PB Info 2024-Aug-23 22:51:02] ProgressMeter -	chr3:19488000	11.8
[PB Info 2024-Aug-23 22:51:08] ProgressMeter -	chr3:23968000	11.9
[PB Info 2024-Aug-23 22:51:14] ProgressMeter -	chr3:29728000	12.0
[PB Info 2024-Aug-23 22:51:20] ProgressMeter -	chr3:32612000	12.1
[PB Info 2024-Aug-23 22:51:26] ProgressMeter -	chr3:38052000	12.2
[PB Info 2024-Aug-23 22:51:32] ProgressMeter -	chr3:41892000	12.3
[PB Info 2024-Aug-23 22:51:38] ProgressMeter -	chr3:45252000	12.4
[PB Info 2024-Aug-23 22:51:44] ProgressMeter -	chr3:48132000	12.5
[PB Info 2024-Aug-23 22:51:50] ProgressMeter -	chr3:50852000	12.6
[PB Info 2024-Aug-23 22:51:56] ProgressMeter -	chr3:52452000	12.7
[PB Info 2024-Aug-23 22:52:02] ProgressMeter -	chr3:57572000	12.8
[PB Info 2024-Aug-23 22:52:08] ProgressMeter -	chr3:62372000	12.9
[PB Info 2024-Aug-23 22:52:14] ProgressMeter -	chr3:67172000	13.0
[PB Info 2024-Aug-23 22:52:20] ProgressMeter -	chr3:72612000	13.1
[PB Info 2024-Aug-23 22:52:26] ProgressMeter -	chr3:78853000	13.2
[PB Info 2024-Aug-23 22:52:32] ProgressMeter -	chr3:85253000	13.3
[PB Info 2024-Aug-23 22:52:38] ProgressMeter -	chr3:89733000	13.4
[PB Info 2024-Aug-23 22:52:44] ProgressMeter -	chr3:98201000	13.5
[PB Info 2024-Aug-23 22:52:50] ProgressMeter -	chr3:107323000	13.6
[PB Info 2024-Aug-23 22:52:56] ProgressMeter -	chr3:113403000	13.7
[PB Info 2024-Aug-23 22:53:02] ProgressMeter -	chr3:122843000	13.8
[PB Info 2024-Aug-23 22:53:08] ProgressMeter -	chr3:127643000	13.9
[PB Info 2024-Aug-23 22:53:14] ProgressMeter -	chr3:131903000	14.0
[PB Info 2024-Aug-23 22:53:20] ProgressMeter -	chr3:135483000	14.1
[PB Info 2024-Aug-23 22:53:26] ProgressMeter -	chr3:141883000	14.2
[PB Info 2024-Aug-23 22:53:32] ProgressMeter -	chr3:147327000	14.3
[PB Info 2024-Aug-23 22:53:38] ProgressMeter -	chr3:150847000	14.4
[PB Info 2024-Aug-23 22:53:44] ProgressMeter -	chr3:158367000	14.5
[PB Info 2024-Aug-23 22:53:50] ProgressMeter -	chr3:164948000	14.6
[PB Info 2024-Aug-23 22:53:56] ProgressMeter -	chr3:170388000	14.7
[PB Info 2024-Aug-23 22:54:02] ProgressMeter -	chr3:174868000	14.8
[PB Info 2024-Aug-23 22:54:08] ProgressMeter -	chr3:178548000	14.9
[PB Info 2024-Aug-23 22:54:14] ProgressMeter -	chr3:182548000	15.0
[PB Info 2024-Aug-23 22:54:20] ProgressMeter -	chr3:185268000	15.1
[PB Info 2024-Aug-23 22:54:26] ProgressMeter -	chr3:189588000	15.2
[PB Info 2024-Aug-23 22:54:32] ProgressMeter -	chr3:195028000	15.3
[PB Info 2024-Aug-23 22:54:38] ProgressMeter -	chr4:660000	15.4
[PB Info 2024-Aug-23 22:54:44] ProgressMeter -	chr4:4349000	15.5
[PB Info 2024-Aug-23 22:54:50] ProgressMeter -	chr4:9634000	15.6
[PB Info 2024-Aug-23 22:54:56] ProgressMeter -	chr4:19394000	15.7
[PB Info 2024-Aug-23 22:55:02] ProgressMeter -	chr4:27054000	15.8
[PB Info 2024-Aug-23 22:55:08] ProgressMeter -	chr4:33174000	15.9
[PB Info 2024-Aug-23 22:55:14] ProgressMeter -	chr4:39254000	16.0
[PB Info 2024-Aug-23 22:55:20] ProgressMeter -	chr4:41174000	16.1
[PB Info 2024-Aug-23 22:55:26] ProgressMeter -	chr4:47574000	16.2
[PB Info 2024-Aug-23 22:55:32] ProgressMeter -	chr4:52189000	16.3
[PB Info 2024-Aug-23 22:55:38] ProgressMeter -	chr4:56989000	16.4
[PB Info 2024-Aug-23 22:55:44] ProgressMeter -	chr4:61993000	16.5
[PB Info 2024-Aug-23 22:55:50] ProgressMeter -	chr4:66473000	16.6
[PB Info 2024-Aug-23 22:55:56] ProgressMeter -	chr4:71915000	16.7
[PB Info 2024-Aug-23 22:56:02] ProgressMeter -	chr4:75915000	16.8
[PB Info 2024-Aug-23 22:56:08] ProgressMeter -	chr4:81355000	16.9
[PB Info 2024-Aug-23 22:56:14] ProgressMeter -	chr4:84395000	17.0
[PB Info 2024-Aug-23 22:56:20] ProgressMeter -	chr4:90316000	17.1
[PB Info 2024-Aug-23 22:56:26] ProgressMeter -	chr4:94957000	17.2
[PB Info 2024-Aug-23 22:56:32] ProgressMeter -	chr4:100557000	17.3
[PB Info 2024-Aug-23 22:56:38] ProgressMeter -	chr4:105357000	17.4
[PB Info 2024-Aug-23 22:56:44] ProgressMeter -	chr4:108397000	17.5
[PB Info 2024-Aug-23 22:56:50] ProgressMeter -	chr4:113357000	17.6
[PB Info 2024-Aug-23 22:56:56] ProgressMeter -	chr4:119437000	17.7
[PB Info 2024-Aug-23 22:57:02] ProgressMeter -	chr4:123597000	17.8
[PB Info 2024-Aug-23 22:57:08] ProgressMeter -	chr4:128037000	17.9
[PB Info 2024-Aug-23 22:57:14] ProgressMeter -	chr4:134162000	18.0
[PB Info 2024-Aug-23 22:57:20] ProgressMeter -	chr4:139443000	18.1
[PB Info 2024-Aug-23 22:57:26] ProgressMeter -	chr4:147443000	18.2
[PB Info 2024-Aug-23 22:57:32] ProgressMeter -	chr4:156723000	18.3
[PB Info 2024-Aug-23 22:57:38] ProgressMeter -	chr4:165844000	18.4
[PB Info 2024-Aug-23 22:57:44] ProgressMeter -	chr4:174500000	18.5
[PB Info 2024-Aug-23 22:57:50] ProgressMeter -	chr4:180900000	18.6
[PB Info 2024-Aug-23 22:57:56] ProgressMeter -	chr4:185060000	18.7
[PB Info 2024-Aug-23 22:58:02] ProgressMeter -	chr5:215000	18.8
[PB Info 2024-Aug-23 22:58:08] ProgressMeter -	chr5:2298000	18.9
[PB Info 2024-Aug-23 22:58:14] ProgressMeter -	chr5:8538000	19.0
[PB Info 2024-Aug-23 22:58:20] ProgressMeter -	chr5:13498000	19.1
[PB Info 2024-Aug-23 22:58:26] ProgressMeter -	chr5:17018000	19.2
[PB Info 2024-Aug-23 22:58:32] ProgressMeter -	chr5:22509000	19.3
[PB Info 2024-Aug-23 22:58:38] ProgressMeter -	chr5:27470000	19.4
[PB Info 2024-Aug-23 22:58:44] ProgressMeter -	chr5:31790000	19.5
[PB Info 2024-Aug-23 22:58:50] ProgressMeter -	chr5:34990000	19.6
[PB Info 2024-Aug-23 22:58:56] ProgressMeter -	chr5:39470000	19.7
[PB Info 2024-Aug-23 22:59:02] ProgressMeter -	chr5:43470000	19.8
[PB Info 2024-Aug-23 22:59:08] ProgressMeter -	chr5:46729000	19.9
[PB Info 2024-Aug-23 22:59:14] ProgressMeter -	chr5:55430000	20.0
[PB Info 2024-Aug-23 22:59:20] ProgressMeter -	chr5:62959000	20.1
[PB Info 2024-Aug-23 22:59:26] ProgressMeter -	chr5:72042000	20.2
[PB Info 2024-Aug-23 22:59:32] ProgressMeter -	chr5:78762000	20.3
[PB Info 2024-Aug-23 22:59:38] ProgressMeter -	chr5:85168000	20.4
[PB Info 2024-Aug-23 22:59:44] ProgressMeter -	chr5:93648000	20.5
[PB Info 2024-Aug-23 22:59:50] ProgressMeter -	chr5:102930000	20.6
[PB Info 2024-Aug-23 22:59:56] ProgressMeter -	chr5:111253000	20.7
[PB Info 2024-Aug-23 23:00:02] ProgressMeter -	chr5:117653000	20.8
[PB Info 2024-Aug-23 23:00:08] ProgressMeter -	chr5:125393000	20.9
[PB Info 2024-Aug-23 23:00:14] ProgressMeter -	chr5:132213000	21.0
[PB Info 2024-Aug-23 23:00:20] ProgressMeter -	chr5:139253000	21.1
[PB Info 2024-Aug-23 23:00:26] ProgressMeter -	chr5:142613000	21.2
[PB Info 2024-Aug-23 23:00:32] ProgressMeter -	chr5:147093000	21.3
[PB Info 2024-Aug-23 23:00:38] ProgressMeter -	chr5:151253000	21.4
[PB Info 2024-Aug-23 23:00:44] ProgressMeter -	chr5:156053000	21.5
[PB Info 2024-Aug-23 23:00:50] ProgressMeter -	chr5:159733000	21.6
[PB Info 2024-Aug-23 23:00:56] ProgressMeter -	chr5:165173000	21.7
[PB Info 2024-Aug-23 23:01:02] ProgressMeter -	chr5:169333000	21.8
[PB Info 2024-Aug-23 23:01:08] ProgressMeter -	chr5:173173000	21.9
[PB Info 2024-Aug-23 23:01:14] ProgressMeter -	chr5:177013000	22.0
[PB Info 2024-Aug-23 23:01:20] ProgressMeter -	chr5:179255000	22.1
[PB Info 2024-Aug-23 23:01:26] ProgressMeter -	chr6:1468000	22.2
[PB Info 2024-Aug-23 23:01:32] ProgressMeter -	chr6:6748000	22.3
[PB Info 2024-Aug-23 23:01:38] ProgressMeter -	chr6:11708000	22.4
[PB Info 2024-Aug-23 23:01:44] ProgressMeter -	chr6:14588000	22.5
[PB Info 2024-Aug-23 23:01:50] ProgressMeter -	chr6:18428000	22.6
[PB Info 2024-Aug-23 23:01:56] ProgressMeter -	chr6:22589000	22.7
[PB Info 2024-Aug-23 23:02:02] ProgressMeter -	chr6:25949000	22.8
[PB Info 2024-Aug-23 23:02:08] ProgressMeter -	chr6:29717000	22.9
[PB Info 2024-Aug-23 23:02:14] ProgressMeter -	chr6:32470000	23.0
[PB Info 2024-Aug-23 23:02:20] ProgressMeter -	chr6:34566000	23.1
[PB Info 2024-Aug-23 23:02:26] ProgressMeter -	chr6:36808000	23.2
[PB Info 2024-Aug-23 23:02:32] ProgressMeter -	chr6:40328000	23.3
[PB Info 2024-Aug-23 23:02:38] ProgressMeter -	chr6:42168000	23.4
[PB Info 2024-Aug-23 23:02:44] ProgressMeter -	chr6:47368000	23.5
[PB Info 2024-Aug-23 23:02:51] ProgressMeter -	chr6:55535000	23.6
[PB Info 2024-Aug-23 23:02:57] ProgressMeter -	chr6:62675000	23.7
[PB Info 2024-Aug-23 23:03:03] ProgressMeter -	chr6:70196000	23.8
[PB Info 2024-Aug-23 23:03:09] ProgressMeter -	chr6:75636000	23.9
[PB Info 2024-Aug-23 23:03:15] ProgressMeter -	chr6:82586000	24.0
[PB Info 2024-Aug-23 23:03:21] ProgressMeter -	chr6:95755000	24.1
[PB Info 2024-Aug-23 23:03:27] ProgressMeter -	chr6:106660000	24.2
[PB Info 2024-Aug-23 23:03:33] ProgressMeter -	chr6:110500000	24.3
[PB Info 2024-Aug-23 23:03:39] ProgressMeter -	chr6:114820000	24.4
[PB Info 2024-Aug-23 23:03:45] ProgressMeter -	chr6:121540000	24.5
[PB Info 2024-Aug-23 23:03:51] ProgressMeter -	chr6:127620000	24.6
[PB Info 2024-Aug-23 23:03:57] ProgressMeter -	chr6:131781000	24.7
[PB Info 2024-Aug-23 23:04:03] ProgressMeter -	chr6:137061000	24.8
[PB Info 2024-Aug-23 23:04:09] ProgressMeter -	chr6:142501000	24.9
[PB Info 2024-Aug-23 23:04:15] ProgressMeter -	chr6:147781000	25.0
[PB Info 2024-Aug-23 23:04:21] ProgressMeter -	chr6:152584000	25.1
[PB Info 2024-Aug-23 23:04:27] ProgressMeter -	chr6:156905000	25.2
[PB Info 2024-Aug-23 23:04:33] ProgressMeter -	chr6:159785000	25.3
[PB Info 2024-Aug-23 23:04:39] ProgressMeter -	chr6:166837000	25.4
[PB Info 2024-Aug-23 23:04:45] ProgressMeter -	chr6:170567000	25.5
[PB Info 2024-Aug-23 23:04:51] ProgressMeter -	chr7:1877000	25.6
[PB Info 2024-Aug-23 23:04:57] ProgressMeter -	chr7:4177000	25.7
[PB Info 2024-Aug-23 23:05:03] ProgressMeter -	chr7:5861000	25.8
[PB Info 2024-Aug-23 23:05:09] ProgressMeter -	chr7:10104000	25.9
[PB Info 2024-Aug-23 23:05:15] ProgressMeter -	chr7:15944000	26.0
[PB Info 2024-Aug-23 23:05:21] ProgressMeter -	chr7:21704000	26.1
[PB Info 2024-Aug-23 23:05:27] ProgressMeter -	chr7:27305000	26.2
[PB Info 2024-Aug-23 23:05:33] ProgressMeter -	chr7:31466000	26.3
[PB Info 2024-Aug-23 23:05:39] ProgressMeter -	chr7:35787000	26.4
[PB Info 2024-Aug-23 23:05:45] ProgressMeter -	chr7:39907000	26.5
[PB Info 2024-Aug-23 23:05:51] ProgressMeter -	chr7:42747000	26.6
[PB Info 2024-Aug-23 23:05:57] ProgressMeter -	chr7:46507000	26.7
[PB Info 2024-Aug-23 23:06:03] ProgressMeter -	chr7:50987000	26.8
[PB Info 2024-Aug-23 23:06:09] ProgressMeter -	chr7:54917000	26.9
[PB Info 2024-Aug-23 23:06:15] ProgressMeter -	chr7:56837000	27.0
[PB Info 2024-Aug-23 23:06:21] ProgressMeter -	chr7:63061000	27.1
[PB Info 2024-Aug-23 23:06:27] ProgressMeter -	chr7:66185000	27.2
[PB Info 2024-Aug-23 23:06:33] ProgressMeter -	chr7:68745000	27.3
[PB Info 2024-Aug-23 23:06:39] ProgressMeter -	chr7:71785000	27.4
[PB Info 2024-Aug-23 23:06:45] ProgressMeter -	chr7:74417000	27.5
[PB Info 2024-Aug-23 23:06:51] ProgressMeter -	chr7:76420000	27.6
[PB Info 2024-Aug-23 23:06:57] ProgressMeter -	chr7:81942000	27.7
[PB Info 2024-Aug-23 23:07:03] ProgressMeter -	chr7:88822000	27.8
[PB Info 2024-Aug-23 23:07:09] ProgressMeter -	chr7:94583000	27.9
[PB Info 2024-Aug-23 23:07:15] ProgressMeter -	chr7:98745000	28.0
[PB Info 2024-Aug-23 23:07:21] ProgressMeter -	chr7:101465000	28.1
[PB Info 2024-Aug-23 23:07:27] ProgressMeter -	chr7:104996000	28.2
[PB Info 2024-Aug-23 23:07:33] ProgressMeter -	chr7:109796000	28.3
[PB Info 2024-Aug-23 23:07:39] ProgressMeter -	chr7:115882000	28.4
[PB Info 2024-Aug-23 23:07:45] ProgressMeter -	chr7:122924000	28.5
[PB Info 2024-Aug-23 23:07:51] ProgressMeter -	chr7:128364000	28.6
[PB Info 2024-Aug-23 23:07:57] ProgressMeter -	chr7:130924000	28.7
[PB Info 2024-Aug-23 23:08:03] ProgressMeter -	chr7:134616000	28.8
[PB Info 2024-Aug-23 23:08:09] ProgressMeter -	chr7:138776000	28.9
[PB Info 2024-Aug-23 23:08:15] ProgressMeter -	chr7:141816000	29.0
[PB Info 2024-Aug-23 23:08:21] ProgressMeter -	chr7:147654000	29.1
[PB Info 2024-Aug-23 23:08:27] ProgressMeter -	chr7:151494000	29.2
[PB Info 2024-Aug-23 23:08:33] ProgressMeter -	chr7:154534000	29.3
[PB Info 2024-Aug-23 23:08:39] ProgressMeter -	chr7:157414000	29.4
[PB Info 2024-Aug-23 23:08:45] ProgressMeter -	chr8:1346000	29.5
[PB Info 2024-Aug-23 23:08:51] ProgressMeter -	chr8:4010000	29.6
[PB Info 2024-Aug-23 23:08:57] ProgressMeter -	chr8:8985000	29.7
[PB Info 2024-Aug-23 23:09:03] ProgressMeter -	chr8:18329000	29.8
[PB Info 2024-Aug-23 23:09:09] ProgressMeter -	chr8:22809000	29.9
[PB Info 2024-Aug-23 23:09:15] ProgressMeter -	chr8:30169000	30.0
[PB Info 2024-Aug-23 23:09:21] ProgressMeter -	chr8:37228000	30.1
[PB Info 2024-Aug-23 23:09:27] ProgressMeter -	chr8:42672000	30.2
[PB Info 2024-Aug-23 23:09:33] ProgressMeter -	chr8:51260000	30.3
[PB Info 2024-Aug-23 23:09:39] ProgressMeter -	chr8:55420000	30.4
[PB Info 2024-Aug-23 23:09:45] ProgressMeter -	chr8:61660000	30.5
[PB Info 2024-Aug-23 23:09:51] ProgressMeter -	chr8:65980000	30.6
[PB Info 2024-Aug-23 23:09:57] ProgressMeter -	chr8:70780000	30.7
[PB Info 2024-Aug-23 23:10:03] ProgressMeter -	chr8:76384000	30.8
[PB Info 2024-Aug-23 23:10:09] ProgressMeter -	chr8:83264000	30.9
[PB Info 2024-Aug-23 23:10:15] ProgressMeter -	chr8:90738000	31.0
[PB Info 2024-Aug-23 23:10:21] ProgressMeter -	chr8:96018000	31.1
[PB Info 2024-Aug-23 23:10:27] ProgressMeter -	chr8:100338000	31.2
[PB Info 2024-Aug-23 23:10:33] ProgressMeter -	chr8:105938000	31.3
[PB Info 2024-Aug-23 23:10:39] ProgressMeter -	chr8:109618000	31.4
[PB Info 2024-Aug-23 23:10:45] ProgressMeter -	chr8:117298000	31.5
[PB Info 2024-Aug-23 23:10:51] ProgressMeter -	chr8:124178000	31.6
[PB Info 2024-Aug-23 23:10:57] ProgressMeter -	chr8:130903000	31.7
[PB Info 2024-Aug-23 23:11:03] ProgressMeter -	chr8:136663000	31.8
[PB Info 2024-Aug-23 23:11:09] ProgressMeter -	chr8:141463000	31.9
[PB Info 2024-Aug-23 23:11:15] ProgressMeter -	chr8:143843000	32.0
[PB Info 2024-Aug-23 23:11:21] ProgressMeter -	chr9:1035000	32.1
[PB Info 2024-Aug-23 23:11:27] ProgressMeter -	chr9:5835000	32.2
[PB Info 2024-Aug-23 23:11:33] ProgressMeter -	chr9:9675000	32.3
[PB Info 2024-Aug-23 23:11:39] ProgressMeter -	chr9:13995000	32.4
[PB Info 2024-Aug-23 23:11:45] ProgressMeter -	chr9:19115000	32.5
[PB Info 2024-Aug-23 23:11:51] ProgressMeter -	chr9:26480000	32.6
[PB Info 2024-Aug-23 23:11:57] ProgressMeter -	chr9:34000000	32.7
[PB Info 2024-Aug-23 23:12:03] ProgressMeter -	chr9:36080000	32.8
[PB Info 2024-Aug-23 23:12:09] ProgressMeter -	chr9:41812000	32.9
[PB Info 2024-Aug-23 23:12:15] ProgressMeter -	chr9:64113000	33.0
[PB Info 2024-Aug-23 23:12:21] ProgressMeter -	chr9:69146000	33.1
[PB Info 2024-Aug-23 23:12:27] ProgressMeter -	chr9:73182000	33.2
[PB Info 2024-Aug-23 23:12:33] ProgressMeter -	chr9:77203000	33.3
[PB Info 2024-Aug-23 23:12:39] ProgressMeter -	chr9:81503000	33.4
[PB Info 2024-Aug-23 23:12:45] ProgressMeter -	chr9:85203000	33.5
[PB Info 2024-Aug-23 23:12:51] ProgressMeter -	chr9:88564000	33.6
[PB Info 2024-Aug-23 23:12:57] ProgressMeter -	chr9:92244000	33.7
[PB Info 2024-Aug-23 23:13:03] ProgressMeter -	chr9:95764000	33.8
[PB Info 2024-Aug-23 23:13:09] ProgressMeter -	chr9:99284000	33.9
[PB Info 2024-Aug-23 23:13:15] ProgressMeter -	chr9:104404000	34.0
[PB Info 2024-Aug-23 23:13:21] ProgressMeter -	chr9:108244000	34.1
[PB Info 2024-Aug-23 23:13:27] ProgressMeter -	chr9:112244000	34.2
[PB Info 2024-Aug-23 23:13:33] ProgressMeter -	chr9:120428000	34.3
[PB Info 2024-Aug-23 23:13:39] ProgressMeter -	chr9:124908000	34.4
[PB Info 2024-Aug-23 23:13:45] ProgressMeter -	chr9:127948000	34.5
[PB Info 2024-Aug-23 23:13:51] ProgressMeter -	chr9:129869000	34.6
[PB Info 2024-Aug-23 23:13:57] ProgressMeter -	chr9:131789000	34.7
[PB Info 2024-Aug-23 23:14:03] ProgressMeter -	chr9:134510000	34.8
[PB Info 2024-Aug-23 23:14:09] ProgressMeter -	chr9:136430000	34.9
[PB Info 2024-Aug-23 23:14:15] ProgressMeter -	chr10:68000	35.0
[PB Info 2024-Aug-23 23:14:21] ProgressMeter -	chr10:5669000	35.1
[PB Info 2024-Aug-23 23:14:27] ProgressMeter -	chr10:11589000	35.2
[PB Info 2024-Aug-23 23:14:33] ProgressMeter -	chr10:16069000	35.3
[PB Info 2024-Aug-23 23:14:39] ProgressMeter -	chr10:20069000	35.4
[PB Info 2024-Aug-23 23:14:45] ProgressMeter -	chr10:27429000	35.5
[PB Info 2024-Aug-23 23:14:51] ProgressMeter -	chr10:31909000	35.6
[PB Info 2024-Aug-23 23:14:57] ProgressMeter -	chr10:35749000	35.7
[PB Info 2024-Aug-23 23:15:03] ProgressMeter -	chr10:39511000	35.8
[PB Info 2024-Aug-23 23:15:09] ProgressMeter -	chr10:42879000	35.9
[PB Info 2024-Aug-23 23:15:15] ProgressMeter -	chr10:47689000	36.0
[PB Info 2024-Aug-23 23:15:21] ProgressMeter -	chr10:51516000	36.1
[PB Info 2024-Aug-23 23:15:27] ProgressMeter -	chr10:56636000	36.2
[PB Info 2024-Aug-23 23:15:33] ProgressMeter -	chr10:62716000	36.3
[PB Info 2024-Aug-23 23:15:39] ProgressMeter -	chr10:69117000	36.4
[PB Info 2024-Aug-23 23:15:45] ProgressMeter -	chr10:73117000	36.5
[PB Info 2024-Aug-23 23:15:51] ProgressMeter -	chr10:79522000	36.6
[PB Info 2024-Aug-23 23:15:57] ProgressMeter -	chr10:86248000	36.7
[PB Info 2024-Aug-23 23:16:03] ProgressMeter -	chr10:92494000	36.8
[PB Info 2024-Aug-23 23:16:09] ProgressMeter -	chr10:97294000	36.9
[PB Info 2024-Aug-23 23:16:15] ProgressMeter -	chr10:102414000	37.0
[PB Info 2024-Aug-23 23:16:21] ProgressMeter -	chr10:108656000	37.1
[PB Info 2024-Aug-23 23:16:27] ProgressMeter -	chr10:115218000	37.2
[PB Info 2024-Aug-23 23:16:33] ProgressMeter -	chr10:121139000	37.3
[PB Info 2024-Aug-23 23:16:39] ProgressMeter -	chr10:124033000	37.4
[PB Info 2024-Aug-23 23:16:45] ProgressMeter -	chr10:127073000	37.5
[PB Info 2024-Aug-23 23:16:51] ProgressMeter -	chr10:130913000	37.6
[PB Info 2024-Aug-23 23:16:57] ProgressMeter -	chr10:132993000	37.7
[PB Info 2024-Aug-23 23:17:03] ProgressMeter -	chr11:2110000	37.8
[PB Info 2024-Aug-23 23:17:09] ProgressMeter -	chr11:8574000	37.9
[PB Info 2024-Aug-23 23:17:15] ProgressMeter -	chr11:14654000	38.0
[PB Info 2024-Aug-23 23:17:21] ProgressMeter -	chr11:20414000	38.1
[PB Info 2024-Aug-23 23:17:27] ProgressMeter -	chr11:27935000	38.2
[PB Info 2024-Aug-23 23:17:33] ProgressMeter -	chr11:35340000	38.3
[PB Info 2024-Aug-23 23:17:39] ProgressMeter -	chr11:42660000	38.4
[PB Info 2024-Aug-23 23:17:45] ProgressMeter -	chr11:48261000	38.5
[PB Info 2024-Aug-23 23:17:51] ProgressMeter -	chr11:55390000	38.6
[PB Info 2024-Aug-23 23:17:57] ProgressMeter -	chr11:59550000	38.7
[PB Info 2024-Aug-23 23:18:03] ProgressMeter -	chr11:62771000	38.8
[PB Info 2024-Aug-23 23:18:09] ProgressMeter -	chr11:64851000	38.9
[PB Info 2024-Aug-23 23:18:15] ProgressMeter -	chr11:67732000	39.0
[PB Info 2024-Aug-23 23:18:21] ProgressMeter -	chr11:70152000	39.1
[PB Info 2024-Aug-23 23:18:27] ProgressMeter -	chr11:73751000	39.2
[PB Info 2024-Aug-23 23:18:33] ProgressMeter -	chr11:77591000	39.3
[PB Info 2024-Aug-23 23:18:39] ProgressMeter -	chr11:85111000	39.4
[PB Info 2024-Aug-23 23:18:45] ProgressMeter -	chr11:94604000	39.5
[PB Info 2024-Aug-23 23:18:51] ProgressMeter -	chr11:102006000	39.6
[PB Info 2024-Aug-23 23:18:57] ProgressMeter -	chr11:110290000	39.7
[PB Info 2024-Aug-23 23:19:03] ProgressMeter -	chr11:117171000	39.8
[PB Info 2024-Aug-23 23:19:09] ProgressMeter -	chr11:121811000	39.9
[PB Info 2024-Aug-23 23:19:15] ProgressMeter -	chr11:127251000	40.0
[PB Info 2024-Aug-23 23:19:21] ProgressMeter -	chr11:134291000	40.1
[PB Info 2024-Aug-23 23:19:27] ProgressMeter -	chr12:1787000	40.2
[PB Info 2024-Aug-23 23:19:33] ProgressMeter -	chr12:5948000	40.3
[PB Info 2024-Aug-23 23:19:39] ProgressMeter -	chr12:8188000	40.4
[PB Info 2024-Aug-23 23:19:45] ProgressMeter -	chr12:12263000	40.5
[PB Info 2024-Aug-23 23:19:51] ProgressMeter -	chr12:15623000	40.6
[PB Info 2024-Aug-23 23:19:57] ProgressMeter -	chr12:20744000	40.7
[PB Info 2024-Aug-23 23:20:03] ProgressMeter -	chr12:25547000	40.8
[PB Info 2024-Aug-23 23:20:09] ProgressMeter -	chr12:30507000	40.9
[PB Info 2024-Aug-23 23:20:15] ProgressMeter -	chr12:34027000	41.0
[PB Info 2024-Aug-23 23:20:21] ProgressMeter -	chr12:38139000	41.1
[PB Info 2024-Aug-23 23:20:27] ProgressMeter -	chr12:46143000	41.2
[PB Info 2024-Aug-23 23:20:33] ProgressMeter -	chr12:50303000	41.3
[PB Info 2024-Aug-23 23:20:39] ProgressMeter -	chr12:55263000	41.4
[PB Info 2024-Aug-23 23:20:45] ProgressMeter -	chr12:59263000	41.5
[PB Info 2024-Aug-23 23:20:51] ProgressMeter -	chr12:66143000	41.6
[PB Info 2024-Aug-23 23:20:57] ProgressMeter -	chr12:74944000	41.7
[PB Info 2024-Aug-23 23:21:03] ProgressMeter -	chr12:82304000	41.8
[PB Info 2024-Aug-23 23:21:09] ProgressMeter -	chr12:90944000	41.9
[PB Info 2024-Aug-23 23:21:15] ProgressMeter -	chr12:96704000	42.0
[PB Info 2024-Aug-23 23:21:21] ProgressMeter -	chr12:103744000	42.1
[PB Info 2024-Aug-23 23:21:27] ProgressMeter -	chr12:110144000	42.2
[PB Info 2024-Aug-23 23:21:33] ProgressMeter -	chr12:113984000	42.3
[PB Info 2024-Aug-23 23:21:39] ProgressMeter -	chr12:119744000	42.4
[PB Info 2024-Aug-23 23:21:45] ProgressMeter -	chr12:123424000	42.5
[PB Info 2024-Aug-23 23:21:51] ProgressMeter -	chr12:128226000	42.6
[PB Info 2024-Aug-23 23:21:57] ProgressMeter -	chr12:131746000	42.7
[PB Info 2024-Aug-23 23:22:03] ProgressMeter -	chr13:17040000	42.8
[PB Info 2024-Aug-23 23:22:09] ProgressMeter -	chr13:20412000	42.9
[PB Info 2024-Aug-23 23:22:15] ProgressMeter -	chr13:23452000	43.0
[PB Info 2024-Aug-23 23:22:21] ProgressMeter -	chr13:27452000	43.1
[PB Info 2024-Aug-23 23:22:27] ProgressMeter -	chr13:31614000	43.2
[PB Info 2024-Aug-23 23:22:33] ProgressMeter -	chr13:36574000	43.3
[PB Info 2024-Aug-23 23:22:39] ProgressMeter -	chr13:40414000	43.4
[PB Info 2024-Aug-23 23:22:45] ProgressMeter -	chr13:45374000	43.5
[PB Info 2024-Aug-23 23:22:51] ProgressMeter -	chr13:50978000	43.6
[PB Info 2024-Aug-23 23:22:57] ProgressMeter -	chr13:63160000	43.7
[PB Info 2024-Aug-23 23:23:03] ProgressMeter -	chr13:68934000	43.8
[PB Info 2024-Aug-23 23:23:09] ProgressMeter -	chr13:78534000	43.9
[PB Info 2024-Aug-23 23:23:15] ProgressMeter -	chr13:95391000	44.0
[PB Info 2024-Aug-23 23:23:21] ProgressMeter -	chr13:101633000	44.1
[PB Info 2024-Aug-23 23:23:27] ProgressMeter -	chr13:108973000	44.2
[PB Info 2024-Aug-23 23:23:33] ProgressMeter -	chr13:113576000	44.3
[PB Info 2024-Aug-23 23:23:39] ProgressMeter -	chr14:20393000	44.4
[PB Info 2024-Aug-23 23:23:45] ProgressMeter -	chr14:24733000	44.5
[PB Info 2024-Aug-23 23:23:51] ProgressMeter -	chr14:29993000	44.6
[PB Info 2024-Aug-23 23:23:57] ProgressMeter -	chr14:33353000	44.7
[PB Info 2024-Aug-23 23:24:03] ProgressMeter -	chr14:36077000	44.8
[PB Info 2024-Aug-23 23:24:09] ProgressMeter -	chr14:44078000	44.9
[PB Info 2024-Aug-23 23:24:15] ProgressMeter -	chr14:49678000	45.0
[PB Info 2024-Aug-23 23:24:21] ProgressMeter -	chr14:53358000	45.1
[PB Info 2024-Aug-23 23:24:27] ProgressMeter -	chr14:57518000	45.2
[PB Info 2024-Aug-23 23:24:33] ProgressMeter -	chr14:62318000	45.3
[PB Info 2024-Aug-23 23:24:39] ProgressMeter -	chr14:66638000	45.4
[PB Info 2024-Aug-23 23:24:45] ProgressMeter -	chr14:70978000	45.5
[PB Info 2024-Aug-23 23:24:51] ProgressMeter -	chr14:75278000	45.6
[PB Info 2024-Aug-23 23:24:57] ProgressMeter -	chr14:78318000	45.7
[PB Info 2024-Aug-23 23:25:03] ProgressMeter -	chr14:84398000	45.8
[PB Info 2024-Aug-23 23:25:09] ProgressMeter -	chr14:89198000	45.9
[PB Info 2024-Aug-23 23:25:15] ProgressMeter -	chr14:93678000	46.0
[PB Info 2024-Aug-23 23:25:21] ProgressMeter -	chr14:98998000	46.1
[PB Info 2024-Aug-23 23:25:27] ProgressMeter -	chr14:101838000	46.2
[PB Info 2024-Aug-23 23:25:33] ProgressMeter -	chr14:104078000	46.3
[PB Info 2024-Aug-23 23:25:39] ProgressMeter -	chr14:105679000	46.4
[PB Info 2024-Aug-23 23:25:45] ProgressMeter -	chr15:22305000	46.5
[PB Info 2024-Aug-23 23:25:51] ProgressMeter -	chr15:29327000	46.6
[PB Info 2024-Aug-23 23:25:57] ProgressMeter -	chr15:36575000	46.7
[PB Info 2024-Aug-23 23:26:03] ProgressMeter -	chr15:41375000	46.8
[PB Info 2024-Aug-23 23:26:09] ProgressMeter -	chr15:45177000	46.9
[PB Info 2024-Aug-23 23:26:15] ProgressMeter -	chr15:51897000	47.0
[PB Info 2024-Aug-23 23:26:21] ProgressMeter -	chr15:57660000	47.1
[PB Info 2024-Aug-23 23:26:27] ProgressMeter -	chr15:60540000	47.2
[PB Info 2024-Aug-23 23:26:33] ProgressMeter -	chr15:64220000	47.3
[PB Info 2024-Aug-23 23:26:39] ProgressMeter -	chr15:66620000	47.4
[PB Info 2024-Aug-23 23:26:45] ProgressMeter -	chr15:68700000	47.5
[PB Info 2024-Aug-23 23:26:51] ProgressMeter -	chr15:72222000	47.6
[PB Info 2024-Aug-23 23:26:57] ProgressMeter -	chr15:74789000	47.7
[PB Info 2024-Aug-23 23:27:03] ProgressMeter -	chr15:77671000	47.8
[PB Info 2024-Aug-23 23:27:09] ProgressMeter -	chr15:80552000	47.9
[PB Info 2024-Aug-23 23:27:15] ProgressMeter -	chr15:84865000	48.0
[PB Info 2024-Aug-23 23:27:21] ProgressMeter -	chr15:87746000	48.1
[PB Info 2024-Aug-23 23:27:27] ProgressMeter -	chr15:90626000	48.2
[PB Info 2024-Aug-23 23:27:33] ProgressMeter -	chr15:94627000	48.3
[PB Info 2024-Aug-23 23:27:39] ProgressMeter -	chr15:99267000	48.4
[PB Info 2024-Aug-23 23:27:45] ProgressMeter -	chr16:175000	48.5
[PB Info 2024-Aug-23 23:27:51] ProgressMeter -	chr16:2415000	48.6
[PB Info 2024-Aug-23 23:27:57] ProgressMeter -	chr16:4355000	48.7
[PB Info 2024-Aug-23 23:28:03] ProgressMeter -	chr16:6755000	48.8
[PB Info 2024-Aug-23 23:28:09] ProgressMeter -	chr16:9475000	48.9
[PB Info 2024-Aug-23 23:28:15] ProgressMeter -	chr16:12515000	49.0
[PB Info 2024-Aug-23 23:28:21] ProgressMeter -	chr16:15606000	49.1
[PB Info 2024-Aug-23 23:28:27] ProgressMeter -	chr16:19132000	49.2
[PB Info 2024-Aug-23 23:28:33] ProgressMeter -	chr16:23055000	49.3
[PB Info 2024-Aug-23 23:28:39] ProgressMeter -	chr16:26635000	49.4
[PB Info 2024-Aug-23 23:28:45] ProgressMeter -	chr16:29331000	49.5
[PB Info 2024-Aug-23 23:28:51] ProgressMeter -	chr16:31114000	49.6
[PB Info 2024-Aug-23 23:28:57] ProgressMeter -	chr16:34222000	49.7
[PB Info 2024-Aug-23 23:29:03] ProgressMeter -	chr16:47550000	49.8
[PB Info 2024-Aug-23 23:29:09] ProgressMeter -	chr16:50911000	49.9
[PB Info 2024-Aug-23 23:29:15] ProgressMeter -	chr16:55391000	50.0
[PB Info 2024-Aug-23 23:29:21] ProgressMeter -	chr16:58283000	50.1
[PB Info 2024-Aug-23 23:29:27] ProgressMeter -	chr16:63243000	50.2
[PB Info 2024-Aug-23 23:29:33] ProgressMeter -	chr16:67083000	50.3
[PB Info 2024-Aug-23 23:29:39] ProgressMeter -	chr16:69483000	50.4
[PB Info 2024-Aug-23 23:29:45] ProgressMeter -	chr16:73169000	50.5
[PB Info 2024-Aug-23 23:29:51] ProgressMeter -	chr16:76369000	50.6
[PB Info 2024-Aug-23 23:29:57] ProgressMeter -	chr16:80749000	50.7
[PB Info 2024-Aug-23 23:30:03] ProgressMeter -	chr16:84109000	50.8
[PB Info 2024-Aug-23 23:30:09] ProgressMeter -	chr16:86669000	50.9
[PB Info 2024-Aug-23 23:30:15] ProgressMeter -	chr16:89069000	51.0
[PB Info 2024-Aug-23 23:30:21] ProgressMeter -	chr17:715000	51.1
[PB Info 2024-Aug-23 23:30:27] ProgressMeter -	chr17:2476000	51.2
[PB Info 2024-Aug-23 23:30:33] ProgressMeter -	chr17:4716000	51.3
[PB Info 2024-Aug-23 23:30:39] ProgressMeter -	chr17:7276000	51.4
[PB Info 2024-Aug-23 23:30:45] ProgressMeter -	chr17:9516000	51.5
[PB Info 2024-Aug-23 23:30:51] ProgressMeter -	chr17:12236000	51.6
[PB Info 2024-Aug-23 23:30:57] ProgressMeter -	chr17:16237000	51.7
[PB Info 2024-Aug-23 23:31:03] ProgressMeter -	chr17:18966000	51.8
[PB Info 2024-Aug-23 23:31:09] ProgressMeter -	chr17:24978000	51.9
[PB Info 2024-Aug-23 23:31:15] ProgressMeter -	chr17:29870000	52.0
[PB Info 2024-Aug-23 23:31:21] ProgressMeter -	chr17:34836000	52.1
[PB Info 2024-Aug-23 23:31:27] ProgressMeter -	chr17:39789000	52.2
[PB Info 2024-Aug-23 23:31:33] ProgressMeter -	chr17:43653000	52.3
[PB Info 2024-Aug-23 23:31:39] ProgressMeter -	chr17:47523000	52.4
[PB Info 2024-Aug-23 23:31:45] ProgressMeter -	chr17:50723000	52.5
[PB Info 2024-Aug-23 23:31:51] ProgressMeter -	chr17:57143000	52.6
[PB Info 2024-Aug-23 23:31:57] ProgressMeter -	chr17:60023000	52.7
[PB Info 2024-Aug-23 23:32:03] ProgressMeter -	chr17:66269000	52.8
[PB Info 2024-Aug-23 23:32:09] ProgressMeter -	chr17:71210000	52.9
[PB Info 2024-Aug-23 23:32:15] ProgressMeter -	chr17:74270000	53.0
[PB Info 2024-Aug-23 23:32:21] ProgressMeter -	chr17:76810000	53.1
[PB Info 2024-Aug-23 23:32:27] ProgressMeter -	chr17:79390000	53.2
[PB Info 2024-Aug-23 23:32:33] ProgressMeter -	chr17:81610000	53.3
[PB Info 2024-Aug-23 23:32:39] ProgressMeter -	chr18:857000	53.4
[PB Info 2024-Aug-23 23:32:45] ProgressMeter -	chr18:7578000	53.5
[PB Info 2024-Aug-23 23:32:51] ProgressMeter -	chr18:12200000	53.6
[PB Info 2024-Aug-23 23:32:57] ProgressMeter -	chr18:15470000	53.7
[PB Info 2024-Aug-23 23:33:03] ProgressMeter -	chr18:21702000	53.8
[PB Info 2024-Aug-23 23:33:09] ProgressMeter -	chr18:25222000	53.9
[PB Info 2024-Aug-23 23:33:15] ProgressMeter -	chr18:30022000	54.0
[PB Info 2024-Aug-23 23:33:21] ProgressMeter -	chr18:33702000	54.1
[PB Info 2024-Aug-23 23:33:27] ProgressMeter -	chr18:37862000	54.2
[PB Info 2024-Aug-23 23:33:33] ProgressMeter -	chr18:42505000	54.3
[PB Info 2024-Aug-23 23:33:39] ProgressMeter -	chr18:47039000	54.4
[PB Info 2024-Aug-23 23:33:45] ProgressMeter -	chr18:50879000	54.5
[PB Info 2024-Aug-23 23:33:51] ProgressMeter -	chr18:55519000	54.6
[PB Info 2024-Aug-23 23:33:57] ProgressMeter -	chr18:62880000	54.7
[PB Info 2024-Aug-23 23:34:03] ProgressMeter -	chr18:77420000	54.8
[PB Info 2024-Aug-23 23:34:09] ProgressMeter -	chr19:642000	54.9
[PB Info 2024-Aug-23 23:34:15] ProgressMeter -	chr19:3504000	55.0
[PB Info 2024-Aug-23 23:34:21] ProgressMeter -	chr19:5604000	55.1
[PB Info 2024-Aug-23 23:34:27] ProgressMeter -	chr19:8327000	55.2
[PB Info 2024-Aug-23 23:34:33] ProgressMeter -	chr19:10743000	55.3
[PB Info 2024-Aug-23 23:34:39] ProgressMeter -	chr19:12983000	55.4
[PB Info 2024-Aug-23 23:34:45] ProgressMeter -	chr19:14583000	55.5
[PB Info 2024-Aug-23 23:34:51] ProgressMeter -	chr19:16343000	55.6
[PB Info 2024-Aug-23 23:34:57] ProgressMeter -	chr19:18263000	55.7
[PB Info 2024-Aug-23 23:35:03] ProgressMeter -	chr19:20023000	55.8
[PB Info 2024-Aug-23 23:35:09] ProgressMeter -	chr19:22903000	55.9
[PB Info 2024-Aug-23 23:35:15] ProgressMeter -	chr19:28568000	56.0
[PB Info 2024-Aug-23 23:35:21] ProgressMeter -	chr19:31929000	56.1
[PB Info 2024-Aug-23 23:35:27] ProgressMeter -	chr19:34169000	56.2
[PB Info 2024-Aug-23 23:35:33] ProgressMeter -	chr19:36249000	56.3
[PB Info 2024-Aug-23 23:35:39] ProgressMeter -	chr19:38505000	56.4
[PB Info 2024-Aug-23 23:35:45] ProgressMeter -	chr19:40905000	56.5
[PB Info 2024-Aug-23 23:35:51] ProgressMeter -	chr19:45068000	56.6
[PB Info 2024-Aug-23 23:35:57] ProgressMeter -	chr19:47953000	56.7
[PB Info 2024-Aug-23 23:36:03] ProgressMeter -	chr19:50360000	56.8
[PB Info 2024-Aug-23 23:36:09] ProgressMeter -	chr19:52600000	56.9
[PB Info 2024-Aug-23 23:36:15] ProgressMeter -	chr19:54840000	57.0
[PB Info 2024-Aug-23 23:36:21] ProgressMeter -	chr19:56280000	57.1
[PB Info 2024-Aug-23 23:36:27] ProgressMeter -	chr20:911000	57.2
[PB Info 2024-Aug-23 23:36:33] ProgressMeter -	chr20:4751000	57.3
[PB Info 2024-Aug-23 23:36:39] ProgressMeter -	chr20:8111000	57.4
[PB Info 2024-Aug-23 23:36:45] ProgressMeter -	chr20:13891000	57.5
[PB Info 2024-Aug-23 23:36:51] ProgressMeter -	chr20:18211000	57.6
[PB Info 2024-Aug-23 23:36:57] ProgressMeter -	chr20:23811000	57.7
[PB Info 2024-Aug-23 23:37:03] ProgressMeter -	chr20:26828000	57.8
[PB Info 2024-Aug-23 23:37:09] ProgressMeter -	chr20:30111000	57.9
[PB Info 2024-Aug-23 23:37:15] ProgressMeter -	chr20:32370000	58.0
[PB Info 2024-Aug-23 23:37:21] ProgressMeter -	chr20:34790000	58.1
[PB Info 2024-Aug-23 23:37:27] ProgressMeter -	chr20:36210000	58.2
[PB Info 2024-Aug-23 23:37:33] ProgressMeter -	chr20:39430000	58.3
[PB Info 2024-Aug-23 23:37:39] ProgressMeter -	chr20:43110000	58.4
[PB Info 2024-Aug-23 23:37:45] ProgressMeter -	chr20:45351000	58.5
[PB Info 2024-Aug-23 23:37:51] ProgressMeter -	chr20:48871000	58.6
[PB Info 2024-Aug-23 23:37:57] ProgressMeter -	chr20:50791000	58.7
[PB Info 2024-Aug-23 23:38:03] ProgressMeter -	chr20:53671000	58.8
[PB Info 2024-Aug-23 23:38:09] ProgressMeter -	chr20:56071000	58.9
[PB Info 2024-Aug-23 23:38:15] ProgressMeter -	chr20:58191000	59.0
[PB Info 2024-Aug-23 23:38:21] ProgressMeter -	chr20:61671000	59.1
[PB Info 2024-Aug-23 23:38:27] ProgressMeter -	chr20:62871000	59.2
[PB Info 2024-Aug-23 23:38:33] ProgressMeter -	chr21:9097000	59.3
[PB Info 2024-Aug-23 23:38:39] ProgressMeter -	chr21:14053000	59.4
[PB Info 2024-Aug-23 23:38:45] ProgressMeter -	chr21:21254000	59.5
[PB Info 2024-Aug-23 23:38:51] ProgressMeter -	chr21:28294000	59.6
[PB Info 2024-Aug-23 23:38:57] ProgressMeter -	chr21:34214000	59.7
[PB Info 2024-Aug-23 23:39:03] ProgressMeter -	chr21:39118000	59.8
[PB Info 2024-Aug-23 23:39:09] ProgressMeter -	chr21:44890000	59.9
[PB Info 2024-Aug-23 23:39:15] ProgressMeter -	chr22:12525000	60.0
[PB Info 2024-Aug-23 23:39:21] ProgressMeter -	chr22:20118000	60.1
[PB Info 2024-Aug-23 23:39:27] ProgressMeter -	chr22:23999000	60.2
[PB Info 2024-Aug-23 23:39:33] ProgressMeter -	chr22:27359000	60.3
[PB Info 2024-Aug-23 23:39:39] ProgressMeter -	chr22:30719000	60.4
[PB Info 2024-Aug-23 23:39:45] ProgressMeter -	chr22:33599000	60.5
[PB Info 2024-Aug-23 23:39:51] ProgressMeter -	chr22:37122000	60.6
[PB Info 2024-Aug-23 23:39:57] ProgressMeter -	chr22:39682000	60.7
[PB Info 2024-Aug-23 23:40:03] ProgressMeter -	chr22:41922000	60.8
[PB Info 2024-Aug-23 23:40:09] ProgressMeter -	chr22:44164000	60.9
[PB Info 2024-Aug-23 23:40:15] ProgressMeter -	chr22:46724000	61.0
[PB Info 2024-Aug-23 23:40:21] ProgressMeter -	chr22:49924000	61.1
[PB Info 2024-Aug-23 23:40:27] ProgressMeter -	chrX:1041000	61.2
[PB Info 2024-Aug-23 23:40:33] ProgressMeter -	chrX:2828000	61.3
[PB Info 2024-Aug-23 23:40:39] ProgressMeter -	chrX:8627000	61.4
[PB Info 2024-Aug-23 23:40:45] ProgressMeter -	chrX:20311000	61.5
[PB Info 2024-Aug-23 23:40:51] ProgressMeter -	chrX:40031000	61.6
[PB Info 2024-Aug-23 23:40:57] ProgressMeter -	chrX:55039000	61.7
[PB Info 2024-Aug-23 23:41:03] ProgressMeter -	chrX:75470000	61.8
[PB Info 2024-Aug-23 23:41:09] ProgressMeter -	chrX:90036000	61.9
[PB Info 2024-Aug-23 23:41:15] ProgressMeter -	chrX:100276000	62.0
[PB Info 2024-Aug-23 23:41:21] ProgressMeter -	chrX:110256000	62.1
[PB Info 2024-Aug-23 23:41:27] ProgressMeter -	chrX:118746000	62.2
[PB Info 2024-Aug-23 23:41:33] ProgressMeter -	chrX:126903000	62.3
[PB Info 2024-Aug-23 23:41:39] ProgressMeter -	chrX:134763000	62.4
[PB Info 2024-Aug-23 23:41:45] ProgressMeter -	chrX:142765000	62.5
[PB Info 2024-Aug-23 23:41:51] ProgressMeter -	chrX:150538000	62.6
[PB Info 2024-Aug-23 23:41:57] ProgressMeter -	chrX:155909000	62.7
[PB Info 2024-Aug-23 23:42:04] Deepsomatic is finished, total time is 3769.883 seconds
[PB Info 2024-Aug-23 23:42:04] ------------------------------------------------------------------------------
[PB Info 2024-Aug-23 23:42:04] ||        Program:                                       deepsomatic        ||
[PB Info 2024-Aug-23 23:42:04] ||        Version:                                           4.3.1-1        ||
[PB Info 2024-Aug-23 23:42:04] ||        Start Time:                       Fri Aug 23 22:39:13 2024        ||
[PB Info 2024-Aug-23 23:42:04] ||        End Time:                         Fri Aug 23 23:42:04 2024        ||
[PB Info 2024-Aug-23 23:42:04] ||        Total Time:                          62 minutes 51 seconds        ||
[PB Info 2024-Aug-23 23:42:04] ------------------------------------------------------------------------------
Please visit https://docs.nvidia.com/clara/#parabricks for detailed documentation

