Fri Aug 23 22:11:08 EDT 2024
c0901a-s29.ufhpc
/blue/vendor-nvidia/hju/PB_training_Dungan
INFO:    underlay of /etc/localtime required more than 50 (79) bind mounts
INFO:    underlay of /usr/bin/nvidia-smi required more than 50 (373) bind mounts
[PB Info 2024-Aug-23 22:11:34] ------------------------------------------------------------------------------
[PB Info 2024-Aug-23 22:11:34] ||                 Parabricks accelerated Genomics Pipeline                 ||
[PB Info 2024-Aug-23 22:11:34] ||                              Version 4.3.1-1                             ||
[PB Info 2024-Aug-23 22:11:34] ||                             GPU-GATK4 mutect                             ||
[PB Info 2024-Aug-23 22:11:34] ------------------------------------------------------------------------------
[PB Info 2024-Aug-23 22:11:49] ProgressMeter -	Current-Locus	Elapsed-Minutes	Regions-Processed	Regions/Minute
[PB Info 2024-Aug-23 22:11:59] chr1:22305570	0.2	99691	598146
[PB Info 2024-Aug-23 22:12:09] chr1:39225565	0.3	174984	524952
[PB Info 2024-Aug-23 22:12:19] chr1:55559871	0.5	246458	492916
[PB Info 2024-Aug-23 22:12:29] chr1:76199839	0.7	333909	500864
[PB Info 2024-Aug-23 22:12:39] chr1:93331057	0.8	407734	489281
[PB Info 2024-Aug-23 22:12:49] chr1:110006252	1.0	478144	478144
[PB Info 2024-Aug-23 22:12:59] chr1:123801472	1.2	543556	465905
[PB Info 2024-Aug-23 22:13:09] chr1:150662222	1.3	588816	441612
[PB Info 2024-Aug-23 22:13:19] chr1:168211132	1.5	665782	443855
[PB Info 2024-Aug-23 22:13:29] chr1:184291043	1.7	735062	441037
[PB Info 2024-Aug-23 22:13:39] chr1:200356688	1.8	803539	438294
[PB Info 2024-Aug-23 22:13:49] chr1:217670205	2.0	878785	439392
[PB Info 2024-Aug-23 22:13:59] chr1:235175941	2.2	954261	440428
[PB Info 2024-Aug-23 22:14:09] chr2:3126693	2.3	1029122	441048
[PB Info 2024-Aug-23 22:14:19] chr2:21590207	2.5	1107913	443165
[PB Info 2024-Aug-23 22:14:29] chr2:38692626	2.7	1181852	443194
[PB Info 2024-Aug-23 22:14:39] chr2:55905353	2.8	1256268	443389
[PB Info 2024-Aug-23 22:14:49] chr2:73876629	3.0	1333252	444417
[PB Info 2024-Aug-23 22:14:59] chr2:91847711	3.2	1406881	444278
[PB Info 2024-Aug-23 22:15:09] chr2:103396665	3.3	1462397	438718
[PB Info 2024-Aug-23 22:15:19] chr2:123935933	3.5	1549842	442812
[PB Info 2024-Aug-23 22:15:29] chr2:142142160	3.7	1628187	444051
[PB Info 2024-Aug-23 22:15:39] chr2:160190258	3.8	1704657	444693
[PB Info 2024-Aug-23 22:15:49] chr2:175401372	4.0	1770381	442595
[PB Info 2024-Aug-23 22:15:59] chr2:191039720	4.2	1837399	440976
[PB Info 2024-Aug-23 22:16:09] chr2:210134159	4.3	1919333	442923
[PB Info 2024-Aug-23 22:16:19] chr2:227706987	4.5	1995061	443347
[PB Info 2024-Aug-23 22:16:29] chr3:1267021	4.7	2064644	442424
[PB Info 2024-Aug-23 22:16:39] chr3:17582277	4.8	2135351	441797
[PB Info 2024-Aug-23 22:16:49] chr3:33830313	5.0	2204818	440964
[PB Info 2024-Aug-23 22:16:59] chr3:49497476	5.2	2272590	439856
[PB Info 2024-Aug-23 22:17:09] chr3:67204575	5.3	2348958	440430
[PB Info 2024-Aug-23 22:17:19] chr3:84652735	5.5	2423417	440621
[PB Info 2024-Aug-23 22:17:29] chr3:100881410	5.7	2493882	440097
[PB Info 2024-Aug-23 22:17:39] chr3:120225364	5.8	2575594	441530
[PB Info 2024-Aug-23 22:17:49] chr3:136070335	6.0	2644109	440685
[PB Info 2024-Aug-23 22:17:59] chr3:150494242	6.2	2706450	438884
[PB Info 2024-Aug-23 22:18:09] chr3:166943974	6.3	2776445	438386
[PB Info 2024-Aug-23 22:18:19] chr3:183014148	6.5	2845563	437779
[PB Info 2024-Aug-23 22:18:29] chr4:1367992	6.7	2919477	437922
[PB Info 2024-Aug-23 22:18:39] chr4:21689025	6.8	3006431	439964
[PB Info 2024-Aug-23 22:18:49] chr4:40118181	7.0	3085239	440748
[PB Info 2024-Aug-23 22:18:59] chr4:52660559	7.2	3139904	438126
[PB Info 2024-Aug-23 22:19:09] chr4:70996544	7.3	3218358	438867
[PB Info 2024-Aug-23 22:19:19] chr4:87182272	7.5	3287505	438334
[PB Info 2024-Aug-23 22:19:29] chr4:102119725	7.7	3351341	437131
[PB Info 2024-Aug-23 22:19:39] chr4:117883118	7.8	3418959	436463
[PB Info 2024-Aug-23 22:19:49] chr4:133703791	8.0	3486943	435868
[PB Info 2024-Aug-23 22:19:59] chr4:153964584	8.2	3572697	437473
[PB Info 2024-Aug-23 22:20:09] chr4:173731135	8.3	3656326	438759
[PB Info 2024-Aug-23 22:20:19] chr5:1631999	8.5	3735708	439495
[PB Info 2024-Aug-23 22:20:29] chr5:14265427	8.7	3790749	437394
[PB Info 2024-Aug-23 22:20:39] chr5:29270356	8.8	3855864	436513
[PB Info 2024-Aug-23 22:20:49] chr5:43463866	9.0	3917475	435275
[PB Info 2024-Aug-23 22:20:59] chr5:60988796	9.2	3984533	434676
[PB Info 2024-Aug-23 22:21:09] chr5:81710112	9.3	4071772	436261
[PB Info 2024-Aug-23 22:21:19] chr5:101169457	9.5	4153553	437216
[PB Info 2024-Aug-23 22:21:29] chr5:120551938	9.7	4235031	438107
[PB Info 2024-Aug-23 22:21:39] chr5:139502320	9.8	4315557	438870
[PB Info 2024-Aug-23 22:21:49] chr5:155644547	10.0	4384801	438480
[PB Info 2024-Aug-23 22:21:59] chr5:170822377	10.2	4449769	437682
[PB Info 2024-Aug-23 22:22:09] chr6:4684697	10.3	4521605	437575
[PB Info 2024-Aug-23 22:22:19] chr6:20452712	10.5	4598255	437929
[PB Info 2024-Aug-23 22:22:29] chr6:38548639	10.7	4690400	439725
[PB Info 2024-Aug-23 22:22:39] chr6:62279976	10.8	4798058	442898
[PB Info 2024-Aug-23 22:22:49] chr6:78964753	11.0	4868982	442635
[PB Info 2024-Aug-23 22:22:59] chr6:101639882	11.2	4963813	444521
[PB Info 2024-Aug-23 22:23:09] chr6:119486173	11.3	5039676	444677
[PB Info 2024-Aug-23 22:23:19] chr6:136425356	11.5	5111907	444514
[PB Info 2024-Aug-23 22:23:29] chr6:153676592	11.7	5185461	444468
[PB Info 2024-Aug-23 22:23:39] chr7:230334	11.8	5260485	444548
[PB Info 2024-Aug-23 22:23:49] chr7:14222163	12.0	5322840	443570
[PB Info 2024-Aug-23 22:23:59] chr7:32467065	12.2	5400872	443907
[PB Info 2024-Aug-23 22:24:09] chr7:48436787	12.3	5469770	443495
[PB Info 2024-Aug-23 22:24:19] chr7:65102384	12.5	5545203	443616
[PB Info 2024-Aug-23 22:24:29] chr7:79675038	12.7	5612520	443094
[PB Info 2024-Aug-23 22:24:39] chr7:91420588	12.8	5663053	441277
[PB Info 2024-Aug-23 22:24:49] chr7:104433524	13.0	5721558	440120
[PB Info 2024-Aug-23 22:24:59] chr7:116447796	13.2	5773643	438505
[PB Info 2024-Aug-23 22:25:09] chr7:130531153	13.3	5834735	437605
[PB Info 2024-Aug-23 22:25:19] chr7:143327907	13.5	5891507	436408
[PB Info 2024-Aug-23 22:25:29] chr7:154252560	13.7	5940679	434684
[PB Info 2024-Aug-23 22:25:39] chr8:9043030	13.8	6004737	434077
[PB Info 2024-Aug-23 22:25:49] chr8:28147270	14.0	6087310	434807
[PB Info 2024-Aug-23 22:25:59] chr8:48014274	14.2	6172070	435676
[PB Info 2024-Aug-23 22:26:09] chr8:64555069	14.3	6241952	435485
[PB Info 2024-Aug-23 22:26:19] chr8:81100537	14.5	6312419	435339
[PB Info 2024-Aug-23 22:26:29] chr8:98491025	14.7	6386297	435429
[PB Info 2024-Aug-23 22:26:39] chr8:112574289	14.8	6446582	434601
[PB Info 2024-Aug-23 22:26:49] chr8:124847945	15.0	6499604	433307
[PB Info 2024-Aug-23 22:26:59] chr8:135921375	15.2	6547647	431713
[PB Info 2024-Aug-23 22:27:09] chr9:2543876	15.3	6599897	430428
[PB Info 2024-Aug-23 22:27:19] chr9:16214147	15.5	6658940	429609
[PB Info 2024-Aug-23 22:27:29] chr9:35313581	15.7	6739901	430206
[PB Info 2024-Aug-23 22:27:39] chr9:71126154	15.8	6837884	431866
[PB Info 2024-Aug-23 22:27:49] chr9:86899012	16.0	6905848	431616
[PB Info 2024-Aug-23 22:27:59] chr9:102436661	16.2	6973417	431345
[PB Info 2024-Aug-23 22:28:09] chr9:119327925	16.3	7045900	431382
[PB Info 2024-Aug-23 22:28:19] chr9:135513390	16.5	7117991	431393
[PB Info 2024-Aug-23 22:28:29] chr10:15138970	16.7	7197375	431842
[PB Info 2024-Aug-23 22:28:39] chr10:33518122	16.8	7276791	432285
[PB Info 2024-Aug-23 22:28:49] chr10:44889577	17.0	7330143	431185
[PB Info 2024-Aug-23 22:28:59] chr10:64492582	17.2	7414522	431914
[PB Info 2024-Aug-23 22:29:09] chr10:84148530	17.3	7498576	432610
[PB Info 2024-Aug-23 22:29:19] chr10:103555110	17.5	7582143	433265
[PB Info 2024-Aug-23 22:29:29] chr10:122121342	17.7	7661582	433674
[PB Info 2024-Aug-23 22:29:39] chr11:4958362	17.8	7734636	433718
[PB Info 2024-Aug-23 22:29:49] chr11:24513391	18.0	7817905	434328
[PB Info 2024-Aug-23 22:29:59] chr11:43958366	18.2	7900433	434886
[PB Info 2024-Aug-23 22:30:09] chr11:62678344	18.3	7986621	435634
[PB Info 2024-Aug-23 22:30:19] chr11:79555200	18.5	8061330	435748
[PB Info 2024-Aug-23 22:30:29] chr11:99719992	18.7	8146413	436415
[PB Info 2024-Aug-23 22:30:39] chr11:119361310	18.8	8230246	437004
[PB Info 2024-Aug-23 22:30:49] chr12:3623848	19.0	8313436	437549
[PB Info 2024-Aug-23 22:30:59] chr12:17899172	19.2	8376788	437050
[PB Info 2024-Aug-23 22:31:09] chr12:32611090	19.3	8440986	436603
[PB Info 2024-Aug-23 22:31:19] chr12:53745532	19.5	8536254	437757
[PB Info 2024-Aug-23 22:31:29] chr12:74010908	19.7	8622839	438449
[PB Info 2024-Aug-23 22:31:39] chr12:94031843	19.8	8707248	439021
[PB Info 2024-Aug-23 22:31:49] chr12:113658880	20.0	8791798	439590
[PB Info 2024-Aug-23 22:31:59] chr13:16108622	20.2	8879235	440293
[PB Info 2024-Aug-23 22:32:09] chr13:32587048	20.3	8958433	440579
[PB Info 2024-Aug-23 22:32:19] chr13:45897327	20.5	9016186	439814
[PB Info 2024-Aug-23 22:32:29] chr13:67723991	20.7	9107043	440663
[PB Info 2024-Aug-23 22:32:39] chr13:89855862	20.8	9200202	441610
[PB Info 2024-Aug-23 22:32:49] chr13:110860547	21.0	9289424	442354
[PB Info 2024-Aug-23 22:32:59] chr14:29755142	21.2	9358132	442116
[PB Info 2024-Aug-23 22:33:09] chr14:47495718	21.3	9434296	442232
[PB Info 2024-Aug-23 22:33:19] chr14:62923109	21.5	9501364	441924
[PB Info 2024-Aug-23 22:33:29] chr14:79478243	21.7	9573676	441862
[PB Info 2024-Aug-23 22:33:39] chr14:91458925	21.8	9625621	440868
[PB Info 2024-Aug-23 22:33:49] chr14:104438307	22.0	9683001	440136
[PB Info 2024-Aug-23 22:33:59] chr15:35999939	22.2	9775805	441014
[PB Info 2024-Aug-23 22:34:09] chr15:54743977	22.3	9856209	441323
[PB Info 2024-Aug-23 22:34:19] chr15:70593480	22.5	9926430	441175
[PB Info 2024-Aug-23 22:34:29] chr15:87988768	22.7	10002386	441282
[PB Info 2024-Aug-23 22:34:39] chr15:101697471	22.8	10062711	440703
[PB Info 2024-Aug-23 22:34:49] chr16:13972789	23.0	10127925	440345
[PB Info 2024-Aug-23 22:34:59] chr16:27695765	23.2	10190697	439886
[PB Info 2024-Aug-23 22:35:09] chr16:50529456	23.3	10257224	439595
[PB Info 2024-Aug-23 22:35:19] chr16:73051135	23.5	10364404	441038
[PB Info 2024-Aug-23 22:35:29] chr17:1358270	23.7	10458350	441902
[PB Info 2024-Aug-23 22:35:39] chr17:17855716	23.8	10532593	441927
[PB Info 2024-Aug-23 22:35:49] chr17:40348793	24.0	10631351	442973
[PB Info 2024-Aug-23 22:35:59] chr17:59798113	24.2	10716750	443452
[PB Info 2024-Aug-23 22:36:09] chr17:75038288	24.3	10784210	443187
[PB Info 2024-Aug-23 22:36:19] chr18:5706976	24.5	10846645	442720
[PB Info 2024-Aug-23 22:36:29] chr18:23956581	24.7	10931706	443177
[PB Info 2024-Aug-23 22:36:39] chr18:39604668	24.8	10998993	442912
[PB Info 2024-Aug-23 22:36:49] chr18:55055805	25.0	11065621	442625
[PB Info 2024-Aug-23 22:36:59] chr18:76823842	25.2	11158116	443369
[PB Info 2024-Aug-23 22:37:09] chr19:15460801	25.3	11246362	443935
[PB Info 2024-Aug-23 22:37:19] chr19:31756592	25.5	11309015	443491
[PB Info 2024-Aug-23 22:37:29] chr19:48964589	25.7	11387676	443676
[PB Info 2024-Aug-23 22:37:39] chr20:7190205	25.8	11464342	443781
[PB Info 2024-Aug-23 22:37:49] chr20:24820632	26.0	11539352	443821
[PB Info 2024-Aug-23 22:37:59] chr20:39196624	26.2	11606814	443573
[PB Info 2024-Aug-23 22:38:09] chr20:54959840	26.3	11676472	443410
[PB Info 2024-Aug-23 22:38:19] chr21:10334389	26.5	11733458	442772
[PB Info 2024-Aug-23 22:38:29] chr21:31631937	26.7	11817320	443150
[PB Info 2024-Aug-23 22:38:39] chr22:15403174	26.8	11895007	443292
[PB Info 2024-Aug-23 22:38:49] chr22:30547044	27.0	11964421	443127
[PB Info 2024-Aug-23 22:38:59] chr22:43958245	27.2	12025740	442665
[PB Info 2024-Aug-23 22:39:09] chrX:11529449	27.3	12112710	443148
[PB Info 2024-Aug-23 22:39:19] chrX:46819004	27.5	12269543	446165
[PB Info 2024-Aug-23 22:39:29] chrX:86966381	27.7	12441434	449690
[PB Info 2024-Aug-23 22:39:39] chrX:117537385	27.8	12577011	451869
[PB Info 2024-Aug-23 22:39:49] chrX:147685801	28.0	12712346	454012
[PB Info 2024-Aug-23 22:39:59] chr14_GL000009v2_random:153468	28.2	12799955	454436
[PB Info 2024-Aug-23 22:40:09] chrUn_KI270438v1:105402	28.3	12826767	452709
[PB Info 2024-Aug-23 22:40:19] chrUn_GL000218v1:115089	28.5	12848398	450821
[PB Info 2024-Aug-23 22:40:29] chrUn_JTFH01000151v1_decoy:2884	28.7	12858545	448554
[PB Info 2024-Aug-23 22:40:39] chrUn_JTFH01001628v1_decoy:1098	28.8	12868935	446321
[PB Info 2024-Aug-23 22:40:49] Total time taken: 1742.833761
[PB Info 2024-Aug-23 22:40:52] ------------------------------------------------------------------------------
[PB Info 2024-Aug-23 22:40:52] ||        Program:                                  GPU-GATK4 mutect        ||
[PB Info 2024-Aug-23 22:40:52] ||        Version:                                           4.3.1-1        ||
[PB Info 2024-Aug-23 22:40:52] ||        Start Time:                       Fri Aug 23 22:11:34 2024        ||
[PB Info 2024-Aug-23 22:40:52] ||        End Time:                         Fri Aug 23 22:40:52 2024        ||
[PB Info 2024-Aug-23 22:40:52] ||        Total Time:                          29 minutes 18 seconds        ||
[PB Info 2024-Aug-23 22:40:52] ------------------------------------------------------------------------------
/usr/local/parabricks/binaries/bin/mutect /blue/vendor-nvidia/hju/PB_training_Dungan/GRCh38.d1.vd1.fa /blue/vendor-nvidia/hju/PB_training_Dungan/SRR7890824-WGS_FD_T.bam 4 -o /blue/vendor-nvidia/hju/PB_training_Dungan/SRR7890824-SRR7890827-WGS_FD_mutect2.vcf -tumorsample sm_SRR7890824 -nt 5 -normalbam /blue/vendor-nvidia/hju/PB_training_Dungan/SRR7890827-WGS_FD_N.bam -normalsample sm_SRR7890827 -tumorbqsr /blue/vendor-nvidia/hju/PB_training_Dungan/SRR7890824-WGS_FD_T_BQSR_REPORT.txt -normalbqsr /blue/vendor-nvidia/hju/PB_training_Dungan/SRR7890827-WGS_FD_N_BQSR_REPORT.txt -max-mnp-distance 1
Variant caller done, total time: 29.7 min
Please visit https://docs.nvidia.com/clara/#parabricks for detailed documentation

