Mon Apr 17 22:43:50 EDT 2023
c0706a-s3.ufhpc
/home/hju/monai_uf_tutorials/AI4HEALTH_workshop/label/pathology
--2023-04-17 22:43:50--  https://demo.kitware.com/histomicstk/api/v1/item/5d5c07509114c049342b66f8/download
Resolving demo.kitware.com (demo.kitware.com)... 216.136.40.54
Connecting to demo.kitware.com (demo.kitware.com)|216.136.40.54|:443... connected.
HTTP request sent, awaiting response... 200 OK
Length: 63847265 (61M) [application/octet-stream]
Saving to: ‘/blue/vendor-nvidia/hju/monailabel_samples/datasets/pathology/JP2K-33003-1.svs’

     0K .......... .......... .......... .......... ..........  0%  593K 1m45s
    50K .......... .......... .......... .......... ..........  0% 1.16M 79s
   100K .......... .......... .......... .......... ..........  0% 28.2M 53s
   150K .......... .......... .......... .......... ..........  0% 1.29M 52s
   200K .......... .......... .......... .......... ..........  0% 9.06M 43s
   250K .......... .......... .......... .......... ..........  0% 92.1M 36s
   300K .......... .......... .......... .......... ..........  0%  128M 31s
   350K .......... .......... .......... .......... ..........  0% 5.23M 28s
   400K .......... .......... .......... .......... ..........  0% 1.65M 29s
   450K .......... .......... .......... .......... ..........  0% 47.7M 26s
   500K .......... .......... .......... .......... ..........  0% 28.5M 24s
   550K .......... .......... .......... .......... ..........  0%  110M 22s
   600K .......... .......... .......... .......... ..........  1%  107M 20s
   650K .......... .......... .......... .......... ..........  1% 90.5M 19s
   700K .......... .......... .......... .......... ..........  1%  136M 18s
   750K .......... .......... .......... .......... ..........  1% 5.72M 17s
   800K .......... .......... .......... .......... ..........  1% 1.85M 18s
   850K .......... .......... .......... .......... ..........  1% 17.5M 17s
   900K .......... .......... .......... .......... ..........  1% 80.1M 16s
   950K .......... .......... .......... .......... ..........  1% 83.3M 16s
  1000K .......... .......... .......... .......... ..........  1% 43.7M 15s
  1050K .......... .......... .......... .......... ..........  1% 86.3M 14s
  1100K .......... .......... .......... .......... ..........  1% 96.2M 14s
  1150K .......... .......... .......... .......... ..........  1% 87.1M 13s
  1200K .......... .......... .......... .......... ..........  2%  114M 13s
  1250K .......... .......... .......... .......... ..........  2% 97.3M 12s
  1300K .......... .......... .......... .......... ..........  2%  121M 12s
  1350K .......... .......... .......... .......... ..........  2%  120M 11s
  1400K .......... .......... .......... .......... ..........  2%  132M 11s
  1450K .......... .......... .......... .......... ..........  2% 59.1M 11s
  1500K .......... .......... .......... .......... ..........  2% 68.9M 10s
  1550K .......... .......... .......... .......... ..........  2% 8.53M 10s
  1600K .......... .......... .......... .......... ..........  2%  149M 10s
  1650K .......... .......... .......... .......... ..........  2% 1.87M 10s
  1700K .......... .......... .......... .......... ..........  2% 19.0M 10s
  1750K .......... .......... .......... .......... ..........  2% 88.4M 10s
  1800K .......... .......... .......... .......... ..........  2% 81.9M 10s
  1850K .......... .......... .......... .......... ..........  3%  116M 9s
  1900K .......... .......... .......... .......... ..........  3% 80.9M 9s
  1950K .......... .......... .......... .......... ..........  3% 88.1M 9s
  2000K .......... .......... .......... .......... ..........  3% 81.9M 9s
  2050K .......... .......... .......... .......... ..........  3% 11.9M 9s
  2100K .......... .......... .......... .......... ..........  3%  172M 8s
  2150K .......... .......... .......... .......... ..........  3%  168M 8s
  2200K .......... .......... .......... .......... ..........  3%  161M 8s
  2250K .......... .......... .......... .......... ..........  3%  184M 8s
  2300K .......... .......... .......... .......... ..........  3%  153M 8s
  2350K .......... .......... .......... .......... ..........  3%  163M 8s
  2400K .......... .......... .......... .......... ..........  3%  198M 7s
  2450K .......... .......... .......... .......... ..........  4%  201M 7s
  2500K .......... .......... .......... .......... ..........  4%  157M 7s
  2550K .......... .......... .......... .......... ..........  4%  178M 7s
  2600K .......... .......... .......... .......... ..........  4%  189M 7s
  2650K .......... .......... .......... .......... ..........  4%  167M 7s
  2700K .......... .......... .......... .......... ..........  4%  154M 7s
  2750K .......... .......... .......... .......... ..........  4%  170M 7s
  2800K .......... .......... .......... .......... ..........  4%  171M 6s
  2850K .......... .......... .......... .......... ..........  4%  183M 6s
  2900K .......... .......... .......... .......... ..........  4%  148M 6s
  2950K .......... .......... .......... .......... ..........  4%  179M 6s
  3000K .......... .......... .......... .......... ..........  4%  164M 6s
  3050K .......... .......... .......... .......... ..........  4%  138M 6s
  3100K .......... .......... .......... .......... ..........  5%  118M 6s
  3150K .......... .......... .......... .......... ..........  5% 81.9M 6s
  3200K .......... .......... .......... .......... ..........  5%  120M 6s
  3250K .......... .......... .......... .......... ..........  5%  102M 6s
  3300K .......... .......... .......... .......... ..........  5% 2.00M 6s
  3350K .......... .......... .......... .......... ..........  5% 21.2M 6s
  3400K .......... .......... .......... .......... ..........  5% 71.1M 6s
  3450K .......... .......... .......... .......... ..........  5%  129M 6s
  3500K .......... .......... .......... .......... ..........  5%  111M 6s
  3550K .......... .......... .......... .......... ..........  5%  137M 6s
  3600K .......... .......... .......... .......... ..........  5%  114M 5s
  3650K .......... .......... .......... .......... ..........  5%  111M 5s
  3700K .......... .......... .......... .......... ..........  6% 55.1M 5s
  3750K .......... .......... .......... .......... ..........  6% 55.8M 5s
  3800K .......... .......... .......... .......... ..........  6% 81.5M 5s
  3850K .......... .......... .......... .......... ..........  6%  121M 5s
  3900K .......... .......... .......... .......... ..........  6%  110M 5s
  3950K .......... .......... .......... .......... ..........  6%  166M 5s
  4000K .......... .......... .......... .......... ..........  6%  142M 5s
  4050K .......... .......... .......... .......... ..........  6% 37.3M 5s
  4100K .......... .......... .......... .......... ..........  6%  115M 5s
  4150K .......... .......... .......... .......... ..........  6%  125M 5s
  4200K .......... .......... .......... .......... ..........  6%  102M 5s
  4250K .......... .......... .......... .......... ..........  6% 90.2M 5s
  4300K .......... .......... .......... .......... ..........  6% 82.0M 5s
  4350K .......... .......... .......... .......... ..........  7% 64.3M 5s
  4400K .......... .......... .......... .......... ..........  7% 57.8M 5s
  4450K .......... .......... .......... .......... ..........  7%  109M 4s
  4500K .......... .......... .......... .......... ..........  7% 88.2M 4s
  4550K .......... .......... .......... .......... ..........  7% 80.3M 4s
  4600K .......... .......... .......... .......... ..........  7%  126M 4s
  4650K .......... .......... .......... .......... ..........  7%  150M 4s
  4700K .......... .......... .......... .......... ..........  7%  132M 4s
  4750K .......... .......... .......... .......... ..........  7% 95.1M 4s
  4800K .......... .......... .......... .......... ..........  7% 88.9M 4s
  4850K .......... .......... .......... .......... ..........  7%  145M 4s
  4900K .......... .......... .......... .......... ..........  7%  116M 4s
  4950K .......... .......... .......... .......... ..........  8%  126M 4s
  5000K .......... .......... .......... .......... ..........  8%  114M 4s
  5050K .......... .......... .......... .......... ..........  8%  124M 4s
  5100K .......... .......... .......... .......... ..........  8%  112M 4s
  5150K .......... .......... .......... .......... ..........  8% 86.3M 4s
  5200K .......... .......... .......... .......... ..........  8% 59.0M 4s
  5250K .......... .......... .......... .......... ..........  8% 60.5M 4s
  5300K .......... .......... .......... .......... ..........  8% 2.48M 4s
  5350K .......... .......... .......... .......... ..........  8% 19.3M 4s
  5400K .......... .......... .......... .......... ..........  8% 61.0M 4s
  5450K .......... .......... .......... .......... ..........  8% 98.5M 4s
  5500K .......... .......... .......... .......... ..........  8% 77.7M 4s
  5550K .......... .......... .......... .......... ..........  8%  184M 4s
  5600K .......... .......... .......... .......... ..........  9% 95.8M 4s
  5650K .......... .......... .......... .......... ..........  9%  115M 4s
  5700K .......... .......... .......... .......... ..........  9% 97.9M 4s
  5750K .......... .......... .......... .......... ..........  9% 62.9M 4s
  5800K .......... .......... .......... .......... ..........  9% 66.4M 4s
  5850K .......... .......... .......... .......... ..........  9%  107M 4s
  5900K .......... .......... .......... .......... ..........  9% 90.9M 4s
  5950K .......... .......... .......... .......... ..........  9% 88.8M 4s
  6000K .......... .......... .......... .......... ..........  9% 91.3M 4s
  6050K .......... .......... .......... .......... ..........  9% 78.5M 4s
  6100K .......... .......... .......... .......... ..........  9% 79.3M 4s
  6150K .......... .......... .......... .......... ..........  9%  117M 4s
  6200K .......... .......... .......... .......... .......... 10% 73.0M 3s
  6250K .......... .......... .......... .......... .......... 10% 59.3M 3s
  6300K .......... .......... .......... .......... .......... 10% 75.7M 3s
  6350K .......... .......... .......... .......... .......... 10%  119M 3s
  6400K .......... .......... .......... .......... .......... 10% 63.1M 3s
  6450K .......... .......... .......... .......... .......... 10% 89.8M 3s
  6500K .......... .......... .......... .......... .......... 10%  104M 3s
  6550K .......... .......... .......... .......... .......... 10% 70.8M 3s
  6600K .......... .......... .......... .......... .......... 10% 77.6M 3s
  6650K .......... .......... .......... .......... .......... 10%  112M 3s
  6700K .......... .......... .......... .......... .......... 10%  114M 3s
  6750K .......... .......... .......... .......... .......... 10%  117M 3s
  6800K .......... .......... .......... .......... .......... 10%  105M 3s
  6850K .......... .......... .......... .......... .......... 11%  126M 3s
  6900K .......... .......... .......... .......... .......... 11%  100M 3s
  6950K .......... .......... .......... .......... .......... 11%  119M 3s
  7000K .......... .......... .......... .......... .......... 11%  113M 3s
  7050K .......... .......... .......... .......... .......... 11%  118M 3s
  7100K .......... .......... .......... .......... .......... 11% 79.4M 3s
  7150K .......... .......... .......... .......... .......... 11%  109M 3s
  7200K .......... .......... .......... .......... .......... 11% 71.9M 3s
  7250K .......... .......... .......... .......... .......... 11%  103M 3s
  7300K .......... .......... .......... .......... .......... 11% 2.59M 3s
  7350K .......... .......... .......... .......... .......... 11% 17.5M 3s
  7400K .......... .......... .......... .......... .......... 11% 39.2M 3s
  7450K .......... .......... .......... .......... .......... 12% 86.0M 3s
  7500K .......... .......... .......... .......... .......... 12%  102M 3s
  7550K .......... .......... .......... .......... .......... 12%  117M 3s
  7600K .......... .......... .......... .......... .......... 12% 59.9M 3s
  7650K .......... .......... .......... .......... .......... 12%  120M 3s
  7700K .......... .......... .......... .......... .......... 12%  106M 3s
  7750K .......... .......... .......... .......... .......... 12%  120M 3s
  7800K .......... .......... .......... .......... .......... 12% 73.4M 3s
  7850K .......... .......... .......... .......... .......... 12% 82.3M 3s
  7900K .......... .......... .......... .......... .......... 12% 85.5M 3s
  7950K .......... .......... .......... .......... .......... 12%  144M 3s
  8000K .......... .......... .......... .......... .......... 12% 42.1M 3s
  8050K .......... .......... .......... .......... .......... 12%  161M 3s
  8100K .......... .......... .......... .......... .......... 13% 82.1M 3s
  8150K .......... .......... .......... .......... .......... 13%  139M 3s
  8200K .......... .......... .......... .......... .......... 13% 84.2M 3s
  8250K .......... .......... .......... .......... .......... 13%  112M 3s
  8300K .......... .......... .......... .......... .......... 13% 61.8M 3s
  8350K .......... .......... .......... .......... .......... 13% 99.1M 3s
  8400K .......... .......... .......... .......... .......... 13% 58.7M 3s
  8450K .......... .......... .......... .......... .......... 13% 98.1M 3s
  8500K .......... .......... .......... .......... .......... 13%  110M 3s
  8550K .......... .......... .......... .......... .......... 13% 81.9M 3s
  8600K .......... .......... .......... .......... .......... 13% 72.3M 3s
  8650K .......... .......... .......... .......... .......... 13%  114M 3s
  8700K .......... .......... .......... .......... .......... 14% 99.6M 3s
  8750K .......... .......... .......... .......... .......... 14%  112M 3s
  8800K .......... .......... .......... .......... .......... 14%  112M 3s
  8850K .......... .......... .......... .......... .......... 14%  106M 3s
  8900K .......... .......... .......... .......... .......... 14%  105M 3s
  8950K .......... .......... .......... .......... .......... 14%  114M 3s
  9000K .......... .......... .......... .......... .......... 14%  108M 3s
  9050K .......... .......... .......... .......... .......... 14%  121M 3s
  9100K .......... .......... .......... .......... .......... 14% 97.0M 3s
  9150K .......... .......... .......... .......... .......... 14% 95.0M 3s
  9200K .......... .......... .......... .......... .......... 14% 69.5M 3s
  9250K .......... .......... .......... .......... .......... 14%  113M 3s
  9300K .......... .......... .......... .......... .......... 14%  100M 3s
  9350K .......... .......... .......... .......... .......... 15% 2.33M 3s
  9400K .......... .......... .......... .......... .......... 15% 30.1M 3s
  9450K .......... .......... .......... .......... .......... 15%  104M 3s
  9500K .......... .......... .......... .......... .......... 15% 81.0M 3s
  9550K .......... .......... .......... .......... .......... 15% 79.9M 3s
  9600K .......... .......... .......... .......... .......... 15% 65.0M 3s
  9650K .......... .......... .......... .......... .......... 15%  112M 3s
  9700K .......... .......... .......... .......... .......... 15% 79.4M 3s
  9750K .......... .......... .......... .......... .......... 15%  121M 3s
  9800K .......... .......... .......... .......... .......... 15% 82.7M 3s
  9850K .......... .......... .......... .......... .......... 15%  109M 2s
  9900K .......... .......... .......... .......... .......... 15% 68.3M 2s
  9950K .......... .......... .......... .......... .......... 16% 92.3M 2s
 10000K .......... .......... .......... .......... .......... 16%  107M 2s
 10050K .......... .......... .......... .......... .......... 16%  105M 2s
 10100K .......... .......... .......... .......... .......... 16% 79.2M 2s
 10150K .......... .......... .......... .......... .......... 16%  115M 2s
 10200K .......... .......... .......... .......... .......... 16% 88.2M 2s
 10250K .......... .......... .......... .......... .......... 16%  115M 2s
 10300K .......... .......... .......... .......... .......... 16% 69.8M 2s
 10350K .......... .......... .......... .......... .......... 16% 95.6M 2s
 10400K .......... .......... .......... .......... .......... 16% 63.5M 2s
 10450K .......... .......... .......... .......... .......... 16% 97.2M 2s
 10500K .......... .......... .......... .......... .......... 16%  119M 2s
 10550K .......... .......... .......... .......... .......... 17% 73.3M 2s
 10600K .......... .......... .......... .......... .......... 17% 76.6M 2s
 10650K .......... .......... .......... .......... .......... 17% 31.1M 2s
 10700K .......... .......... .......... .......... .......... 17%  105M 2s
 10750K .......... .......... .......... .......... .......... 17% 91.4M 2s
 10800K .......... .......... .......... .......... .......... 17%  112M 2s
 10850K .......... .......... .......... .......... .......... 17%  100M 2s
 10900K .......... .......... .......... .......... .......... 17%  108M 2s
 10950K .......... .......... .......... .......... .......... 17%  114M 2s
 11000K .......... .......... .......... .......... .......... 17%  112M 2s
 11050K .......... .......... .......... .......... .......... 17%  115M 2s
 11100K .......... .......... .......... .......... .......... 17%  106M 2s
 11150K .......... .......... .......... .......... .......... 17%  110M 2s
 11200K .......... .......... .......... .......... .......... 18%  116M 2s
 11250K .......... .......... .......... .......... .......... 18%  118M 2s
 11300K .......... .......... .......... .......... .......... 18%  101M 2s
 11350K .......... .......... .......... .......... .......... 18% 2.81M 2s
 11400K .......... .......... .......... .......... .......... 18% 11.9M 2s
 11450K .......... .......... .......... .......... .......... 18% 50.9M 2s
 11500K .......... .......... .......... .......... .......... 18% 87.3M 2s
 11550K .......... .......... .......... .......... .......... 18%  121M 2s
 11600K .......... .......... .......... .......... .......... 18% 59.4M 2s
 11650K .......... .......... .......... .......... .......... 18%  100M 2s
 11700K .......... .......... .......... .......... .......... 18% 80.6M 2s
 11750K .......... .......... .......... .......... .......... 18%  111M 2s
 11800K .......... .......... .......... .......... .......... 19% 78.1M 2s
 11850K .......... .......... .......... .......... .......... 19%  115M 2s
 11900K .......... .......... .......... .......... .......... 19% 81.5M 2s
 11950K .......... .......... .......... .......... .......... 19%  103M 2s
 12000K .......... .......... .......... .......... .......... 19%  100M 2s
 12050K .......... .......... .......... .......... .......... 19%  117M 2s
 12100K .......... .......... .......... .......... .......... 19% 76.0M 2s
 12150K .......... .......... .......... .......... .......... 19%  106M 2s
 12200K .......... .......... .......... .......... .......... 19% 95.9M 2s
 12250K .......... .......... .......... .......... .......... 19% 71.0M 2s
 12300K .......... .......... .......... .......... .......... 19%  102M 2s
 12350K .......... .......... .......... .......... .......... 19% 96.4M 2s
 12400K .......... .......... .......... .......... .......... 19% 58.2M 2s
 12450K .......... .......... .......... .......... .......... 20% 83.9M 2s
 12500K .......... .......... .......... .......... .......... 20% 67.6M 2s
 12550K .......... .......... .......... .......... .......... 20%  121M 2s
 12600K .......... .......... .......... .......... .......... 20% 67.3M 2s
 12650K .......... .......... .......... .......... .......... 20% 46.6M 2s
 12700K .......... .......... .......... .......... .......... 20% 77.4M 2s
 12750K .......... .......... .......... .......... .......... 20% 77.3M 2s
 12800K .......... .......... .......... .......... .......... 20% 97.8M 2s
 12850K .......... .......... .......... .......... .......... 20%  104M 2s
 12900K .......... .......... .......... .......... .......... 20%  111M 2s
 12950K .......... .......... .......... .......... .......... 20%  115M 2s
 13000K .......... .......... .......... .......... .......... 20%  114M 2s
 13050K .......... .......... .......... .......... .......... 21%  109M 2s
 13100K .......... .......... .......... .......... .......... 21%  101M 2s
 13150K .......... .......... .......... .......... .......... 21%  114M 2s
 13200K .......... .......... .......... .......... .......... 21%  111M 2s
 13250K .......... .......... .......... .......... .......... 21%  121M 2s
 13300K .......... .......... .......... .......... .......... 21%  102M 2s
 13350K .......... .......... .......... .......... .......... 21% 2.88M 2s
 13400K .......... .......... .......... .......... .......... 21% 12.5M 2s
 13450K .......... .......... .......... .......... .......... 21% 31.6M 2s
 13500K .......... .......... .......... .......... .......... 21%  105M 2s
 13550K .......... .......... .......... .......... .......... 21%  109M 2s
 13600K .......... .......... .......... .......... .......... 21% 62.0M 2s
 13650K .......... .......... .......... .......... .......... 21%  101M 2s
 13700K .......... .......... .......... .......... .......... 22% 89.2M 2s
 13750K .......... .......... .......... .......... .......... 22% 61.1M 2s
 13800K .......... .......... .......... .......... .......... 22% 80.9M 2s
 13850K .......... .......... .......... .......... .......... 22%  110M 2s
 13900K .......... .......... .......... .......... .......... 22%  113M 2s
 13950K .......... .......... .......... .......... .......... 22%  120M 2s
 14000K .......... .......... .......... .......... .......... 22%  106M 2s
 14050K .......... .......... .......... .......... .......... 22%  114M 2s
 14100K .......... .......... .......... .......... .......... 22% 84.6M 2s
 14150K .......... .......... .......... .......... .......... 22% 91.9M 2s
 14200K .......... .......... .......... .......... .......... 22% 86.2M 2s
 14250K .......... .......... .......... .......... .......... 22% 79.2M 2s
 14300K .......... .......... .......... .......... .......... 23%  134M 2s
 14350K .......... .......... .......... .......... .......... 23% 62.5M 2s
 14400K .......... .......... .......... .......... .......... 23% 49.4M 2s
 14450K .......... .......... .......... .......... .......... 23% 55.5M 2s
 14500K .......... .......... .......... .......... .......... 23% 51.0M 2s
 14550K .......... .......... .......... .......... .......... 23% 58.2M 2s
 14600K .......... .......... .......... .......... .......... 23% 48.6M 2s
 14650K .......... .......... .......... .......... .......... 23% 48.8M 2s
 14700K .......... .......... .......... .......... .......... 23% 45.4M 2s
 14750K .......... .......... .......... .......... .......... 23% 53.8M 2s
 14800K .......... .......... .......... .......... .......... 23% 52.3M 2s
 14850K .......... .......... .......... .......... .......... 23%  113M 2s
 14900K .......... .......... .......... .......... .......... 23%  104M 2s
 14950K .......... .......... .......... .......... .......... 24%  109M 2s
 15000K .......... .......... .......... .......... .......... 24%  117M 2s
 15050K .......... .......... .......... .......... .......... 24%  108M 2s
 15100K .......... .......... .......... .......... .......... 24% 71.8M 2s
 15150K .......... .......... .......... .......... .......... 24%  121M 2s
 15200K .......... .......... .......... .......... .......... 24% 83.8M 2s
 15250K .......... .......... .......... .......... .......... 24%  124M 2s
 15300K .......... .......... .......... .......... .......... 24%  111M 2s
 15350K .......... .......... .......... .......... .......... 24% 3.54M 2s
 15400K .......... .......... .......... .......... .......... 24% 21.6M 2s
 15450K .......... .......... .......... .......... .......... 24% 15.2M 2s
 15500K .......... .......... .......... .......... .......... 24% 85.9M 2s
 15550K .......... .......... .......... .......... .......... 25%  113M 2s
 15600K .......... .......... .......... .......... .......... 25% 51.1M 2s
 15650K .......... .......... .......... .......... .......... 25%  114M 2s
 15700K .......... .......... .......... .......... .......... 25% 97.3M 2s
 15750K .......... .......... .......... .......... .......... 25% 49.9M 2s
 15800K .......... .......... .......... .......... .......... 25%  100M 2s
 15850K .......... .......... .......... .......... .......... 25%  114M 2s
 15900K .......... .......... .......... .......... .......... 25% 59.6M 2s
 15950K .......... .......... .......... .......... .......... 25% 67.9M 2s
 16000K .......... .......... .......... .......... .......... 25%  109M 2s
 16050K .......... .......... .......... .......... .......... 25%  105M 2s
 16100K .......... .......... .......... .......... .......... 25%  109M 2s
 16150K .......... .......... .......... .......... .......... 25%  101M 2s
 16200K .......... .......... .......... .......... .......... 26% 80.6M 2s
 16250K .......... .......... .......... .......... .......... 26% 74.9M 2s
 16300K .......... .......... .......... .......... .......... 26%  112M 2s
 16350K .......... .......... .......... .......... .......... 26% 90.1M 2s
 16400K .......... .......... .......... .......... .......... 26%  115M 2s
 16450K .......... .......... .......... .......... .......... 26% 62.9M 2s
 16500K .......... .......... .......... .......... .......... 26% 42.1M 2s
 16550K .......... .......... .......... .......... .......... 26% 43.4M 2s
 16600K .......... .......... .......... .......... .......... 26%  105M 2s
 16650K .......... .......... .......... .......... .......... 26% 47.8M 2s
 16700K .......... .......... .......... .......... .......... 26% 37.1M 2s
 16750K .......... .......... .......... .......... .......... 26% 52.4M 2s
 16800K .......... .......... .......... .......... .......... 27% 54.6M 2s
 16850K .......... .......... .......... .......... .......... 27%  109M 2s
 16900K .......... .......... .......... .......... .......... 27%  111M 2s
 16950K .......... .......... .......... .......... .......... 27% 85.6M 2s
 17000K .......... .......... .......... .......... .......... 27% 90.3M 2s
 17050K .......... .......... .......... .......... .......... 27% 49.4M 2s
 17100K .......... .......... .......... .......... .......... 27% 45.8M 2s
 17150K .......... .......... .......... .......... .......... 27%  113M 2s
 17200K .......... .......... .......... .......... .......... 27% 90.3M 2s
 17250K .......... .......... .......... .......... .......... 27% 77.2M 2s
 17300K .......... .......... .......... .......... .......... 27% 83.2M 2s
 17350K .......... .......... .......... .......... .......... 27% 82.9M 2s
 17400K .......... .......... .......... .......... .......... 27% 3.55M 2s
 17450K .......... .......... .......... .......... .......... 28% 17.1M 2s
 17500K .......... .......... .......... .......... .......... 28% 43.4M 2s
 17550K .......... .......... .......... .......... .......... 28% 54.2M 2s
 17600K .......... .......... .......... .......... .......... 28%  102M 2s
 17650K .......... .......... .......... .......... .......... 28%  107M 2s
 17700K .......... .......... .......... .......... .......... 28% 47.8M 2s
 17750K .......... .......... .......... .......... .......... 28% 74.5M 2s
 17800K .......... .......... .......... .......... .......... 28%  110M 2s
 17850K .......... .......... .......... .......... .......... 28%  125M 2s
 17900K .......... .......... .......... .......... .......... 28% 76.0M 2s
 17950K .......... .......... .......... .......... .......... 28% 67.4M 2s
 18000K .......... .......... .......... .......... .......... 28% 97.7M 2s
 18050K .......... .......... .......... .......... .......... 29%  115M 2s
 18100K .......... .......... .......... .......... .......... 29%  104M 2s
 18150K .......... .......... .......... .......... .......... 29%  108M 2s
 18200K .......... .......... .......... .......... .......... 29%  101M 2s
 18250K .......... .......... .......... .......... .......... 29% 64.9M 2s
 18300K .......... .......... .......... .......... .......... 29% 81.0M 2s
 18350K .......... .......... .......... .......... .......... 29%  115M 2s
 18400K .......... .......... .......... .......... .......... 29%  108M 2s
 18450K .......... .......... .......... .......... .......... 29% 67.2M 2s
 18500K .......... .......... .......... .......... .......... 29% 51.2M 2s
 18550K .......... .......... .......... .......... .......... 29% 41.8M 2s
 18600K .......... .......... .......... .......... .......... 29% 67.4M 2s
 18650K .......... .......... .......... .......... .......... 29% 53.9M 2s
 18700K .......... .......... .......... .......... .......... 30% 43.7M 2s
 18750K .......... .......... .......... .......... .......... 30% 42.8M 2s
 18800K .......... .......... .......... .......... .......... 30% 49.0M 2s
 18850K .......... .......... .......... .......... .......... 30% 99.7M 2s
 18900K .......... .......... .......... .......... .......... 30% 84.1M 2s
 18950K .......... .......... .......... .......... .......... 30%  116M 1s
 19000K .......... .......... .......... .......... .......... 30%  108M 1s
 19050K .......... .......... .......... .......... .......... 30% 53.5M 1s
 19100K .......... .......... .......... .......... .......... 30% 42.6M 1s
 19150K .......... .......... .......... .......... .......... 30%  129M 1s
 19200K .......... .......... .......... .......... .......... 30% 84.2M 1s
 19250K .......... .......... .......... .......... .......... 30% 63.5M 1s
 19300K .......... .......... .......... .......... .......... 31% 79.1M 1s
 19350K .......... .......... .......... .......... .......... 31%  122M 1s
 19400K .......... .......... .......... .......... .......... 31% 3.68M 1s
 19450K .......... .......... .......... .......... .......... 31% 26.5M 1s
 19500K .......... .......... .......... .......... .......... 31% 18.7M 1s
 19550K .......... .......... .......... .......... .......... 31% 50.4M 1s
 19600K .......... .......... .......... .......... .......... 31% 87.7M 1s
 19650K .......... .......... .......... .......... .......... 31%  115M 1s
 19700K .......... .......... .......... .......... .......... 31% 51.3M 1s
 19750K .......... .......... .......... .......... .......... 31% 60.9M 1s
 19800K .......... .......... .......... .......... .......... 31% 63.7M 1s
 19850K .......... .......... .......... .......... .......... 31% 92.1M 1s
 19900K .......... .......... .......... .......... .......... 31%  106M 1s
 19950K .......... .......... .......... .......... .......... 32%  123M 1s
 20000K .......... .......... .......... .......... .......... 32%  102M 1s
 20050K .......... .......... .......... .......... .......... 32%  113M 1s
 20100K .......... .......... .......... .......... .......... 32%  115M 1s
 20150K .......... .......... .......... .......... .......... 32%  113M 1s
 20200K .......... .......... .......... .......... .......... 32% 99.9M 1s
 20250K .......... .......... .......... .......... .......... 32% 67.7M 1s
 20300K .......... .......... .......... .......... .......... 32% 96.9M 1s
 20350K .......... .......... .......... .......... .......... 32% 96.5M 1s
 20400K .......... .......... .......... .......... .......... 32%  106M 1s
 20450K .......... .......... .......... .......... .......... 32% 69.5M 1s
 20500K .......... .......... .......... .......... .......... 32% 51.7M 1s
 20550K .......... .......... .......... .......... .......... 33% 53.6M 1s
 20600K .......... .......... .......... .......... .......... 33% 33.3M 1s
 20650K .......... .......... .......... .......... .......... 33%  111M 1s
 20700K .......... .......... .......... .......... .......... 33% 50.9M 1s
 20750K .......... .......... .......... .......... .......... 33% 40.2M 1s
 20800K .......... .......... .......... .......... .......... 33% 48.3M 1s
 20850K .......... .......... .......... .......... .......... 33% 76.3M 1s
 20900K .......... .......... .......... .......... .......... 33%  102M 1s
 20950K .......... .......... .......... .......... .......... 33% 84.4M 1s
 21000K .......... .......... .......... .......... .......... 33% 68.9M 1s
 21050K .......... .......... .......... .......... .......... 33%  102M 1s
 21100K .......... .......... .......... .......... .......... 33% 52.0M 1s
 21150K .......... .......... .......... .......... .......... 34%  105M 1s
 21200K .......... .......... .......... .......... .......... 34% 66.0M 1s
 21250K .......... .......... .......... .......... .......... 34% 67.3M 1s
 21300K .......... .......... .......... .......... .......... 34% 80.6M 1s
 21350K .......... .......... .......... .......... .......... 34% 55.8M 1s
 21400K .......... .......... .......... .......... .......... 34% 4.62M 1s
 21450K .......... .......... .......... .......... .......... 34% 13.1M 1s
 21500K .......... .......... .......... .......... .......... 34% 18.5M 1s
 21550K .......... .......... .......... .......... .......... 34% 39.0M 1s
 21600K .......... .......... .......... .......... .......... 34% 67.1M 1s
 21650K .......... .......... .......... .......... .......... 34% 58.0M 1s
 21700K .......... .......... .......... .......... .......... 34% 79.1M 1s
 21750K .......... .......... .......... .......... .......... 34% 82.8M 1s
 21800K .......... .......... .......... .......... .......... 35% 56.5M 1s
 21850K .......... .......... .......... .......... .......... 35%  121M 1s
 21900K .......... .......... .......... .......... .......... 35% 98.1M 1s
 21950K .......... .......... .......... .......... .......... 35% 96.8M 1s
 22000K .......... .......... .......... .......... .......... 35%  118M 1s
 22050K .......... .......... .......... .......... .......... 35%  106M 1s
 22100K .......... .......... .......... .......... .......... 35% 68.9M 1s
 22150K .......... .......... .......... .......... .......... 35% 95.9M 1s
 22200K .......... .......... .......... .......... .......... 35%  154M 1s
 22250K .......... .......... .......... .......... .......... 35% 53.5M 1s
 22300K .......... .......... .......... .......... .......... 35% 62.9M 1s
 22350K .......... .......... .......... .......... .......... 35%  117M 1s
 22400K .......... .......... .......... .......... .......... 36%  118M 1s
 22450K .......... .......... .......... .......... .......... 36%  119M 1s
 22500K .......... .......... .......... .......... .......... 36% 72.9M 1s
 22550K .......... .......... .......... .......... .......... 36% 51.6M 1s
 22600K .......... .......... .......... .......... .......... 36% 41.5M 1s
 22650K .......... .......... .......... .......... .......... 36%  116M 1s
 22700K .......... .......... .......... .......... .......... 36% 40.3M 1s
 22750K .......... .......... .......... .......... .......... 36% 54.7M 1s
 22800K .......... .......... .......... .......... .......... 36% 42.4M 1s
 22850K .......... .......... .......... .......... .......... 36% 55.6M 1s
 22900K .......... .......... .......... .......... .......... 36% 83.1M 1s
 22950K .......... .......... .......... .......... .......... 36%  122M 1s
 23000K .......... .......... .......... .......... .......... 36% 61.5M 1s
 23050K .......... .......... .......... .......... .......... 37% 74.6M 1s
 23100K .......... .......... .......... .......... .......... 37% 73.2M 1s
 23150K .......... .......... .......... .......... .......... 37% 67.5M 1s
 23200K .......... .......... .......... .......... .......... 37% 94.5M 1s
 23250K .......... .......... .......... .......... .......... 37% 73.3M 1s
 23300K .......... .......... .......... .......... .......... 37% 71.2M 1s
 23350K .......... .......... .......... .......... .......... 37% 57.8M 1s
 23400K .......... .......... .......... .......... .......... 37% 5.01M 1s
 23450K .......... .......... .......... .......... .......... 37% 12.0M 1s
 23500K .......... .......... .......... .......... .......... 37% 28.4M 1s
 23550K .......... .......... .......... .......... .......... 37% 16.3M 1s
 23600K .......... .......... .......... .......... .......... 37% 83.6M 1s
 23650K .......... .......... .......... .......... .......... 38% 61.7M 1s
 23700K .......... .......... .......... .......... .......... 38%  111M 1s
 23750K .......... .......... .......... .......... .......... 38% 82.9M 1s
 23800K .......... .......... .......... .......... .......... 38% 51.3M 1s
 23850K .......... .......... .......... .......... .......... 38%  124M 1s
 23900K .......... .......... .......... .......... .......... 38% 84.3M 1s
 23950K .......... .......... .......... .......... .......... 38%  116M 1s
 24000K .......... .......... .......... .......... .......... 38%  109M 1s
 24050K .......... .......... .......... .......... .......... 38% 77.1M 1s
 24100K .......... .......... .......... .......... .......... 38% 96.7M 1s
 24150K .......... .......... .......... .......... .......... 38% 73.3M 1s
 24200K .......... .......... .......... .......... .......... 38%  151M 1s
 24250K .......... .......... .......... .......... .......... 38% 59.0M 1s
 24300K .......... .......... .......... .......... .......... 39% 66.1M 1s
 24350K .......... .......... .......... .......... .......... 39% 70.7M 1s
 24400K .......... .......... .......... .......... .......... 39%  113M 1s
 24450K .......... .......... .......... .......... .......... 39%  107M 1s
 24500K .......... .......... .......... .......... .......... 39% 96.3M 1s
 24550K .......... .......... .......... .......... .......... 39% 56.0M 1s
 24600K .......... .......... .......... .......... .......... 39% 61.5M 1s
 24650K .......... .......... .......... .......... .......... 39% 40.2M 1s
 24700K .......... .......... .......... .......... .......... 39%  109M 1s
 24750K .......... .......... .......... .......... .......... 39% 48.3M 1s
 24800K .......... .......... .......... .......... .......... 39% 48.0M 1s
 24850K .......... .......... .......... .......... .......... 39% 44.9M 1s
 24900K .......... .......... .......... .......... .......... 40% 90.6M 1s
 24950K .......... .......... .......... .......... .......... 40%  123M 1s
 25000K .......... .......... .......... .......... .......... 40% 67.8M 1s
 25050K .......... .......... .......... .......... .......... 40% 60.6M 1s
 25100K .......... .......... .......... .......... .......... 40% 73.3M 1s
 25150K .......... .......... .......... .......... .......... 40% 62.1M 1s
 25200K .......... .......... .......... .......... .......... 40% 54.7M 1s
 25250K .......... .......... .......... .......... .......... 40% 89.3M 1s
 25300K .......... .......... .......... .......... .......... 40% 83.1M 1s
 25350K .......... .......... .......... .......... .......... 40% 79.3M 1s
 25400K .......... .......... .......... .......... .......... 40% 4.96M 1s
 25450K .......... .......... .......... .......... .......... 40% 18.3M 1s
 25500K .......... .......... .......... .......... .......... 40% 18.5M 1s
 25550K .......... .......... .......... .......... .......... 41% 17.7M 1s
 25600K .......... .......... .......... .......... .......... 41% 39.6M 1s
 25650K .......... .......... .......... .......... .......... 41% 63.9M 1s
 25700K .......... .......... .......... .......... .......... 41%  113M 1s
 25750K .......... .......... .......... .......... .......... 41% 65.3M 1s
 25800K .......... .......... .......... .......... .......... 41% 44.8M 1s
 25850K .......... .......... .......... .......... .......... 41%  114M 1s
 25900K .......... .......... .......... .......... .......... 41% 64.3M 1s
 25950K .......... .......... .......... .......... .......... 41% 58.9M 1s
 26000K .......... .......... .......... .......... .......... 41% 64.1M 1s
 26050K .......... .......... .......... .......... .......... 41%  119M 1s
 26100K .......... .......... .......... .......... .......... 41%  104M 1s
 26150K .......... .......... .......... .......... .......... 42%  118M 1s
 26200K .......... .......... .......... .......... .......... 42%  112M 1s
 26250K .......... .......... .......... .......... .......... 42% 91.3M 1s
 26300K .......... .......... .......... .......... .......... 42%  106M 1s
 26350K .......... .......... .......... .......... .......... 42% 92.5M 1s
 26400K .......... .......... .......... .......... .......... 42%  114M 1s
 26450K .......... .......... .......... .......... .......... 42%  125M 1s
 26500K .......... .......... .......... .......... .......... 42% 73.1M 1s
 26550K .......... .......... .......... .......... .......... 42% 70.9M 1s
 26600K .......... .......... .......... .......... .......... 42% 61.2M 1s
 26650K .......... .......... .......... .......... .......... 42% 51.8M 1s
 26700K .......... .......... .......... .......... .......... 42% 40.7M 1s
 26750K .......... .......... .......... .......... .......... 42%  105M 1s
 26800K .......... .......... .......... .......... .......... 43% 41.6M 1s
 26850K .......... .......... .......... .......... .......... 43% 59.4M 1s
 26900K .......... .......... .......... .......... .......... 43% 65.8M 1s
 26950K .......... .......... .......... .......... .......... 43% 88.2M 1s
 27000K .......... .......... .......... .......... .......... 43% 73.4M 1s
 27050K .......... .......... .......... .......... .......... 43% 73.7M 1s
 27100K .......... .......... .......... .......... .......... 43% 76.7M 1s
 27150K .......... .......... .......... .......... .......... 43% 51.5M 1s
 27200K .......... .......... .......... .......... .......... 43% 61.7M 1s
 27250K .......... .......... .......... .......... .......... 43%  109M 1s
 27300K .......... .......... .......... .......... .......... 43% 75.2M 1s
 27350K .......... .......... .......... .......... .......... 43% 76.6M 1s
 27400K .......... .......... .......... .......... .......... 44% 5.15M 1s
 27450K .......... .......... .......... .......... .......... 44% 13.1M 1s
 27500K .......... .......... .......... .......... .......... 44% 32.0M 1s
 27550K .......... .......... .......... .......... .......... 44% 22.5M 1s
 27600K .......... .......... .......... .......... .......... 44% 24.9M 1s
 27650K .......... .......... .......... .......... .......... 44% 51.6M 1s
 27700K .......... .......... .......... .......... .......... 44% 68.5M 1s
 27750K .......... .......... .......... .......... .......... 44%  116M 1s
 27800K .......... .......... .......... .......... .......... 44% 51.2M 1s
 27850K .......... .......... .......... .......... .......... 44% 65.6M 1s
 27900K .......... .......... .......... .......... .......... 44% 58.2M 1s
 27950K .......... .......... .......... .......... .......... 44% 56.6M 1s
 28000K .......... .......... .......... .......... .......... 44%  105M 1s
 28050K .......... .......... .......... .......... .......... 45% 89.1M 1s
 28100K .......... .......... .......... .......... .......... 45%  105M 1s
 28150K .......... .......... .......... .......... .......... 45%  116M 1s
 28200K .......... .......... .......... .......... .......... 45%  111M 1s
 28250K .......... .......... .......... .......... .......... 45% 84.7M 1s
 28300K .......... .......... .......... .......... .......... 45%  110M 1s
 28350K .......... .......... .......... .......... .......... 45%  107M 1s
 28400K .......... .......... .......... .......... .......... 45%  104M 1s
 28450K .......... .......... .......... .......... .......... 45%  102M 1s
 28500K .......... .......... .......... .......... .......... 45%  109M 1s
 28550K .......... .......... .......... .......... .......... 45% 54.4M 1s
 28600K .......... .......... .......... .......... .......... 45% 74.3M 1s
 28650K .......... .......... .......... .......... .......... 46% 52.0M 1s
 28700K .......... .......... .......... .......... .......... 46% 50.3M 1s
 28750K .......... .......... .......... .......... .......... 46%  100M 1s
 28800K .......... .......... .......... .......... .......... 46% 41.0M 1s
 28850K .......... .......... .......... .......... .......... 46% 45.8M 1s
 28900K .......... .......... .......... .......... .......... 46% 72.9M 1s
 28950K .......... .......... .......... .......... .......... 46% 75.2M 1s
 29000K .......... .......... .......... .......... .......... 46%  105M 1s
 29050K .......... .......... .......... .......... .......... 46% 61.2M 1s
 29100K .......... .......... .......... .......... .......... 46% 73.2M 1s
 29150K .......... .......... .......... .......... .......... 46% 50.7M 1s
 29200K .......... .......... .......... .......... .......... 46% 70.7M 1s
 29250K .......... .......... .......... .......... .......... 46%  115M 1s
 29300K .......... .......... .......... .......... .......... 47% 68.7M 1s
 29350K .......... .......... .......... .......... .......... 47% 70.1M 1s
 29400K .......... .......... .......... .......... .......... 47% 5.12M 1s
 29450K .......... .......... .......... .......... .......... 47% 22.9M 1s
 29500K .......... .......... .......... .......... .......... 47% 25.6M 1s
 29550K .......... .......... .......... .......... .......... 47% 16.0M 1s
 29600K .......... .......... .......... .......... .......... 47% 24.5M 1s
 29650K .......... .......... .......... .......... .......... 47% 38.9M 1s
 29700K .......... .......... .......... .......... .......... 47% 57.1M 1s
 29750K .......... .......... .......... .......... .......... 47%  107M 1s
 29800K .......... .......... .......... .......... .......... 47% 70.4M 1s
 29850K .......... .......... .......... .......... .......... 47% 66.0M 1s
 29900K .......... .......... .......... .......... .......... 48% 62.2M 1s
 29950K .......... .......... .......... .......... .......... 48% 53.2M 1s
 30000K .......... .......... .......... .......... .......... 48% 64.8M 1s
 30050K .......... .......... .......... .......... .......... 48% 80.9M 1s
 30100K .......... .......... .......... .......... .......... 48% 92.7M 1s
 30150K .......... .......... .......... .......... .......... 48%  133M 1s
 30200K .......... .......... .......... .......... .......... 48%  110M 1s
 30250K .......... .......... .......... .......... .......... 48%  123M 1s
 30300K .......... .......... .......... .......... .......... 48% 51.8M 1s
 30350K .......... .......... .......... .......... .......... 48% 68.3M 1s
 30400K .......... .......... .......... .......... .......... 48%  103M 1s
 30450K .......... .......... .......... .......... .......... 48%  116M 1s
 30500K .......... .......... .......... .......... .......... 48%  109M 1s
 30550K .......... .......... .......... .......... .......... 49%  116M 1s
 30600K .......... .......... .......... .......... .......... 49% 83.3M 1s
 30650K .......... .......... .......... .......... .......... 49% 93.9M 1s
 30700K .......... .......... .......... .......... .......... 49% 47.5M 1s
 30750K .......... .......... .......... .......... .......... 49%  117M 1s
 30800K .......... .......... .......... .......... .......... 49% 44.2M 1s
 30850K .......... .......... .......... .......... .......... 49% 42.9M 1s
 30900K .......... .......... .......... .......... .......... 49% 60.5M 1s
 30950K .......... .......... .......... .......... .......... 49% 77.2M 1s
 31000K .......... .......... .......... .......... .......... 49% 56.6M 1s
 31050K .......... .......... .......... .......... .......... 49% 98.9M 1s
 31100K .......... .......... .......... .......... .......... 49% 68.9M 1s
 31150K .......... .......... .......... .......... .......... 50% 56.0M 1s
 31200K .......... .......... .......... .......... .......... 50% 72.0M 1s
 31250K .......... .......... .......... .......... .......... 50% 75.5M 1s
 31300K .......... .......... .......... .......... .......... 50%  102M 1s
 31350K .......... .......... .......... .......... .......... 50% 67.9M 1s
 31400K .......... .......... .......... .......... .......... 50% 5.34M 1s
 31450K .......... .......... .......... .......... .......... 50% 22.5M 1s
 31500K .......... .......... .......... .......... .......... 50% 18.0M 1s
 31550K .......... .......... .......... .......... .......... 50% 24.6M 1s
 31600K .......... .......... .......... .......... .......... 50% 17.6M 1s
 31650K .......... .......... .......... .......... .......... 50% 51.2M 1s
 31700K .......... .......... .......... .......... .......... 50% 49.9M 1s
 31750K .......... .......... .......... .......... .......... 51% 69.8M 1s
 31800K .......... .......... .......... .......... .......... 51%  110M 1s
 31850K .......... .......... .......... .......... .......... 51% 63.6M 1s
 31900K .......... .......... .......... .......... .......... 51% 56.6M 1s
 31950K .......... .......... .......... .......... .......... 51% 60.7M 1s
 32000K .......... .......... .......... .......... .......... 51% 61.8M 1s
 32050K .......... .......... .......... .......... .......... 51%  100M 1s
 32100K .......... .......... .......... .......... .......... 51% 85.6M 1s
 32150K .......... .......... .......... .......... .......... 51%  109M 1s
 32200K .......... .......... .......... .......... .......... 51%  103M 1s
 32250K .......... .......... .......... .......... .......... 51% 72.3M 1s
 32300K .......... .......... .......... .......... .......... 51%  117M 1s
 32350K .......... .......... .......... .......... .......... 51% 67.7M 1s
 32400K .......... .......... .......... .......... .......... 52% 70.5M 1s
 32450K .......... .......... .......... .......... .......... 52%  112M 1s
 32500K .......... .......... .......... .......... .......... 52% 93.1M 1s
 32550K .......... .......... .......... .......... .......... 52%  148M 1s
 32600K .......... .......... .......... .......... .......... 52%  106M 1s
 32650K .......... .......... .......... .......... .......... 52% 77.5M 1s
 32700K .......... .......... .......... .......... .......... 52% 52.2M 1s
 32750K .......... .......... .......... .......... .......... 52% 51.0M 1s
 32800K .......... .......... .......... .......... .......... 52%  109M 1s
 32850K .......... .......... .......... .......... .......... 52% 47.0M 1s
 32900K .......... .......... .......... .......... .......... 52% 45.6M 1s
 32950K .......... .......... .......... .......... .......... 52% 81.0M 1s
 33000K .......... .......... .......... .......... .......... 53% 41.3M 1s
 33050K .......... .......... .......... .......... .......... 53%  116M 1s
 33100K .......... .......... .......... .......... .......... 53% 67.7M 1s
 33150K .......... .......... .......... .......... .......... 53% 76.2M 1s
 33200K .......... .......... .......... .......... .......... 53% 59.5M 1s
 33250K .......... .......... .......... .......... .......... 53% 92.6M 1s
 33300K .......... .......... .......... .......... .......... 53%  110M 1s
 33350K .......... .......... .......... .......... .......... 53% 73.5M 1s
 33400K .......... .......... .......... .......... .......... 53% 60.2M 1s
 33450K .......... .......... .......... .......... .......... 53% 4.73M 1s
 33500K .......... .......... .......... .......... .......... 53% 17.6M 1s
 33550K .......... .......... .......... .......... .......... 53% 26.1M 1s
 33600K .......... .......... .......... .......... .......... 53% 18.3M 1s
 33650K .......... .......... .......... .......... .......... 54% 42.6M 1s
 33700K .......... .......... .......... .......... .......... 54% 41.8M 1s
 33750K .......... .......... .......... .......... .......... 54% 67.6M 1s
 33800K .......... .......... .......... .......... .......... 54%  114M 1s
 33850K .......... .......... .......... .......... .......... 54% 59.2M 1s
 33900K .......... .......... .......... .......... .......... 54% 59.5M 1s
 33950K .......... .......... .......... .......... .......... 54% 50.6M 1s
 34000K .......... .......... .......... .......... .......... 54% 79.9M 1s
 34050K .......... .......... .......... .......... .......... 54%  121M 1s
 34100K .......... .......... .......... .......... .......... 54% 85.5M 1s
 34150K .......... .......... .......... .......... .......... 54% 98.3M 1s
 34200K .......... .......... .......... .......... .......... 54% 93.4M 1s
 34250K .......... .......... .......... .......... .......... 55% 70.8M 1s
 34300K .......... .......... .......... .......... .......... 55% 67.0M 1s
 34350K .......... .......... .......... .......... .......... 55%  123M 1s
 34400K .......... .......... .......... .......... .......... 55% 79.1M 1s
 34450K .......... .......... .......... .......... .......... 55% 95.4M 1s
 34500K .......... .......... .......... .......... .......... 55% 79.2M 1s
 34550K .......... .......... .......... .......... .......... 55%  111M 1s
 34600K .......... .......... .......... .......... .......... 55%  109M 1s
 34650K .......... .......... .......... .......... .......... 55%  104M 1s
 34700K .......... .......... .......... .......... .......... 55% 51.2M 1s
 34750K .......... .......... .......... .......... .......... 55% 54.5M 1s
 34800K .......... .......... .......... .......... .......... 55% 53.4M 1s
 34850K .......... .......... .......... .......... .......... 55%  114M 1s
 34900K .......... .......... .......... .......... .......... 56% 44.1M 1s
 34950K .......... .......... .......... .......... .......... 56% 67.7M 1s
 35000K .......... .......... .......... .......... .......... 56% 49.4M 1s
 35050K .......... .......... .......... .......... .......... 56% 76.7M 1s
 35100K .......... .......... .......... .......... .......... 56%  109M 1s
 35150K .......... .......... .......... .......... .......... 56% 43.4M 1s
 35200K .......... .......... .......... .......... .......... 56% 59.6M 1s
 35250K .......... .......... .......... .......... .......... 56% 75.8M 1s
 35300K .......... .......... .......... .......... .......... 56% 81.6M 1s
 35350K .......... .......... .......... .......... .......... 56% 70.4M 1s
 35400K .......... .......... .......... .......... .......... 56%  106M 1s
 35450K .......... .......... .......... .......... .......... 56% 5.01M 1s
 35500K .......... .......... .......... .......... .......... 57% 16.6M 1s
 35550K .......... .......... .......... .......... .......... 57% 30.0M 1s
 35600K .......... .......... .......... .......... .......... 57% 19.4M 1s
 35650K .......... .......... .......... .......... .......... 57% 33.8M 1s
 35700K .......... .......... .......... .......... .......... 57% 39.5M 1s
 35750K .......... .......... .......... .......... .......... 57% 40.3M 1s
 35800K .......... .......... .......... .......... .......... 57% 85.4M 1s
 35850K .......... .......... .......... .......... .......... 57%  111M 1s
 35900K .......... .......... .......... .......... .......... 57% 61.7M 1s
 35950K .......... .......... .......... .......... .......... 57% 53.9M 1s
 36000K .......... .......... .......... .......... .......... 57% 50.0M 1s
 36050K .......... .......... .......... .......... .......... 57% 83.9M 1s
 36100K .......... .......... .......... .......... .......... 57% 99.7M 1s
 36150K .......... .......... .......... .......... .......... 58%  108M 1s
 36200K .......... .......... .......... .......... .......... 58% 93.4M 1s
 36250K .......... .......... .......... .......... .......... 58%  119M 1s
 36300K .......... .......... .......... .......... .......... 58% 73.1M 1s
 36350K .......... .......... .......... .......... .......... 58%  112M 1s
 36400K .......... .......... .......... .......... .......... 58% 69.1M 1s
 36450K .......... .......... .......... .......... .......... 58% 92.0M 1s
 36500K .......... .......... .......... .......... .......... 58% 85.4M 1s
 36550K .......... .......... .......... .......... .......... 58%  109M 1s
 36600K .......... .......... .......... .......... .......... 58%  111M 1s
 36650K .......... .......... .......... .......... .......... 58% 97.8M 1s
 36700K .......... .......... .......... .......... .......... 58% 60.3M 1s
 36750K .......... .......... .......... .......... .......... 59% 52.4M 1s
 36800K .......... .......... .......... .......... .......... 59% 52.1M 1s
 36850K .......... .......... .......... .......... .......... 59%  112M 1s
 36900K .......... .......... .......... .......... .......... 59% 53.7M 1s
 36950K .......... .......... .......... .......... .......... 59% 55.3M 1s
 37000K .......... .......... .......... .......... .......... 59% 50.6M 1s
 37050K .......... .......... .......... .......... .......... 59% 79.3M 1s
 37100K .......... .......... .......... .......... .......... 59%  111M 1s
 37150K .......... .......... .......... .......... .......... 59% 45.0M 1s
 37200K .......... .......... .......... .......... .......... 59% 47.9M 1s
 37250K .......... .......... .......... .......... .......... 59% 88.0M 1s
 37300K .......... .......... .......... .......... .......... 59% 75.1M 1s
 37350K .......... .......... .......... .......... .......... 59%  112M 1s
 37400K .......... .......... .......... .......... .......... 60% 45.6M 1s
 37450K .......... .......... .......... .......... .......... 60% 7.15M 1s
 37500K .......... .......... .......... .......... .......... 60% 9.69M 1s
 37550K .......... .......... .......... .......... .......... 60% 27.5M 1s
 37600K .......... .......... .......... .......... .......... 60% 19.8M 1s
 37650K .......... .......... .......... .......... .......... 60% 32.3M 1s
 37700K .......... .......... .......... .......... .......... 60% 40.9M 1s
 37750K .......... .......... .......... .......... .......... 60% 37.3M 1s
 37800K .......... .......... .......... .......... .......... 60% 67.4M 1s
 37850K .......... .......... .......... .......... .......... 60%  115M 1s
 37900K .......... .......... .......... .......... .......... 60% 55.6M 1s
 37950K .......... .......... .......... .......... .......... 60% 52.2M 1s
 38000K .......... .......... .......... .......... .......... 61% 53.8M 1s
 38050K .......... .......... .......... .......... .......... 61% 83.0M 1s
 38100K .......... .......... .......... .......... .......... 61% 86.8M 1s
 38150K .......... .......... .......... .......... .......... 61%  125M 1s
 38200K .......... .......... .......... .......... .......... 61% 70.6M 1s
 38250K .......... .......... .......... .......... .......... 61% 98.8M 1s
 38300K .......... .......... .......... .......... .......... 61% 80.3M 1s
 38350K .......... .......... .......... .......... .......... 61%  107M 1s
 38400K .......... .......... .......... .......... .......... 61%  105M 1s
 38450K .......... .......... .......... .......... .......... 61% 87.8M 1s
 38500K .......... .......... .......... .......... .......... 61% 78.8M 1s
 38550K .......... .......... .......... .......... .......... 61% 99.2M 1s
 38600K .......... .......... .......... .......... .......... 61% 79.1M 1s
 38650K .......... .......... .......... .......... .......... 62%  103M 1s
 38700K .......... .......... .......... .......... .......... 62% 81.7M 1s
 38750K .......... .......... .......... .......... .......... 62% 51.9M 1s
 38800K .......... .......... .......... .......... .......... 62% 46.9M 1s
 38850K .......... .......... .......... .......... .......... 62% 53.5M 1s
 38900K .......... .......... .......... .......... .......... 62%  116M 1s
 38950K .......... .......... .......... .......... .......... 62% 53.3M 1s
 39000K .......... .......... .......... .......... .......... 62% 63.0M 1s
 39050K .......... .......... .......... .......... .......... 62% 76.6M 1s
 39100K .......... .......... .......... .......... .......... 62% 51.0M 1s
 39150K .......... .......... .......... .......... .......... 62%  115M 1s
 39200K .......... .......... .......... .......... .......... 62% 49.4M 1s
 39250K .......... .......... .......... .......... .......... 63% 65.3M 1s
 39300K .......... .......... .......... .......... .......... 63% 80.7M 1s
 39350K .......... .......... .......... .......... .......... 63% 53.7M 1s
 39400K .......... .......... .......... .......... .......... 63%  110M 1s
 39450K .......... .......... .......... .......... .......... 63% 7.11M 1s
 39500K .......... .......... .......... .......... .......... 63% 14.4M 1s
 39550K .......... .......... .......... .......... .......... 63% 14.4M 1s
 39600K .......... .......... .......... .......... .......... 63% 24.6M 1s
 39650K .......... .......... .......... .......... .......... 63% 26.7M 1s
 39700K .......... .......... .......... .......... .......... 63% 34.6M 1s
 39750K .......... .......... .......... .......... .......... 63% 45.2M 1s
 39800K .......... .......... .......... .......... .......... 63% 44.6M 1s
 39850K .......... .......... .......... .......... .......... 63% 60.2M 1s
 39900K .......... .......... .......... .......... .......... 64%  108M 1s
 39950K .......... .......... .......... .......... .......... 64% 46.4M 1s
 40000K .......... .......... .......... .......... .......... 64% 62.9M 1s
 40050K .......... .......... .......... .......... .......... 64% 81.0M 1s
 40100K .......... .......... .......... .......... .......... 64% 88.5M 1s
 40150K .......... .......... .......... .......... .......... 64%  126M 1s
 40200K .......... .......... .......... .......... .......... 64% 83.6M 1s
 40250K .......... .......... .......... .......... .......... 64% 82.0M 1s
 40300K .......... .......... .......... .......... .......... 64% 75.7M 1s
 40350K .......... .......... .......... .......... .......... 64%  117M 1s
 40400K .......... .......... .......... .......... .......... 64%  107M 1s
 40450K .......... .......... .......... .......... .......... 64% 68.7M 1s
 40500K .......... .......... .......... .......... .......... 65% 87.7M 1s
 40550K .......... .......... .......... .......... .......... 65%  105M 1s
 40600K .......... .......... .......... .......... .......... 65% 90.5M 1s
 40650K .......... .......... .......... .......... .......... 65%  108M 1s
 40700K .......... .......... .......... .......... .......... 65% 75.9M 1s
 40750K .......... .......... .......... .......... .......... 65% 50.4M 1s
 40800K .......... .......... .......... .......... .......... 65% 51.5M 1s
 40850K .......... .......... .......... .......... .......... 65% 52.3M 1s
 40900K .......... .......... .......... .......... .......... 65%  104M 1s
 40950K .......... .......... .......... .......... .......... 65% 50.7M 1s
 41000K .......... .......... .......... .......... .......... 65% 70.0M 1s
 41050K .......... .......... .......... .......... .......... 65% 71.6M 1s
 41100K .......... .......... .......... .......... .......... 65% 50.3M 1s
 41150K .......... .......... .......... .......... .......... 66%  109M 1s
 41200K .......... .......... .......... .......... .......... 66% 53.8M 1s
 41250K .......... .......... .......... .......... .......... 66% 64.0M 1s
 41300K .......... .......... .......... .......... .......... 66% 64.8M 1s
 41350K .......... .......... .......... .......... .......... 66% 61.8M 1s
 41400K .......... .......... .......... .......... .......... 66%  107M 1s
 41450K .......... .......... .......... .......... .......... 66% 7.37M 1s
 41500K .......... .......... .......... .......... .......... 66% 21.0M 1s
 41550K .......... .......... .......... .......... .......... 66% 11.7M 1s
 41600K .......... .......... .......... .......... .......... 66% 20.7M 1s
 41650K .......... .......... .......... .......... .......... 66% 33.0M 1s
 41700K .......... .......... .......... .......... .......... 66% 28.8M 1s
 41750K .......... .......... .......... .......... .......... 67% 37.9M 1s
 41800K .......... .......... .......... .......... .......... 67% 48.5M 1s
 41850K .......... .......... .......... .......... .......... 67% 56.1M 1s
 41900K .......... .......... .......... .......... .......... 67% 47.6M 1s
 41950K .......... .......... .......... .......... .......... 67%  114M 1s
 42000K .......... .......... .......... .......... .......... 67% 49.0M 1s
 42050K .......... .......... .......... .......... .......... 67%  107M 1s
 42100K .......... .......... .......... .......... .......... 67% 79.8M 1s
 42150K .......... .......... .......... .......... .......... 67%  131M 1s
 42200K .......... .......... .......... .......... .......... 67% 94.6M 1s
 42250K .......... .......... .......... .......... .......... 67% 78.7M 1s
 42300K .......... .......... .......... .......... .......... 67% 82.3M 1s
 42350K .......... .......... .......... .......... .......... 68%  102M 1s
 42400K .......... .......... .......... .......... .......... 68% 61.6M 1s
 42450K .......... .......... .......... .......... .......... 68% 45.6M 1s
 42500K .......... .......... .......... .......... .......... 68% 68.3M 1s
 42550K .......... .......... .......... .......... .......... 68%  117M 1s
 42600K .......... .......... .......... .......... .......... 68%  101M 1s
 42650K .......... .......... .......... .......... .......... 68%  116M 1s
 42700K .......... .......... .......... .......... .......... 68%  105M 1s
 42750K .......... .......... .......... .......... .......... 68%  103M 1s
 42800K .......... .......... .......... .......... .......... 68% 54.9M 1s
 42850K .......... .......... .......... .......... .......... 68% 40.1M 1s
 42900K .......... .......... .......... .......... .......... 68% 68.2M 1s
 42950K .......... .......... .......... .......... .......... 68%  105M 1s
 43000K .......... .......... .......... .......... .......... 69% 68.4M 1s
 43050K .......... .......... .......... .......... .......... 69% 58.8M 1s
 43100K .......... .......... .......... .......... .......... 69% 59.8M 1s
 43150K .......... .......... .......... .......... .......... 69% 56.4M 1s
 43200K .......... .......... .......... .......... .......... 69%  102M 1s
 43250K .......... .......... .......... .......... .......... 69% 47.8M 1s
 43300K .......... .......... .......... .......... .......... 69% 47.6M 1s
 43350K .......... .......... .......... .......... .......... 69% 76.3M 1s
 43400K .......... .......... .......... .......... .......... 69% 8.07M 1s
 43450K .......... .......... .......... .......... .......... 69%  120M 1s
 43500K .......... .......... .......... .......... .......... 69% 15.9M 1s
 43550K .......... .......... .......... .......... .......... 69% 24.3M 1s
 43600K .......... .......... .......... .......... .......... 70% 13.0M 1s
 43650K .......... .......... .......... .......... .......... 70% 37.4M 1s
 43700K .......... .......... .......... .......... .......... 70% 26.5M 1s
 43750K .......... .......... .......... .......... .......... 70% 34.0M 1s
 43800K .......... .......... .......... .......... .......... 70% 37.4M 1s
 43850K .......... .......... .......... .......... .......... 70% 65.7M 1s
 43900K .......... .......... .......... .......... .......... 70% 53.9M 1s
 43950K .......... .......... .......... .......... .......... 70%  124M 0s
 44000K .......... .......... .......... .......... .......... 70% 49.1M 0s
 44050K .......... .......... .......... .......... .......... 70% 97.4M 0s
 44100K .......... .......... .......... .......... .......... 70% 61.0M 0s
 44150K .......... .......... .......... .......... .......... 70%  111M 0s
 44200K .......... .......... .......... .......... .......... 70% 93.2M 0s
 44250K .......... .......... .......... .......... .......... 71% 49.9M 0s
 44300K .......... .......... .......... .......... .......... 71% 89.1M 0s
 44350K .......... .......... .......... .......... .......... 71% 82.3M 0s
 44400K .......... .......... .......... .......... .......... 71% 58.5M 0s
 44450K .......... .......... .......... .......... .......... 71%  103M 0s
 44500K .......... .......... .......... .......... .......... 71% 51.3M 0s
 44550K .......... .......... .......... .......... .......... 71%  132M 0s
 44600K .......... .......... .......... .......... .......... 71%  106M 0s
 44650K .......... .......... .......... .......... .......... 71%  121M 0s
 44700K .......... .......... .......... .......... .......... 71%  120M 0s
 44750K .......... .......... .......... .......... .......... 71%  120M 0s
 44800K .......... .......... .......... .......... .......... 71% 54.8M 0s
 44850K .......... .......... .......... .......... .......... 72% 48.6M 0s
 44900K .......... .......... .......... .......... .......... 72% 48.5M 0s
 44950K .......... .......... .......... .......... .......... 72%  107M 0s
 45000K .......... .......... .......... .......... .......... 72% 74.7M 0s
 45050K .......... .......... .......... .......... .......... 72% 46.8M 0s
 45100K .......... .......... .......... .......... .......... 72% 67.2M 0s
 45150K .......... .......... .......... .......... .......... 72% 57.1M 0s
 45200K .......... .......... .......... .......... .......... 72%  106M 0s
 45250K .......... .......... .......... .......... .......... 72% 53.2M 0s
 45300K .......... .......... .......... .......... .......... 72% 54.7M 0s
 45350K .......... .......... .......... .......... .......... 72% 57.4M 0s
 45400K .......... .......... .......... .......... .......... 72% 53.9M 0s
 45450K .......... .......... .......... .......... .......... 72% 9.49M 0s
 45500K .......... .......... .......... .......... .......... 73% 15.9M 0s
 45550K .......... .......... .......... .......... .......... 73% 25.0M 0s
 45600K .......... .......... .......... .......... .......... 73% 13.6M 0s
 45650K .......... .......... .......... .......... .......... 73% 32.9M 0s
 45700K .......... .......... .......... .......... .......... 73% 16.9M 0s
 45750K .......... .......... .......... .......... .......... 73%  107M 0s
 45800K .......... .......... .......... .......... .......... 73% 38.1M 0s
 45850K .......... .......... .......... .......... .......... 73% 52.0M 0s
 45900K .......... .......... .......... .......... .......... 73% 54.2M 0s
 45950K .......... .......... .......... .......... .......... 73%  115M 0s
 46000K .......... .......... .......... .......... .......... 73% 46.5M 0s
 46050K .......... .......... .......... .......... .......... 73%  109M 0s
 46100K .......... .......... .......... .......... .......... 74% 60.6M 0s
 46150K .......... .......... .......... .......... .......... 74% 92.6M 0s
 46200K .......... .......... .......... .......... .......... 74% 74.3M 0s
 46250K .......... .......... .......... .......... .......... 74%  110M 0s
 46300K .......... .......... .......... .......... .......... 74% 42.4M 0s
 46350K .......... .......... .......... .......... .......... 74%  116M 0s
 46400K .......... .......... .......... .......... .......... 74% 68.7M 0s
 46450K .......... .......... .......... .......... .......... 74% 52.6M 0s
 46500K .......... .......... .......... .......... .......... 74%  109M 0s
 46550K .......... .......... .......... .......... .......... 74% 61.8M 0s
 46600K .......... .......... .......... .......... .......... 74% 81.2M 0s
 46650K .......... .......... .......... .......... .......... 74%  124M 0s
 46700K .......... .......... .......... .......... .......... 74%  110M 0s
 46750K .......... .......... .......... .......... .......... 75%  111M 0s
 46800K .......... .......... .......... .......... .......... 75%  108M 0s
 46850K .......... .......... .......... .......... .......... 75% 61.1M 0s
 46900K .......... .......... .......... .......... .......... 75% 44.9M 0s
 46950K .......... .......... .......... .......... .......... 75% 74.7M 0s
 47000K .......... .......... .......... .......... .......... 75% 82.5M 0s
 47050K .......... .......... .......... .......... .......... 75% 58.3M 0s
 47100K .......... .......... .......... .......... .......... 75% 55.5M 0s
 47150K .......... .......... .......... .......... .......... 75% 64.4M 0s
 47200K .......... .......... .......... .......... .......... 75% 48.0M 0s
 47250K .......... .......... .......... .......... .......... 75%  107M 0s
 47300K .......... .......... .......... .......... .......... 75% 49.6M 0s
 47350K .......... .......... .......... .......... .......... 76% 74.4M 0s
 47400K .......... .......... .......... .......... .......... 76% 50.5M 0s
 47450K .......... .......... .......... .......... .......... 76% 7.36M 0s
 47500K .......... .......... .......... .......... .......... 76%  103M 0s
 47550K .......... .......... .......... .......... .......... 76% 17.6M 0s
 47600K .......... .......... .......... .......... .......... 76% 29.2M 0s
 47650K .......... .......... .......... .......... .......... 76% 14.4M 0s
 47700K .......... .......... .......... .......... .......... 76% 34.1M 0s
 47750K .......... .......... .......... .......... .......... 76% 27.2M 0s
 47800K .......... .......... .......... .......... .......... 76% 36.8M 0s
 47850K .......... .......... .......... .......... .......... 76% 39.0M 0s
 47900K .......... .......... .......... .......... .......... 76% 53.4M 0s
 47950K .......... .......... .......... .......... .......... 76% 48.3M 0s
 48000K .......... .......... .......... .......... .......... 77% 90.8M 0s
 48050K .......... .......... .......... .......... .......... 77%  107M 0s
 48100K .......... .......... .......... .......... .......... 77% 67.2M 0s
 48150K .......... .......... .......... .......... .......... 77%  103M 0s
 48200K .......... .......... .......... .......... .......... 77% 72.7M 0s
 48250K .......... .......... .......... .......... .......... 77%  115M 0s
 48300K .......... .......... .......... .......... .......... 77% 52.6M 0s
 48350K .......... .......... .......... .......... .......... 77% 78.9M 0s
 48400K .......... .......... .......... .......... .......... 77% 65.2M 0s
 48450K .......... .......... .......... .......... .......... 77% 52.2M 0s
 48500K .......... .......... .......... .......... .......... 77%  111M 0s
 48550K .......... .......... .......... .......... .......... 77% 72.8M 0s
 48600K .......... .......... .......... .......... .......... 78% 74.0M 0s
 48650K .......... .......... .......... .......... .......... 78% 99.3M 0s
 48700K .......... .......... .......... .......... .......... 78%  111M 0s
 48750K .......... .......... .......... .......... .......... 78%  113M 0s
 48800K .......... .......... .......... .......... .......... 78% 96.2M 0s
 48850K .......... .......... .......... .......... .......... 78% 65.8M 0s
 48900K .......... .......... .......... .......... .......... 78% 50.8M 0s
 48950K .......... .......... .......... .......... .......... 78% 54.8M 0s
 49000K .......... .......... .......... .......... .......... 78%  104M 0s
 49050K .......... .......... .......... .......... .......... 78% 54.0M 0s
 49100K .......... .......... .......... .......... .......... 78% 62.7M 0s
 49150K .......... .......... .......... .......... .......... 78% 57.1M 0s
 49200K .......... .......... .......... .......... .......... 78% 51.0M 0s
 49250K .......... .......... .......... .......... .......... 79%  122M 0s
 49300K .......... .......... .......... .......... .......... 79% 49.1M 0s
 49350K .......... .......... .......... .......... .......... 79% 67.9M 0s
 49400K .......... .......... .......... .......... .......... 79% 53.3M 0s
 49450K .......... .......... .......... .......... .......... 79% 11.9M 0s
 49500K .......... .......... .......... .......... .......... 79% 13.3M 0s
 49550K .......... .......... .......... .......... .......... 79% 30.5M 0s
 49600K .......... .......... .......... .......... .......... 79% 27.0M 0s
 49650K .......... .......... .......... .......... .......... 79% 14.4M 0s
 49700K .......... .......... .......... .......... .......... 79% 28.6M 0s
 49750K .......... .......... .......... .......... .......... 79% 29.9M 0s
 49800K .......... .......... .......... .......... .......... 79% 30.6M 0s
 49850K .......... .......... .......... .......... .......... 80% 48.7M 0s
 49900K .......... .......... .......... .......... .......... 80% 36.7M 0s
 49950K .......... .......... .......... .......... .......... 80% 57.3M 0s
 50000K .......... .......... .......... .......... .......... 80% 87.9M 0s
 50050K .......... .......... .......... .......... .......... 80%  113M 0s
 50100K .......... .......... .......... .......... .......... 80% 68.2M 0s
 50150K .......... .......... .......... .......... .......... 80% 90.5M 0s
 50200K .......... .......... .......... .......... .......... 80% 73.5M 0s
 50250K .......... .......... .......... .......... .......... 80% 52.6M 0s
 50300K .......... .......... .......... .......... .......... 80%  113M 0s
 50350K .......... .......... .......... .......... .......... 80% 88.7M 0s
 50400K .......... .......... .......... .......... .......... 80% 62.7M 0s
 50450K .......... .......... .......... .......... .......... 80% 52.6M 0s
 50500K .......... .......... .......... .......... .......... 81% 70.3M 0s
 50550K .......... .......... .......... .......... .......... 81%  115M 0s
 50600K .......... .......... .......... .......... .......... 81% 75.9M 0s
 50650K .......... .......... .......... .......... .......... 81% 97.8M 0s
 50700K .......... .......... .......... .......... .......... 81% 91.8M 0s
 50750K .......... .......... .......... .......... .......... 81%  113M 0s
 50800K .......... .......... .......... .......... .......... 81%  112M 0s
 50850K .......... .......... .......... .......... .......... 81% 62.9M 0s
 50900K .......... .......... .......... .......... .......... 81% 51.9M 0s
 50950K .......... .......... .......... .......... .......... 81% 58.3M 0s
 51000K .......... .......... .......... .......... .......... 81% 53.3M 0s
 51050K .......... .......... .......... .......... .......... 81%  116M 0s
 51100K .......... .......... .......... .......... .......... 82% 52.2M 0s
 51150K .......... .......... .......... .......... .......... 82% 63.5M 0s
 51200K .......... .......... .......... .......... .......... 82% 52.7M 0s
 51250K .......... .......... .......... .......... .......... 82% 52.6M 0s
 51300K .......... .......... .......... .......... .......... 82%  111M 0s
 51350K .......... .......... .......... .......... .......... 82% 66.8M 0s
 51400K .......... .......... .......... .......... .......... 82% 52.3M 0s
 51450K .......... .......... .......... .......... .......... 82% 12.1M 0s
 51500K .......... .......... .......... .......... .......... 82% 23.5M 0s
 51550K .......... .......... .......... .......... .......... 82% 27.3M 0s
 51600K .......... .......... .......... .......... .......... 82% 16.6M 0s
 51650K .......... .......... .......... .......... .......... 82% 21.1M 0s
 51700K .......... .......... .......... .......... .......... 82% 15.1M 0s
 51750K .......... .......... .......... .......... .......... 83% 23.1M 0s
 51800K .......... .......... .......... .......... .......... 83% 66.0M 0s
 51850K .......... .......... .......... .......... .......... 83% 36.3M 0s
 51900K .......... .......... .......... .......... .......... 83% 46.1M 0s
 51950K .......... .......... .......... .......... .......... 83% 43.9M 0s
 52000K .......... .......... .......... .......... .......... 83% 84.2M 0s
 52050K .......... .......... .......... .......... .......... 83%  111M 0s
 52100K .......... .......... .......... .......... .......... 83% 74.4M 0s
 52150K .......... .......... .......... .......... .......... 83% 80.5M 0s
 52200K .......... .......... .......... .......... .......... 83% 76.7M 0s
 52250K .......... .......... .......... .......... .......... 83% 48.3M 0s
 52300K .......... .......... .......... .......... .......... 83% 70.8M 0s
 52350K .......... .......... .......... .......... .......... 84%  100M 0s
 52400K .......... .......... .......... .......... .......... 84%  108M 0s
 52450K .......... .......... .......... .......... .......... 84% 53.6M 0s
 52500K .......... .......... .......... .......... .......... 84% 68.1M 0s
 52550K .......... .......... .......... .......... .......... 84%  118M 0s
 52600K .......... .......... .......... .......... .......... 84% 70.9M 0s
 52650K .......... .......... .......... .......... .......... 84% 97.0M 0s
 52700K .......... .......... .......... .......... .......... 84% 92.2M 0s
 52750K .......... .......... .......... .......... .......... 84%  100M 0s
 52800K .......... .......... .......... .......... .......... 84%  114M 0s
 52850K .......... .......... .......... .......... .......... 84% 68.2M 0s
 52900K .......... .......... .......... .......... .......... 84% 55.6M 0s
 52950K .......... .......... .......... .......... .......... 85% 54.4M 0s
 53000K .......... .......... .......... .......... .......... 85% 29.6M 0s
 53050K .......... .......... .......... .......... .......... 85%  222M 0s
 53100K .......... .......... .......... .......... .......... 85%  101M 0s
 53150K .......... .......... .......... .......... .......... 85% 72.4M 0s
 53200K .......... .......... .......... .......... .......... 85% 52.2M 0s
 53250K .......... .......... .......... .......... .......... 85% 53.7M 0s
 53300K .......... .......... .......... .......... .......... 85% 63.6M 0s
 53350K .......... .......... .......... .......... .......... 85%  119M 0s
 53400K .......... .......... .......... .......... .......... 85% 51.6M 0s
 53450K .......... .......... .......... .......... .......... 85% 13.0M 0s
 53500K .......... .......... .......... .......... .......... 85% 22.5M 0s
 53550K .......... .......... .......... .......... .......... 85% 33.4M 0s
 53600K .......... .......... .......... .......... .......... 86% 16.8M 0s
 53650K .......... .......... .......... .......... .......... 86% 17.7M 0s
 53700K .......... .......... .......... .......... .......... 86% 16.7M 0s
 53750K .......... .......... .......... .......... .......... 86% 21.6M 0s
 53800K .......... .......... .......... .......... .......... 86% 30.1M 0s
 53850K .......... .......... .......... .......... .......... 86%  112M 0s
 53900K .......... .......... .......... .......... .......... 86% 37.4M 0s
 53950K .......... .......... .......... .......... .......... 86% 45.1M 0s
 54000K .......... .......... .......... .......... .......... 86% 53.8M 0s
 54050K .......... .......... .......... .......... .......... 86% 51.7M 0s
 54100K .......... .......... .......... .......... .......... 86% 40.8M 0s
 54150K .......... .......... .......... .......... .......... 86% 36.8M 0s
 54200K .......... .......... .......... .......... .......... 87% 43.7M 0s
 54250K .......... .......... .......... .......... .......... 87%  107M 0s
 54300K .......... .......... .......... .......... .......... 87%  106M 0s
 54350K .......... .......... .......... .......... .......... 87%  111M 0s
 54400K .......... .......... .......... .......... .......... 87%  107M 0s
 54450K .......... .......... .......... .......... .......... 87% 88.1M 0s
 54500K .......... .......... .......... .......... .......... 87% 76.3M 0s
 54550K .......... .......... .......... .......... .......... 87% 74.9M 0s
 54600K .......... .......... .......... .......... .......... 87%  106M 0s
 54650K .......... .......... .......... .......... .......... 87%  117M 0s
 54700K .......... .......... .......... .......... .......... 87%  107M 0s
 54750K .......... .......... .......... .......... .......... 87% 90.2M 0s
 54800K .......... .......... .......... .......... .......... 87%  112M 0s
 54850K .......... .......... .......... .......... .......... 88%  112M 0s
 54900K .......... .......... .......... .......... .......... 88%  107M 0s
 54950K .......... .......... .......... .......... .......... 88%  111M 0s
 55000K .......... .......... .......... .......... .......... 88% 34.5M 0s
 55050K .......... .......... .......... .......... .......... 88% 61.8M 0s
 55100K .......... .......... .......... .......... .......... 88% 87.1M 0s
 55150K .......... .......... .......... .......... .......... 88%  109M 0s
 55200K .......... .......... .......... .......... .......... 88% 66.5M 0s
 55250K .......... .......... .......... .......... .......... 88% 58.1M 0s
 55300K .......... .......... .......... .......... .......... 88% 58.3M 0s
 55350K .......... .......... .......... .......... .......... 88%  125M 0s
 55400K .......... .......... .......... .......... .......... 88% 41.7M 0s
 55450K .......... .......... .......... .......... .......... 89% 14.9M 0s
 55500K .......... .......... .......... .......... .......... 89% 22.3M 0s
 55550K .......... .......... .......... .......... .......... 89% 39.8M 0s
 55600K .......... .......... .......... .......... .......... 89% 24.6M 0s
 55650K .......... .......... .......... .......... .......... 89% 13.5M 0s
 55700K .......... .......... .......... .......... .......... 89% 29.1M 0s
 55750K .......... .......... .......... .......... .......... 89% 17.9M 0s
 55800K .......... .......... .......... .......... .......... 89% 17.8M 0s
 55850K .......... .......... .......... .......... .......... 89%  110M 0s
 55900K .......... .......... .......... .......... .......... 89% 39.1M 0s
 55950K .......... .......... .......... .......... .......... 89% 41.6M 0s
 56000K .......... .......... .......... .......... .......... 89% 44.9M 0s
 56050K .......... .......... .......... .......... .......... 89% 47.7M 0s
 56100K .......... .......... .......... .......... .......... 90% 99.8M 0s
 56150K .......... .......... .......... .......... .......... 90% 39.1M 0s
 56200K .......... .......... .......... .......... .......... 90% 37.9M 0s
 56250K .......... .......... .......... .......... .......... 90% 48.4M 0s
 56300K .......... .......... .......... .......... .......... 90%  101M 0s
 56350K .......... .......... .......... .......... .......... 90%  123M 0s
 56400K .......... .......... .......... .......... .......... 90% 82.3M 0s
 56450K .......... .......... .......... .......... .......... 90%  108M 0s
 56500K .......... .......... .......... .......... .......... 90% 82.1M 0s
 56550K .......... .......... .......... .......... .......... 90% 75.6M 0s
 56600K .......... .......... .......... .......... .......... 90%  111M 0s
 56650K .......... .......... .......... .......... .......... 90% 76.6M 0s
 56700K .......... .......... .......... .......... .......... 91% 80.1M 0s
 56750K .......... .......... .......... .......... .......... 91%  113M 0s
 56800K .......... .......... .......... .......... .......... 91%  107M 0s
 56850K .......... .......... .......... .......... .......... 91%  131M 0s
 56900K .......... .......... .......... .......... .......... 91% 87.8M 0s
 56950K .......... .......... .......... .......... .......... 91%  120M 0s
 57000K .......... .......... .......... .......... .......... 91% 54.3M 0s
 57050K .......... .......... .......... .......... .......... 91% 44.9M 0s
 57100K .......... .......... .......... .......... .......... 91% 83.1M 0s
 57150K .......... .......... .......... .......... .......... 91%  127M 0s
 57200K .......... .......... .......... .......... .......... 91% 69.1M 0s
 57250K .......... .......... .......... .......... .......... 91% 56.3M 0s
 57300K .......... .......... .......... .......... .......... 91% 61.6M 0s
 57350K .......... .......... .......... .......... .......... 92% 75.9M 0s
 57400K .......... .......... .......... .......... .......... 92% 60.3M 0s
 57450K .......... .......... .......... .......... .......... 92% 15.4M 0s
 57500K .......... .......... .......... .......... .......... 92% 20.9M 0s
 57550K .......... .......... .......... .......... .......... 92% 39.3M 0s
 57600K .......... .......... .......... .......... .......... 92% 16.4M 0s
 57650K .......... .......... .......... .......... .......... 92% 20.2M 0s
 57700K .......... .......... .......... .......... .......... 92% 27.9M 0s
 57750K .......... .......... .......... .......... .......... 92% 18.2M 0s
 57800K .......... .......... .......... .......... .......... 92% 16.9M 0s
 57850K .......... .......... .......... .......... .......... 92% 42.2M 0s
 57900K .......... .......... .......... .......... .......... 92%  108M 0s
 57950K .......... .......... .......... .......... .......... 93% 42.4M 0s
 58000K .......... .......... .......... .......... .......... 93% 39.1M 0s
 58050K .......... .......... .......... .......... .......... 93% 47.1M 0s
 58100K .......... .......... .......... .......... .......... 93% 50.9M 0s
 58150K .......... .......... .......... .......... .......... 93%  111M 0s
 58200K .......... .......... .......... .......... .......... 93% 32.2M 0s
 58250K .......... .......... .......... .......... .......... 93% 43.7M 0s
 58300K .......... .......... .......... .......... .......... 93% 53.3M 0s
 58350K .......... .......... .......... .......... .......... 93%  110M 0s
 58400K .......... .......... .......... .......... .......... 93%  113M 0s
 58450K .......... .......... .......... .......... .......... 93%  111M 0s
 58500K .......... .......... .......... .......... .......... 93%  104M 0s
 58550K .......... .......... .......... .......... .......... 93% 69.0M 0s
 58600K .......... .......... .......... .......... .......... 94% 60.6M 0s
 58650K .......... .......... .......... .......... .......... 94%  117M 0s
 58700K .......... .......... .......... .......... .......... 94%  106M 0s
 58750K .......... .......... .......... .......... .......... 94%  112M 0s
 58800K .......... .......... .......... .......... .......... 94%  114M 0s
 58850K .......... .......... .......... .......... .......... 94%  119M 0s
 58900K .......... .......... .......... .......... .......... 94%  112M 0s
 58950K .......... .......... .......... .......... .......... 94%  113M 0s
 59000K .......... .......... .......... .......... .......... 94% 58.2M 0s
 59050K .......... .......... .......... .......... .......... 94% 48.0M 0s
 59100K .......... .......... .......... .......... .......... 94% 72.8M 0s
 59150K .......... .......... .......... .......... .......... 94%  127M 0s
 59200K .......... .......... .......... .......... .......... 95% 74.1M 0s
 59250K .......... .......... .......... .......... .......... 95% 54.5M 0s
 59300K .......... .......... .......... .......... .......... 95% 63.0M 0s
 59350K .......... .......... .......... .......... .......... 95% 54.7M 0s
 59400K .......... .......... .......... .......... .......... 95% 99.8M 0s
 59450K .......... .......... .......... .......... .......... 95% 16.2M 0s
 59500K .......... .......... .......... .......... .......... 95% 20.6M 0s
 59550K .......... .......... .......... .......... .......... 95% 42.1M 0s
 59600K .......... .......... .......... .......... .......... 95% 31.2M 0s
 59650K .......... .......... .......... .......... .......... 95% 25.1M 0s
 59700K .......... .......... .......... .......... .......... 95% 13.7M 0s
 59750K .......... .......... .......... .......... .......... 95% 21.9M 0s
 59800K .......... .......... .......... .......... .......... 95% 14.1M 0s
 59850K .......... .......... .......... .......... .......... 96% 40.6M 0s
 59900K .......... .......... .......... .......... .......... 96%  109M 0s
 59950K .......... .......... .......... .......... .......... 96% 39.0M 0s
 60000K .......... .......... .......... .......... .......... 96% 41.7M 0s
 60050K .......... .......... .......... .......... .......... 96% 44.9M 0s
 60100K .......... .......... .......... .......... .......... 96% 44.7M 0s
 60150K .......... .......... .......... .......... .......... 96%  116M 0s
 60200K .......... .......... .......... .......... .......... 96% 40.6M 0s
 60250K .......... .......... .......... .......... .......... 96% 39.7M 0s
 60300K .......... .......... .......... .......... .......... 96% 42.6M 0s
 60350K .......... .......... .......... .......... .......... 96%  118M 0s
 60400K .......... .......... .......... .......... .......... 96%  107M 0s
 60450K .......... .......... .......... .......... .......... 97% 94.1M 0s
 60500K .......... .......... .......... .......... .......... 97%  112M 0s
 60550K .......... .......... .......... .......... .......... 97% 67.6M 0s
 60600K .......... .......... .......... .......... .......... 97% 60.6M 0s
 60650K .......... .......... .......... .......... .......... 97%  125M 0s
 60700K .......... .......... .......... .......... .......... 97%  103M 0s
 60750K .......... .......... .......... .......... .......... 97%  112M 0s
 60800K .......... .......... .......... .......... .......... 97%  115M 0s
 60850K .......... .......... .......... .......... .......... 97%  110M 0s
 60900K .......... .......... .......... .......... .......... 97% 96.6M 0s
 60950K .......... .......... .......... .......... .......... 97%  130M 0s
 61000K .......... .......... .......... .......... .......... 97% 65.8M 0s
 61050K .......... .......... .......... .......... .......... 97% 49.4M 0s
 61100K .......... .......... .......... .......... .......... 98% 72.1M 0s
 61150K .......... .......... .......... .......... .......... 98%  120M 0s
 61200K .......... .......... .......... .......... .......... 98% 77.2M 0s
 61250K .......... .......... .......... .......... .......... 98% 53.8M 0s
 61300K .......... .......... .......... .......... .......... 98% 57.3M 0s
 61350K .......... .......... .......... .......... .......... 98% 56.9M 0s
 61400K .......... .......... .......... .......... .......... 98% 17.3M 0s
 61450K .......... .......... .......... .......... .......... 98% 53.2M 0s
 61500K .......... .......... .......... .......... .......... 98% 26.7M 0s
 61550K .......... .......... .......... .......... .......... 98% 35.0M 0s
 61600K .......... .......... .......... .......... .......... 98% 36.1M 0s
 61650K .......... .......... .......... .......... .......... 98% 12.9M 0s
 61700K .......... .......... .......... .......... .......... 99% 32.7M 0s
 61750K .......... .......... .......... .......... .......... 99% 22.4M 0s
 61800K .......... .......... .......... .......... .......... 99% 13.0M 0s
 61850K .......... .......... .......... .......... .......... 99% 41.7M 0s
 61900K .......... .......... .......... .......... .......... 99% 38.7M 0s
 61950K .......... .......... .......... .......... .......... 99%  102M 0s
 62000K .......... .......... .......... .......... .......... 99% 42.4M 0s
 62050K .......... .......... .......... .......... .......... 99% 40.6M 0s
 62100K .......... .......... .......... .......... .......... 99% 42.6M 0s
 62150K .......... .......... .......... .......... .......... 99% 51.3M 0s
 62200K .......... .......... .......... .......... .......... 99%  108M 0s
 62250K .......... .......... .......... .......... .......... 99% 34.8M 0s
 62300K .......... .......... .......... .......... .......... 99% 43.5M 0s
 62350K                                                       100% 1611G=1.6s

2023-04-17 22:43:51 (38.4 MB/s) - ‘/blue/vendor-nvidia/hju/monailabel_samples/datasets/pathology/JP2K-33003-1.svs’ saved [63847265/63847265]

