Mon Apr 17 19:26:33 EDT 2023
c1100a-s11.ufhpc
/home/hju/monai_uf_tutorials/AI4HEALTH_workshop/core
True
MONAI version: 1.0.1
Numpy version: 1.22.2
Pytorch version: 1.13.0a0+d0d6b1f
MONAI flags: HAS_EXT = True, USE_COMPILED = False, USE_META_DICT = False
MONAI rev id: 8271a193229fe4437026185e218d5b06f7c8ce69
MONAI __file__: /opt/monai/monai/__init__.py

Optional dependencies:
Pytorch Ignite version: 0.4.11
Nibabel version: 4.0.2
scikit-image version: 0.19.3
Pillow version: 9.0.1
Tensorboard version: 2.12.1
gdown version: 4.5.3
TorchVision version: 0.14.0a0
tqdm version: 4.64.1
lmdb version: 1.3.0
psutil version: 5.9.2
pandas version: 1.4.4
einops version: 0.5.0
transformers version: 4.21.3
mlflow version: 1.30.0
pynrrd version: 1.0.0

For details about installing the optional dependencies, please visit:
    https://docs.monai.io/en/latest/installation.html#installing-the-recommended-dependencies

generating synthetic data to /scratch/local/62038346/tmp2yacdw8h (this may take a while)
(10, 1, 96, 96) (10, 1, 96, 96)
----------
epoch 1/10
This DataLoader will create 8 worker processes in total. Our suggested max number of worker in current system is 4, which is smaller than what this DataLoader is going to create. Please be aware that excessive worker creation might get DataLoader running slow or even freeze, lower the worker number to avoid potential slowness/freeze if necessary.
1/5, train_loss: 0.3865
2/5, train_loss: 0.4143
3/5, train_loss: 0.4294
4/5, train_loss: 0.3990
5/5, train_loss: 0.4297
epoch 1 average loss: 0.4118
----------
epoch 2/10
1/5, train_loss: 0.4115
2/5, train_loss: 0.3856
3/5, train_loss: 0.4410
4/5, train_loss: 0.3756
5/5, train_loss: 0.4200
epoch 2 average loss: 0.4067
saved new best metric model
current epoch: 2 current mean dice: 0.6044 best mean dice: 0.6044 at epoch 2
----------
epoch 3/10
1/5, train_loss: 0.3933
2/5, train_loss: 0.4154
3/5, train_loss: 0.3768
4/5, train_loss: 0.3939
5/5, train_loss: 0.3785
epoch 3 average loss: 0.3916
----------
epoch 4/10
1/5, train_loss: 0.4184
2/5, train_loss: 0.3834
3/5, train_loss: 0.3985
4/5, train_loss: 0.3955
5/5, train_loss: 0.3636
epoch 4 average loss: 0.3919
current epoch: 4 current mean dice: 0.5781 best mean dice: 0.6044 at epoch 2
----------
epoch 5/10
1/5, train_loss: 0.3978
2/5, train_loss: 0.3549
3/5, train_loss: 0.3791
4/5, train_loss: 0.3655
5/5, train_loss: 0.3829
epoch 5 average loss: 0.3760
----------
epoch 6/10
1/5, train_loss: 0.3806
2/5, train_loss: 0.3582
3/5, train_loss: 0.3769
4/5, train_loss: 0.3641
5/5, train_loss: 0.3735
epoch 6 average loss: 0.3707
current epoch: 6 current mean dice: 0.5765 best mean dice: 0.6044 at epoch 2
----------
epoch 7/10
1/5, train_loss: 0.3881
2/5, train_loss: 0.3374
3/5, train_loss: 0.3538
4/5, train_loss: 0.3403
5/5, train_loss: 0.3621
epoch 7 average loss: 0.3563
----------
epoch 8/10
1/5, train_loss: 0.3601
2/5, train_loss: 0.3481
3/5, train_loss: 0.3577
4/5, train_loss: 0.3344
5/5, train_loss: 0.3741
epoch 8 average loss: 0.3549
current epoch: 8 current mean dice: 0.5762 best mean dice: 0.6044 at epoch 2
----------
epoch 9/10
1/5, train_loss: 0.3424
2/5, train_loss: 0.3796
3/5, train_loss: 0.3460
4/5, train_loss: 0.3375
5/5, train_loss: 0.3584
epoch 9 average loss: 0.3528
----------
epoch 10/10
1/5, train_loss: 0.3259
2/5, train_loss: 0.3645
3/5, train_loss: 0.3416
4/5, train_loss: 0.3421
5/5, train_loss: 0.3504
epoch 10 average loss: 0.3449
current epoch: 10 current mean dice: 0.5782 best mean dice: 0.6044 at epoch 2
train completed, best_metric: 0.6044 at epoch: 2
