Tue Apr  4 12:02:04 EDT 2023
c0709a-s9.ufhpc
/home/hju/AI4HEALTH_workshop/label
INFO:    Starting build...
Getting image source signatures
Copying blob sha256:45bae771bc00f1e4713602197d731e594ef3a7863fbfb4233a30c42c31287074
Copying blob sha256:1953d8b854c3613ae5faaf423248e5f90f36b56c35d7e141402e96ddcdc91ad1
Copying blob sha256:2416db5e3ba6eece252f493f4919dcf3acf038a7a73d3375b6f17440554481a9
Copying blob sha256:2ba01ce48f03f168ea387b573bae3225d0ae3676927430ecbfaee5e6cce63cd1
Copying blob sha256:76cd223c882b5be2095405c40e7c4c2b2bc299bdc8b43122aab2746e4a077833
Copying blob sha256:fb0b3276a519f5e7085f51c75989b287b234b3508e1524cf2cdcbc397c06ec3d
Copying blob sha256:416ceba70e025441eab521e89ac8c4dc69ca35d72823c2ce31b27c348119ef27
Copying blob sha256:9f29debe0d89cb3dfe9fdf16a03117e0a8ba380c862497fb321e9b467446cbba
Copying blob sha256:94cb84c1285d29000ae09f4669e10573ad3640b4a7ad8257fd2b60166be49d66
Copying blob sha256:d8dcc244fe18a2ee761c7209329fed564d5c8008f167c9abbb4ccc05f5647a7c
Copying blob sha256:33a5fab03e15154507a287f27e1ba43adb5e9d766c8a98cf5856f5024b3ba765
Copying blob sha256:02fe0924ac3ce5b20446733d4b72ecee21031e83adfe5fc354fa0130d5d94adf
Copying blob sha256:608c8a0533034a8cc655eb963c98d88a546c766ce0b1e27841780391ccc28fba
Copying blob sha256:4f4fb700ef54461cfa02571ae0db9a0dc1e0cdb5577484a6d75e68dc38e8acc1
Copying blob sha256:079063e0d5ea7b77d4970ebbea8dd4016aaf0ab17cbbd4880510c83e0be04596
Copying blob sha256:3eb787a0a71b4e2c882ce8835b0e35534bd736b1698f21da14fecd17d7b6dde3
Copying blob sha256:688b2c892903ffb83391655dd51811cff00330b212f0239dea06a54ed20f46a1
Copying blob sha256:b706a6c654f3043b13ba9517dffb5b71a14dd30407b4d6846832b703b39b4fef
Copying blob sha256:6f1e1da7bd7bc484fe48da320087d34d5d11f3a43f8452c082fb8be6e36b23d6
Copying blob sha256:dfb5d79a074f3dff2844d9c3ab677cdd57f311f8c4595de56ce6269ad2d4b894
Copying blob sha256:9cb4ae6c9b9edbc92ae1e04bab36acf1eb4674a067a8fad4564b430cc6813acf
Copying blob sha256:78180d3f3014134a95904f415d19af861780bae7e6e5cd89882c86851f7ae437
Copying blob sha256:7f0de540b633e4964bac78a827252fab0544f154188b25ca4436244603a7e16f
Copying blob sha256:f874466111b289e6ac7eaa4787e054d87c63523aeb18915bb726a95623b60b6f
Copying blob sha256:a113f7ab8786f238c3e60cb2a880bdfa60b18e57a9e85e2c6d310859387a946c
Copying blob sha256:ef89dda3be8ae05c6653892007ffe70d4eb23732dda56b63ddf9d65a00659184
Copying blob sha256:0a7a609209c7d459a4cf1e0fb959b24759c78fdf0a6ce1046cf4efcf563913c6
Copying blob sha256:4f4fb700ef54461cfa02571ae0db9a0dc1e0cdb5577484a6d75e68dc38e8acc1
Copying blob sha256:d6c9f654232d280edfe78db8d837eccead31f4705d845eab5cd05b0743ae20a5
Copying blob sha256:0552db6fc3c7d6cfcc556084932f48a3f8ee13083bd99bcca2e423db1234e054
Copying blob sha256:6faa6f074f1c9bfc1f60664034fc40dca7834dfae26accacc9a1b858e9460cda
Copying blob sha256:76290bc2ba878e74d169cadc7d325ccbe850d113dcf15fc1d0cbbddd66aba2ba
Copying blob sha256:4d6f0741709bda5a188fcea10fb33cbc40021ea5c6ad7ce53eebcb401141af94
Copying blob sha256:d0f39b540bbd0d6048fcb7b9c0ea62f1cba550b26867523f1eab3c4dc026e490
Copying blob sha256:cb0ff236cd2fc07ce8b51e9b42f086119692b0b89ab3713c9b8295648cb1a878
Copying blob sha256:fe469f00cd2ed01675e05b22eb88a767843450b68ca4d83baa4b731658b2007f
Copying blob sha256:8c9265b5196f2c0f41a5d93c0889549f28352653c28565911f64cd46b300275b
Copying blob sha256:a1ce2bb994e5f04f2005173372205fd5631b4998f1d7be9b833b13acfdf86c23
Copying blob sha256:745802940cf0997306fa836bb9a6ddd96a6eac223c2a4c616c3abeb740680e51
Copying blob sha256:fad8d441dc48a02036e0634d978397803c61643b4a7f484c7d7a01e901fcedfe
Copying blob sha256:62e169860c655095c97ea0a434a3ef6c754763552a12bc125c8b6c418511addc
Copying blob sha256:56fc6ee11a765f0f03b0f396df6b46014b057ca8cbca41a8c75dda0780ec54b4
Copying blob sha256:8079d7cc9429ad7471e357a9b1beef797916892f3da464f9983dbb4b46c8f276
Copying blob sha256:c2959f3c1f793cb922bf3c018e7ef89e528f0f33f2171414b4b45def3d06e863
Copying blob sha256:b2f869cedbead276713d2674a6659347c42d6b8368eb3fd945b5940b861816a8
Copying blob sha256:342f9ecd7d0ba13ef132f2b69d31dca0b9e2715b9514ec835d39aa713ab56dee
Copying blob sha256:7ed5a40d20ce22ec8c79f507c17e2397d89408dc6cb1c63340f8e054a5169218
Copying blob sha256:b75f99413198e471142a072ecd3e936e0a048442170cbfcc9624f42cc2ea16ce
Copying blob sha256:9b13389ffa92d1971c89b840b574a022998feb0a917d0a51cc6ecc6c4e96e1d1
Copying blob sha256:36d1d1f90579789dfce6f28f832af56c384be72e7bdfd904128ec71994a859c4
Copying blob sha256:0e457be01953359b858dd6bd9edd3358da5f81917eac0755c6759d6a2082af0b
Copying blob sha256:bac5673a90e738f19b1fe4e96ecdde008076fadcf67961ccfb84ca1170fc790f
Copying blob sha256:f63b5c4ebed3335974095e682b59c7c2106b2a9a19357a07c5f9eb8e685e98e2
Copying blob sha256:f9e1729954c528a0b73bac7b443834b07824ae3564cb7215209e53e6f4890050
Copying blob sha256:7343b10fcbea64bc2676b3395c24b5c62c25509bd9a576f99b4ffcd1db81d29f
Copying blob sha256:6596cf1470fb91d87178315a602be25550f32e6ca0343548e21072d7fffc8264
Copying blob sha256:ba1c37fedc4adb4e6c20eb66e8b31e87ddd273f3bd554fa6fae358b4488ef702
Copying blob sha256:071145d1849840d916890c86c2f51a6afa90ebd9c5f08afa7243f0641229947e
Copying blob sha256:fbeeecf34eab3b6ac1eb36252ef02f9520a0d1c85c73c8353944bfb99e34a3dc
Copying blob sha256:8f0c0c1f2c5a392a58002f1d5075de65d18f1184334dcd3bf86dc0d301653581
Copying blob sha256:8b0e905829f3e582b2cdb507326f88dace189d1cab09a05ce3a04ec4759b41fb
Copying config sha256:a376a72d9e02fba5678ac2caf26fac668cf3207024da80b4bb33f56ff228ecec
Writing manifest to image destination
Storing signatures
2023/04/04 12:02:58  info unpack layer: sha256:fb0b3276a519f5e7085f51c75989b287b234b3508e1524cf2cdcbc397c06ec3d
2023/04/04 12:03:21  info unpack layer: sha256:2416db5e3ba6eece252f493f4919dcf3acf038a7a73d3375b6f17440554481a9
2023/04/04 12:04:09  info unpack layer: sha256:2ba01ce48f03f168ea387b573bae3225d0ae3676927430ecbfaee5e6cce63cd1
2023/04/04 12:04:22  info unpack layer: sha256:1953d8b854c3613ae5faaf423248e5f90f36b56c35d7e141402e96ddcdc91ad1
2023/04/04 12:04:22  info unpack layer: sha256:76cd223c882b5be2095405c40e7c4c2b2bc299bdc8b43122aab2746e4a077833
2023/04/04 12:05:02  info unpack layer: sha256:45bae771bc00f1e4713602197d731e594ef3a7863fbfb4233a30c42c31287074
2023/04/04 12:05:02  info unpack layer: sha256:416ceba70e025441eab521e89ac8c4dc69ca35d72823c2ce31b27c348119ef27
2023/04/04 12:05:02  info unpack layer: sha256:9f29debe0d89cb3dfe9fdf16a03117e0a8ba380c862497fb321e9b467446cbba
2023/04/04 12:05:02  info unpack layer: sha256:94cb84c1285d29000ae09f4669e10573ad3640b4a7ad8257fd2b60166be49d66
2023/04/04 12:05:02  info unpack layer: sha256:d8dcc244fe18a2ee761c7209329fed564d5c8008f167c9abbb4ccc05f5647a7c
2023/04/04 12:05:23  info unpack layer: sha256:33a5fab03e15154507a287f27e1ba43adb5e9d766c8a98cf5856f5024b3ba765
2023/04/04 12:05:39  info unpack layer: sha256:02fe0924ac3ce5b20446733d4b72ecee21031e83adfe5fc354fa0130d5d94adf
2023/04/04 12:05:39  info unpack layer: sha256:608c8a0533034a8cc655eb963c98d88a546c766ce0b1e27841780391ccc28fba
2023/04/04 12:05:57  info unpack layer: sha256:4f4fb700ef54461cfa02571ae0db9a0dc1e0cdb5577484a6d75e68dc38e8acc1
2023/04/04 12:05:57  info unpack layer: sha256:079063e0d5ea7b77d4970ebbea8dd4016aaf0ab17cbbd4880510c83e0be04596
2023/04/04 12:06:05  info unpack layer: sha256:3eb787a0a71b4e2c882ce8835b0e35534bd736b1698f21da14fecd17d7b6dde3
2023/04/04 12:09:03  info unpack layer: sha256:688b2c892903ffb83391655dd51811cff00330b212f0239dea06a54ed20f46a1
2023/04/04 12:09:04  info unpack layer: sha256:b706a6c654f3043b13ba9517dffb5b71a14dd30407b4d6846832b703b39b4fef
2023/04/04 12:09:04  info unpack layer: sha256:6f1e1da7bd7bc484fe48da320087d34d5d11f3a43f8452c082fb8be6e36b23d6
2023/04/04 12:09:05  info unpack layer: sha256:dfb5d79a074f3dff2844d9c3ab677cdd57f311f8c4595de56ce6269ad2d4b894
2023/04/04 12:12:27  info unpack layer: sha256:9cb4ae6c9b9edbc92ae1e04bab36acf1eb4674a067a8fad4564b430cc6813acf
2023/04/04 12:12:28  info unpack layer: sha256:78180d3f3014134a95904f415d19af861780bae7e6e5cd89882c86851f7ae437
2023/04/04 12:14:08  info unpack layer: sha256:7f0de540b633e4964bac78a827252fab0544f154188b25ca4436244603a7e16f
2023/04/04 12:14:13  info unpack layer: sha256:f874466111b289e6ac7eaa4787e054d87c63523aeb18915bb726a95623b60b6f
2023/04/04 12:14:13  info unpack layer: sha256:a113f7ab8786f238c3e60cb2a880bdfa60b18e57a9e85e2c6d310859387a946c
2023/04/04 12:14:16  warn rootless{usr/local/nvm/versions/node/v16.15.1/bin/corepack} ignoring (usually) harmless EPERM on setxattr "user.rootlesscontainers"
2023/04/04 12:14:16  warn rootless{usr/local/nvm/versions/node/v16.15.1/bin/npm} ignoring (usually) harmless EPERM on setxattr "user.rootlesscontainers"
2023/04/04 12:14:16  warn rootless{usr/local/nvm/versions/node/v16.15.1/bin/npx} ignoring (usually) harmless EPERM on setxattr "user.rootlesscontainers"
2023/04/04 12:14:26  info unpack layer: sha256:ef89dda3be8ae05c6653892007ffe70d4eb23732dda56b63ddf9d65a00659184
2023/04/04 12:14:26  info unpack layer: sha256:0a7a609209c7d459a4cf1e0fb959b24759c78fdf0a6ce1046cf4efcf563913c6
2023/04/04 12:14:28  info unpack layer: sha256:4f4fb700ef54461cfa02571ae0db9a0dc1e0cdb5577484a6d75e68dc38e8acc1
2023/04/04 12:14:28  info unpack layer: sha256:d6c9f654232d280edfe78db8d837eccead31f4705d845eab5cd05b0743ae20a5
2023/04/04 12:14:32  info unpack layer: sha256:0552db6fc3c7d6cfcc556084932f48a3f8ee13083bd99bcca2e423db1234e054
2023/04/04 12:14:32  info unpack layer: sha256:6faa6f074f1c9bfc1f60664034fc40dca7834dfae26accacc9a1b858e9460cda
2023/04/04 12:15:11  info unpack layer: sha256:76290bc2ba878e74d169cadc7d325ccbe850d113dcf15fc1d0cbbddd66aba2ba
2023/04/04 12:15:20  info unpack layer: sha256:4d6f0741709bda5a188fcea10fb33cbc40021ea5c6ad7ce53eebcb401141af94
2023/04/04 12:15:21  info unpack layer: sha256:d0f39b540bbd0d6048fcb7b9c0ea62f1cba550b26867523f1eab3c4dc026e490
2023/04/04 12:15:21  info unpack layer: sha256:cb0ff236cd2fc07ce8b51e9b42f086119692b0b89ab3713c9b8295648cb1a878
2023/04/04 12:15:42  info unpack layer: sha256:fe469f00cd2ed01675e05b22eb88a767843450b68ca4d83baa4b731658b2007f
2023/04/04 12:15:43  info unpack layer: sha256:8c9265b5196f2c0f41a5d93c0889549f28352653c28565911f64cd46b300275b
2023/04/04 12:16:29  warn rootless{usr/lib/libarrow.so} ignoring (usually) harmless EPERM on setxattr "user.rootlesscontainers"
2023/04/04 12:16:29  warn rootless{usr/lib/libarrow.so.800} ignoring (usually) harmless EPERM on setxattr "user.rootlesscontainers"
2023/04/04 12:16:29  warn rootless{usr/lib/libarrow_dataset.so} ignoring (usually) harmless EPERM on setxattr "user.rootlesscontainers"
2023/04/04 12:16:29  warn rootless{usr/lib/libarrow_dataset.so.800} ignoring (usually) harmless EPERM on setxattr "user.rootlesscontainers"
2023/04/04 12:16:29  warn rootless{usr/lib/libarrow_python.so} ignoring (usually) harmless EPERM on setxattr "user.rootlesscontainers"
2023/04/04 12:16:29  warn rootless{usr/lib/libarrow_python.so.800} ignoring (usually) harmless EPERM on setxattr "user.rootlesscontainers"
2023/04/04 12:16:49  warn rootless{usr/lib/libparquet.so} ignoring (usually) harmless EPERM on setxattr "user.rootlesscontainers"
2023/04/04 12:16:49  warn rootless{usr/lib/libparquet.so.800} ignoring (usually) harmless EPERM on setxattr "user.rootlesscontainers"
2023/04/04 12:16:53  info unpack layer: sha256:a1ce2bb994e5f04f2005173372205fd5631b4998f1d7be9b833b13acfdf86c23
2023/04/04 12:16:53  info unpack layer: sha256:745802940cf0997306fa836bb9a6ddd96a6eac223c2a4c616c3abeb740680e51
2023/04/04 12:16:53  info unpack layer: sha256:fad8d441dc48a02036e0634d978397803c61643b4a7f484c7d7a01e901fcedfe
2023/04/04 12:16:54  info unpack layer: sha256:62e169860c655095c97ea0a434a3ef6c754763552a12bc125c8b6c418511addc
2023/04/04 12:16:55  info unpack layer: sha256:56fc6ee11a765f0f03b0f396df6b46014b057ca8cbca41a8c75dda0780ec54b4
2023/04/04 12:16:57  info unpack layer: sha256:8079d7cc9429ad7471e357a9b1beef797916892f3da464f9983dbb4b46c8f276
2023/04/04 12:16:57  info unpack layer: sha256:c2959f3c1f793cb922bf3c018e7ef89e528f0f33f2171414b4b45def3d06e863
2023/04/04 12:16:59  info unpack layer: sha256:b2f869cedbead276713d2674a6659347c42d6b8368eb3fd945b5940b861816a8
2023/04/04 12:17:08  info unpack layer: sha256:342f9ecd7d0ba13ef132f2b69d31dca0b9e2715b9514ec835d39aa713ab56dee
2023/04/04 12:17:09  info unpack layer: sha256:7ed5a40d20ce22ec8c79f507c17e2397d89408dc6cb1c63340f8e054a5169218
2023/04/04 12:17:10  info unpack layer: sha256:b75f99413198e471142a072ecd3e936e0a048442170cbfcc9624f42cc2ea16ce
2023/04/04 12:17:10  info unpack layer: sha256:9b13389ffa92d1971c89b840b574a022998feb0a917d0a51cc6ecc6c4e96e1d1
2023/04/04 12:17:10  info unpack layer: sha256:36d1d1f90579789dfce6f28f832af56c384be72e7bdfd904128ec71994a859c4
2023/04/04 12:17:10  info unpack layer: sha256:0e457be01953359b858dd6bd9edd3358da5f81917eac0755c6759d6a2082af0b
2023/04/04 12:17:10  info unpack layer: sha256:bac5673a90e738f19b1fe4e96ecdde008076fadcf67961ccfb84ca1170fc790f
2023/04/04 12:18:34  info unpack layer: sha256:f63b5c4ebed3335974095e682b59c7c2106b2a9a19357a07c5f9eb8e685e98e2
2023/04/04 12:18:34  info unpack layer: sha256:f9e1729954c528a0b73bac7b443834b07824ae3564cb7215209e53e6f4890050
2023/04/04 12:18:36  info unpack layer: sha256:7343b10fcbea64bc2676b3395c24b5c62c25509bd9a576f99b4ffcd1db81d29f
2023/04/04 12:18:37  info unpack layer: sha256:6596cf1470fb91d87178315a602be25550f32e6ca0343548e21072d7fffc8264
2023/04/04 12:18:37  info unpack layer: sha256:ba1c37fedc4adb4e6c20eb66e8b31e87ddd273f3bd554fa6fae358b4488ef702
2023/04/04 12:18:37  info unpack layer: sha256:071145d1849840d916890c86c2f51a6afa90ebd9c5f08afa7243f0641229947e
2023/04/04 12:18:41  info unpack layer: sha256:fbeeecf34eab3b6ac1eb36252ef02f9520a0d1c85c73c8353944bfb99e34a3dc
2023/04/04 12:18:47  info unpack layer: sha256:8f0c0c1f2c5a392a58002f1d5075de65d18f1184334dcd3bf86dc0d301653581
2023/04/04 12:18:47  info unpack layer: sha256:8b0e905829f3e582b2cdb507326f88dace189d1cab09a05ce3a04ec4759b41fb
INFO:    Creating sandbox directory...
INFO:    Build complete: /blue/vendor-nvidia/hju/workshop_monailabel0.6.0/
