Fri Jan 28 12:25:02 EST 2022
c0700a-s26.ufhpc
/home/hju/run_monailabel
INFO:    Starting build...
Getting image source signatures
Copying blob sha256:7b1a6ab2e44dbac178598dabe7cff59bd67233dba0b27e4fbd1f9d4b3c877a54
Copying blob sha256:5f7323916ca4990fa21d198dfbd8600d486e2a63ce8a336ff4e0c282f0cdbaaf
Copying blob sha256:7ce644330c76d43e0cdc9d121bd6fb906cdb34f5d8349b0ae29493272d78162f
Copying blob sha256:e900e21272cd1c113c11741f36d4123aa2b40adea6c2cad1f9f39576e4a5d483
Copying blob sha256:d4017d4c1e65006cb9eeefb1a2ecfe8b875893e7f700546fc79658352ffb02bc
Copying blob sha256:44badd1d52eb4eaefc6295ce6b05ed817cb6aae465cef0328ea6d70ea78fb85b
Copying blob sha256:986fbdceecc43f7de30b0f981cfc238e47f1e7f04c10e2f6ac6216e451b769af
Copying blob sha256:c50b2e15ae3aa7ff4996ce0c5b7ef5a0a5023178aaa62abc478612a8e9a29df2
Copying blob sha256:3b9fa17db1ec6ff682c641c3fccea2f0222d776c8479ac46fb374d56956cc6c4
Copying blob sha256:137010008590ee030dbc3dd8ca7a5e399d72cd45fd3abde368fcf40bebe0d55d
Copying blob sha256:122482c27e26fdfef84bba87cd97a17451dad711c0150e162371a2deb4d504c4
Copying blob sha256:79e1dac1a5e1a0bce379c3fbf573f7838ba9fae5dd6fcd3e43f9cf4f24a3aca3
Copying blob sha256:2d0d69917e68f38f1d0cb5e80a5b19f5b7e1a984376880010eed704181cf1b5e
Copying blob sha256:ecd89c33c21329652cd7e3f6c020d991a3630ef67ed37dbff6cb1d8ca3415720
Copying blob sha256:c90b882bd028ce458c34e9b7d4792d87e813e7e7ece19654cc99b7477b584978
Copying blob sha256:cb269007b11f5eea0c3960c1edc8a951773d13a24d1e6f613bd486ec12941d96
Copying blob sha256:f0c36d6d703e0cb31bf728eb48e777fb5657d771f56dfc19e6ffd6ba97df2df3
Copying blob sha256:f819aa073c28e2d1a981bb75c86fd76c0ad7d753617b40e87f56c104419e26b3
Copying blob sha256:bc9b73f19422795b585efa33f3db412b48c1cad2658c148e9a4e4f3aab5bc8ed
Copying blob sha256:2cc7096264362ee1e2ccf9d52ff8bf1a4308d22d6e169eaeb4e2cd7dc36e4553
Copying blob sha256:8c29b9f10ef39609ffff41ebab98f42a8a757249d59e281e97862f3e9da119e9
Copying blob sha256:4298f114958568977d8e18563c9f50ee97f271198ee4eae7804a558b6bb14393
Copying blob sha256:0366ac38a86d87687f80cf31271098eab55891ee9a654b7835771e629c3373e3
Copying blob sha256:21118e218fb9cfef089ae058a851a1c0e6a7f53f313d1a0c7a73f6e60e93096d
Copying blob sha256:1e467f423fefb0209260062250b76fced0b98c95b4d15080b6081b8f5d56285c
Copying blob sha256:962d0998264ffddd6b2c3c39b906f627fb496519db65ad61d6fbe91017909fcb
Copying blob sha256:819c3daa65f11d31fafe491ec17f7588de6a45c515909ffa5252aeeafcc91895
Copying blob sha256:a221ac533e5b30f935372e1eecfbef91e5fa00bbd7aa79a834c509d031ceab3c
Copying blob sha256:0a33598379485c2049b1bc55cec2b674c49dc95725afe0ef5c07851f6a99ec63
Copying blob sha256:ee43a67a3402ae3e09917358dfea7bb0653f9c03156a0aa8fb49a931a551d48d
Copying blob sha256:a7081f12f3d335b188c0835a2d53cf6603adf07fdba7ba8efeb4ef9a58fc3d11
Copying blob sha256:58d72baa819194cb3b0cb9618c4267953bbcaac9de5b5a98f08201a5151ce161
Copying blob sha256:de949c7f6cb282036b08f2be6d7028e2ea9b9d3d8061be07c2e842fa557ef21c
Copying blob sha256:8aa4cb72447de7c3bdb5509cb60b618978ab4817a04fb77d6190a2e3b09c7bf8
Copying blob sha256:23bf56b0cd00989bd718ec73b655a0c97159c2fc99f38f575ba49a959046b872
Copying blob sha256:c592bc68606eb9d51728a297a3c391faefedb92132f18080bcc5f01850c2d787
Copying blob sha256:2ea2eb02e75fa48d2af4a6acd51c905ec6c990ba0e05a350271062076d4b976f
Copying blob sha256:9092315ac9d8337fa1c5b1ef703a0969069294ef32af4810e0b5c3e1f7fef394
Copying blob sha256:375180a4c9a14cb43cfba4cdcef64290b0a55e27dd14b2d85a98813c39ac9aaf
Copying blob sha256:9ef7c386f1d80ef1b99ae127c0a7212b12f709b2d2127ce1ca2c72f3d743bb20
Copying blob sha256:872ff03f9105d70e7ef19d107993cda8d0b86478a9beb9120343dbba56996d82
Copying blob sha256:fb1f539548ba7619872477d1fb9bc679a2bc803cfc958d6048f1c0e98ba4d5d9
Copying blob sha256:d2b91240eea8055a5cbc648a059fbb6d632b6699f6cc566490c3cb34d2f23442
Copying blob sha256:230f49853d7720c1df067935ffa35cd1592f694e63b179777a1ed0b9a9532022
Copying blob sha256:e938236661bdbac8a0c911f8d4cdf4ed441fb7681bc87474b57d0d0f431cf747
Copying blob sha256:38af28ed59c7042372f9e8b1de640a0a748d6c7ac35f95fa8c4971fe2bd3eded
Copying blob sha256:88f950ed10b71f4837931b8a3fc32bc58f7b05c6a3160f6373cb3f8764513518
Copying blob sha256:09404618722ea35f9759067545af00e59825d13a59415fd740bd86857ac0b404
Copying blob sha256:634377c5b8ae96011f0fd282ccb9b6dfd88ac46e4faf677738840c7ee82f6e5c
Copying blob sha256:05e32fbd3fda6b4d64c5cffffdedbbd38f654992fef22890549ceac7ff170730
Copying blob sha256:d7b747c79b11d2fa807cfb487d69d36860e15d2b19e2f4f24b283dbe82f13588
Copying blob sha256:6ca1f983fb603f30dd2156907fef7dcd9ba8b2dc140aea7b07d100a21b9a8445
Copying blob sha256:fe3bfa4c83102e80cb2cc3cd102f6938857c304520e6baac96e81cf37310e9d8
Copying blob sha256:aa4ec8ef88b9c7f6a52661347271bb438e60fb7c6ffabc2e84d6e8039af86112
Copying blob sha256:62cc1e90c9519e3e2ab0243440fd6dacbff3314f30d66d575db2f491ce6b3a23
Copying blob sha256:7faed12dbd3eb4fc023f1bae487a65ec08c853960f0e93ee85e0717b6062d581
Copying blob sha256:a87b5eca8cbff475d94dcdebfcb863aa214c440a2546272ceee142416f448ae1
Copying blob sha256:b69db2bd936f8a54b9d5e4c54510793a0a308004621f833e93019a6babf4608b
Copying blob sha256:a0493bb5c5aeae584b9a1e6566ea7699e608c6886ede7633e8b2d209f1848efa
Copying blob sha256:1f668f308b495d6906d635a0ff4a9c39d92442a301b16f5f56a36bee92c7e336
Copying blob sha256:625c2591df52aff255ecdb35890ffaf8f35469b68ce1ccef517cf1de53585e08
Copying blob sha256:37874b119e65eafbc317b9bf62183fb19d03e2217f6cd01afca63bb4cdf88481
Copying blob sha256:d3598616d4f8b277c90ab8fd2f154d5e751efabcae3821a54883478403a18b05
Copying blob sha256:3cf7fb6d568e3cb58c3b584e2e05aaec9652916593b085779615c4927d438e55
Copying blob sha256:fdd84efc99690508c046410f923de2e93d587e5340033ab8c3f36d1ce421516c
Copying blob sha256:52bda15d5d2377e4937a0fdb2e8955c1dc449efabd1a0b09a26b6335e5cb3e9a
Copying blob sha256:346e1b4a33859d93b75a366836804866e442e3bb8880a44e8a8f1d25fb6a5c8a
Copying blob sha256:f6c39851bdb1c4a8506424cddeff5d437e9594a77053f4c418e37e604d9839b2
Copying blob sha256:feef618bfeaec1f15b9ca0f58ebd439420f267279774905728c0ccb1386a13d8
Copying blob sha256:1e536c720c80625d6c705f3b6da5751e5b605fb9e8833c892b5929ec94e1413c
Copying blob sha256:4f4fb700ef54461cfa02571ae0db9a0dc1e0cdb5577484a6d75e68dc38e8acc1
Copying config sha256:8f9a3889f4b5e0c723748911a284234b0a52bef25ffdcf972a64d358590259d9
Writing manifest to image destination
Storing signatures
2022/01/28 12:26:12  info unpack layer: sha256:7b1a6ab2e44dbac178598dabe7cff59bd67233dba0b27e4fbd1f9d4b3c877a54
2022/01/28 12:26:35  info unpack layer: sha256:5f7323916ca4990fa21d198dfbd8600d486e2a63ce8a336ff4e0c282f0cdbaaf
2022/01/28 12:27:17  info unpack layer: sha256:7ce644330c76d43e0cdc9d121bd6fb906cdb34f5d8349b0ae29493272d78162f
2022/01/28 12:27:35  info unpack layer: sha256:e900e21272cd1c113c11741f36d4123aa2b40adea6c2cad1f9f39576e4a5d483
2022/01/28 12:27:35  info unpack layer: sha256:d4017d4c1e65006cb9eeefb1a2ecfe8b875893e7f700546fc79658352ffb02bc
2022/01/28 12:27:35  info unpack layer: sha256:44badd1d52eb4eaefc6295ce6b05ed817cb6aae465cef0328ea6d70ea78fb85b
2022/01/28 12:27:35  info unpack layer: sha256:986fbdceecc43f7de30b0f981cfc238e47f1e7f04c10e2f6ac6216e451b769af
2022/01/28 12:27:35  info unpack layer: sha256:c50b2e15ae3aa7ff4996ce0c5b7ef5a0a5023178aaa62abc478612a8e9a29df2
2022/01/28 12:27:35  info unpack layer: sha256:3b9fa17db1ec6ff682c641c3fccea2f0222d776c8479ac46fb374d56956cc6c4
2022/01/28 12:27:35  info unpack layer: sha256:137010008590ee030dbc3dd8ca7a5e399d72cd45fd3abde368fcf40bebe0d55d
2022/01/28 12:27:35  info unpack layer: sha256:122482c27e26fdfef84bba87cd97a17451dad711c0150e162371a2deb4d504c4
2022/01/28 12:27:35  info unpack layer: sha256:79e1dac1a5e1a0bce379c3fbf573f7838ba9fae5dd6fcd3e43f9cf4f24a3aca3
2022/01/28 12:28:52  info unpack layer: sha256:2d0d69917e68f38f1d0cb5e80a5b19f5b7e1a984376880010eed704181cf1b5e
2022/01/28 12:28:52  info unpack layer: sha256:ecd89c33c21329652cd7e3f6c020d991a3630ef67ed37dbff6cb1d8ca3415720
2022/01/28 12:28:52  info unpack layer: sha256:c90b882bd028ce458c34e9b7d4792d87e813e7e7ece19654cc99b7477b584978
2022/01/28 12:28:52  info unpack layer: sha256:cb269007b11f5eea0c3960c1edc8a951773d13a24d1e6f613bd486ec12941d96
2022/01/28 12:28:52  info unpack layer: sha256:f0c36d6d703e0cb31bf728eb48e777fb5657d771f56dfc19e6ffd6ba97df2df3
2022/01/28 12:28:52  info unpack layer: sha256:f819aa073c28e2d1a981bb75c86fd76c0ad7d753617b40e87f56c104419e26b3
2022/01/28 12:28:52  info unpack layer: sha256:bc9b73f19422795b585efa33f3db412b48c1cad2658c148e9a4e4f3aab5bc8ed
2022/01/28 12:29:09  info unpack layer: sha256:2cc7096264362ee1e2ccf9d52ff8bf1a4308d22d6e169eaeb4e2cd7dc36e4553
2022/01/28 12:29:22  info unpack layer: sha256:8c29b9f10ef39609ffff41ebab98f42a8a757249d59e281e97862f3e9da119e9
2022/01/28 12:29:22  info unpack layer: sha256:4298f114958568977d8e18563c9f50ee97f271198ee4eae7804a558b6bb14393
2022/01/28 12:29:41  info unpack layer: sha256:0366ac38a86d87687f80cf31271098eab55891ee9a654b7835771e629c3373e3
2022/01/28 12:31:08  info unpack layer: sha256:21118e218fb9cfef089ae058a851a1c0e6a7f53f313d1a0c7a73f6e60e93096d
2022/01/28 12:34:59  info unpack layer: sha256:1e467f423fefb0209260062250b76fced0b98c95b4d15080b6081b8f5d56285c
2022/01/28 12:35:00  info unpack layer: sha256:962d0998264ffddd6b2c3c39b906f627fb496519db65ad61d6fbe91017909fcb
2022/01/28 12:35:00  info unpack layer: sha256:819c3daa65f11d31fafe491ec17f7588de6a45c515909ffa5252aeeafcc91895
2022/01/28 12:35:01  info unpack layer: sha256:a221ac533e5b30f935372e1eecfbef91e5fa00bbd7aa79a834c509d031ceab3c
2022/01/28 12:38:25  info unpack layer: sha256:0a33598379485c2049b1bc55cec2b674c49dc95725afe0ef5c07851f6a99ec63
2022/01/28 12:38:26  info unpack layer: sha256:ee43a67a3402ae3e09917358dfea7bb0653f9c03156a0aa8fb49a931a551d48d
2022/01/28 12:39:16  info unpack layer: sha256:a7081f12f3d335b188c0835a2d53cf6603adf07fdba7ba8efeb4ef9a58fc3d11
2022/01/28 12:39:24  info unpack layer: sha256:58d72baa819194cb3b0cb9618c4267953bbcaac9de5b5a98f08201a5151ce161
2022/01/28 12:39:24  info unpack layer: sha256:de949c7f6cb282036b08f2be6d7028e2ea9b9d3d8061be07c2e842fa557ef21c
2022/01/28 12:40:18  warn rootless{usr/local/nvm/versions/node/v16.6.1/bin/npm} ignoring (usually) harmless EPERM on setxattr "user.rootlesscontainers"
2022/01/28 12:40:18  warn rootless{usr/local/nvm/versions/node/v16.6.1/bin/npx} ignoring (usually) harmless EPERM on setxattr "user.rootlesscontainers"
2022/01/28 12:40:33  info unpack layer: sha256:8aa4cb72447de7c3bdb5509cb60b618978ab4817a04fb77d6190a2e3b09c7bf8
2022/01/28 12:40:33  info unpack layer: sha256:23bf56b0cd00989bd718ec73b655a0c97159c2fc99f38f575ba49a959046b872
2022/01/28 12:40:37  info unpack layer: sha256:c592bc68606eb9d51728a297a3c391faefedb92132f18080bcc5f01850c2d787
2022/01/28 12:40:42  info unpack layer: sha256:2ea2eb02e75fa48d2af4a6acd51c905ec6c990ba0e05a350271062076d4b976f
2022/01/28 12:40:42  info unpack layer: sha256:9092315ac9d8337fa1c5b1ef703a0969069294ef32af4810e0b5c3e1f7fef394
2022/01/28 12:41:19  info unpack layer: sha256:375180a4c9a14cb43cfba4cdcef64290b0a55e27dd14b2d85a98813c39ac9aaf
2022/01/28 12:41:38  info unpack layer: sha256:9ef7c386f1d80ef1b99ae127c0a7212b12f709b2d2127ce1ca2c72f3d743bb20
2022/01/28 12:41:40  info unpack layer: sha256:872ff03f9105d70e7ef19d107993cda8d0b86478a9beb9120343dbba56996d82
2022/01/28 12:41:40  info unpack layer: sha256:fb1f539548ba7619872477d1fb9bc679a2bc803cfc958d6048f1c0e98ba4d5d9
2022/01/28 12:41:40  info unpack layer: sha256:d2b91240eea8055a5cbc648a059fbb6d632b6699f6cc566490c3cb34d2f23442
2022/01/28 12:42:04  info unpack layer: sha256:230f49853d7720c1df067935ffa35cd1592f694e63b179777a1ed0b9a9532022
2022/01/28 12:42:04  info unpack layer: sha256:e938236661bdbac8a0c911f8d4cdf4ed441fb7681bc87474b57d0d0f431cf747
2022/01/28 12:42:40  warn rootless{usr/include/cuco/libcudacxx/cuda/std/detail/libcxx/include} ignoring (usually) harmless EPERM on setxattr "user.rootlesscontainers"
2022/01/28 12:42:48  warn rootless{usr/include/libcudf/libcudacxx/cuda/std/detail/libcxx/include} ignoring (usually) harmless EPERM on setxattr "user.rootlesscontainers"
2022/01/28 12:42:54  warn rootless{usr/lib/libarrow.so} ignoring (usually) harmless EPERM on setxattr "user.rootlesscontainers"
2022/01/28 12:42:54  warn rootless{usr/lib/libarrow.so.500} ignoring (usually) harmless EPERM on setxattr "user.rootlesscontainers"
2022/01/28 12:42:54  warn rootless{usr/lib/libarrow_cuda.so} ignoring (usually) harmless EPERM on setxattr "user.rootlesscontainers"
2022/01/28 12:42:54  warn rootless{usr/lib/libarrow_cuda.so.500} ignoring (usually) harmless EPERM on setxattr "user.rootlesscontainers"
2022/01/28 12:42:54  warn rootless{usr/lib/libarrow_dataset.so} ignoring (usually) harmless EPERM on setxattr "user.rootlesscontainers"
2022/01/28 12:42:54  warn rootless{usr/lib/libarrow_dataset.so.500} ignoring (usually) harmless EPERM on setxattr "user.rootlesscontainers"
2022/01/28 12:42:55  warn rootless{usr/lib/libarrow_python.so} ignoring (usually) harmless EPERM on setxattr "user.rootlesscontainers"
2022/01/28 12:42:55  warn rootless{usr/lib/libarrow_python.so.500} ignoring (usually) harmless EPERM on setxattr "user.rootlesscontainers"
2022/01/28 12:43:14  warn rootless{usr/lib/libparquet.so} ignoring (usually) harmless EPERM on setxattr "user.rootlesscontainers"
2022/01/28 12:43:14  warn rootless{usr/lib/libparquet.so.500} ignoring (usually) harmless EPERM on setxattr "user.rootlesscontainers"
2022/01/28 12:43:14  info unpack layer: sha256:38af28ed59c7042372f9e8b1de640a0a748d6c7ac35f95fa8c4971fe2bd3eded
2022/01/28 12:43:14  info unpack layer: sha256:88f950ed10b71f4837931b8a3fc32bc58f7b05c6a3160f6373cb3f8764513518
2022/01/28 12:43:14  info unpack layer: sha256:09404618722ea35f9759067545af00e59825d13a59415fd740bd86857ac0b404
2022/01/28 12:43:14  info unpack layer: sha256:634377c5b8ae96011f0fd282ccb9b6dfd88ac46e4faf677738840c7ee82f6e5c
2022/01/28 12:43:16  info unpack layer: sha256:05e32fbd3fda6b4d64c5cffffdedbbd38f654992fef22890549ceac7ff170730
2022/01/28 12:43:18  info unpack layer: sha256:d7b747c79b11d2fa807cfb487d69d36860e15d2b19e2f4f24b283dbe82f13588
2022/01/28 12:43:19  info unpack layer: sha256:6ca1f983fb603f30dd2156907fef7dcd9ba8b2dc140aea7b07d100a21b9a8445
2022/01/28 12:43:20  info unpack layer: sha256:fe3bfa4c83102e80cb2cc3cd102f6938857c304520e6baac96e81cf37310e9d8
2022/01/28 12:43:42  info unpack layer: sha256:aa4ec8ef88b9c7f6a52661347271bb438e60fb7c6ffabc2e84d6e8039af86112
2022/01/28 12:43:52  info unpack layer: sha256:62cc1e90c9519e3e2ab0243440fd6dacbff3314f30d66d575db2f491ce6b3a23
2022/01/28 12:43:52  info unpack layer: sha256:7faed12dbd3eb4fc023f1bae487a65ec08c853960f0e93ee85e0717b6062d581
2022/01/28 12:43:52  info unpack layer: sha256:a87b5eca8cbff475d94dcdebfcb863aa214c440a2546272ceee142416f448ae1
2022/01/28 12:43:52  info unpack layer: sha256:b69db2bd936f8a54b9d5e4c54510793a0a308004621f833e93019a6babf4608b
2022/01/28 12:43:52  info unpack layer: sha256:a0493bb5c5aeae584b9a1e6566ea7699e608c6886ede7633e8b2d209f1848efa
2022/01/28 12:43:52  info unpack layer: sha256:1f668f308b495d6906d635a0ff4a9c39d92442a301b16f5f56a36bee92c7e336
2022/01/28 12:45:08  info unpack layer: sha256:625c2591df52aff255ecdb35890ffaf8f35469b68ce1ccef517cf1de53585e08
2022/01/28 12:45:08  info unpack layer: sha256:37874b119e65eafbc317b9bf62183fb19d03e2217f6cd01afca63bb4cdf88481
2022/01/28 12:45:09  info unpack layer: sha256:d3598616d4f8b277c90ab8fd2f154d5e751efabcae3821a54883478403a18b05
2022/01/28 12:45:10  info unpack layer: sha256:3cf7fb6d568e3cb58c3b584e2e05aaec9652916593b085779615c4927d438e55
2022/01/28 12:45:11  info unpack layer: sha256:fdd84efc99690508c046410f923de2e93d587e5340033ab8c3f36d1ce421516c
2022/01/28 12:45:11  info unpack layer: sha256:52bda15d5d2377e4937a0fdb2e8955c1dc449efabd1a0b09a26b6335e5cb3e9a
2022/01/28 12:45:11  info unpack layer: sha256:346e1b4a33859d93b75a366836804866e442e3bb8880a44e8a8f1d25fb6a5c8a
2022/01/28 12:45:21  info unpack layer: sha256:f6c39851bdb1c4a8506424cddeff5d437e9594a77053f4c418e37e604d9839b2
2022/01/28 12:45:21  info unpack layer: sha256:feef618bfeaec1f15b9ca0f58ebd439420f267279774905728c0ccb1386a13d8
2022/01/28 12:45:34  info unpack layer: sha256:1e536c720c80625d6c705f3b6da5751e5b605fb9e8833c892b5929ec94e1413c
2022/01/28 12:45:39  info unpack layer: sha256:4f4fb700ef54461cfa02571ae0db9a0dc1e0cdb5577484a6d75e68dc38e8acc1
INFO:    Creating sandbox directory...
INFO:    Build complete: /blue/vendor-nvidia/hju/monailabel/
