Thu Feb 17 22:14:41 EST 2022
c0702a-s7.ufhpc
/home/hju/run_monailabel/demo
Using PYTHONPATH=/opt:
usage: monailabel [-h] {start_server,apps,datasets,plugins} ...

positional arguments:
  {start_server,apps,datasets,plugins}
                        sub-command help
    start_server        Start Application Server
    apps                list or download sample apps
    datasets            list or download sample datasets
    plugins             list or download viewer plugins

optional arguments:
  -h, --help            show this help message and exit
Using PYTHONPATH=/opt:
Available Sample Apps are: (/opt/conda/monailabel/sample-apps)
----------------------------------------------------
Deepedit based Apps
----------------------------------------------------
  deepedit                      : /opt/conda/monailabel/sample-apps/deepedit
  deepedit_multilabel           : /opt/conda/monailabel/sample-apps/deepedit_multilabel

Deepgrow based Apps
----------------------------------------------------
  deepgrow                      : /opt/conda/monailabel/sample-apps/deepgrow

Standard Segmentation Apps
----------------------------------------------------
  segmentation                  : /opt/conda/monailabel/sample-apps/segmentation
  segmentation_left_atrium      : /opt/conda/monailabel/sample-apps/segmentation_left_atrium
  segmentation_spleen           : /opt/conda/monailabel/sample-apps/segmentation_spleen

Using PYTHONPATH=/opt:
Available Datasets are:
----------------------------------------------------
  Task01_BrainTumour            : https://msd-for-monai.s3-us-west-2.amazonaws.com/Task01_BrainTumour.tar
  Task02_Heart                  : https://msd-for-monai.s3-us-west-2.amazonaws.com/Task02_Heart.tar
  Task03_Liver                  : https://msd-for-monai.s3-us-west-2.amazonaws.com/Task03_Liver.tar
  Task04_Hippocampus            : https://msd-for-monai.s3-us-west-2.amazonaws.com/Task04_Hippocampus.tar
  Task05_Prostate               : https://msd-for-monai.s3-us-west-2.amazonaws.com/Task05_Prostate.tar
  Task06_Lung                   : https://msd-for-monai.s3-us-west-2.amazonaws.com/Task06_Lung.tar
  Task07_Pancreas               : https://msd-for-monai.s3-us-west-2.amazonaws.com/Task07_Pancreas.tar
  Task08_HepaticVessel          : https://msd-for-monai.s3-us-west-2.amazonaws.com/Task08_HepaticVessel.tar
  Task09_Spleen                 : https://msd-for-monai.s3-us-west-2.amazonaws.com/Task09_Spleen.tar
  Task10_Colon                  : https://msd-for-monai.s3-us-west-2.amazonaws.com/Task10_Colon.tar

