Wed Feb  8 19:09:20 EST 2023
c1101a-s23.ufhpc
/home/hju/run_singlecell_rapids
INFO:    Starting build...
Getting image source signatures
Copying blob sha256:c1a466107a5b126de1f05c0d88e32454aca27c8e11baee58ea5c446ec265c30e
Copying blob sha256:feac5306138255e28a9862d3f3d29025d0a4d0648855afe1acd6131af07138ac
Copying blob sha256:6a69fd14141938f13e4a0912b1557f44ae019ddf17e843d9675a6ed153d02e01
Copying blob sha256:0d649a8cb2247ff03550da739f7a9d405f50f86e2f847a15f8a16bd8c77fb13d
Copying blob sha256:7b3a3400fa26052109eaaa97a8ca1259be1b948f04d3ae95942a9d9117484c06
Copying blob sha256:c5b94fee392658b24d127c26384a615db3b5e7961cc604b7aff3b1a7f54c725a
Copying blob sha256:ec26b19d23c73c723f900af658a673e0f6b47f35c29d97a04fdac16d6be24369
Copying blob sha256:d9ef773f9010f92f2876c00b6a8de216f2e3ea0a1706ba650fecac953ad41801
Copying blob sha256:4f300821dc265ca12abe749dcbceadc6d16598faf74fee5b5ace500251baf716
Copying blob sha256:ccb435581d696eb57ae108f8a171023d80b67f1c1a5d2c0e47a910a1bae26a13
Copying blob sha256:2e4e0f42cceaebb607786ec29d74a90039dbefd32d2d4712b89e792659768025
Copying blob sha256:428076da93289f9a6871aa3d2efdbde5837d060876f985218e2948edb719e3c3
Copying blob sha256:f7619d3239d07d5a3f3d8bf78c13a5acb8a186a30f6dfa76e152727571aa2bd6
Copying blob sha256:75916b75afbcb885db8792ada1089a3c13ee40af8f972756f021f65f01551983
Copying blob sha256:6fe6ed1da1ee4a72f166814b61f001ca9549b7917e5d7273218a4002ce6f5482
Copying blob sha256:e25d9b0f9e992733508ed203a78a3d3d1752b9f61ce6d09f7616f0ca64a1dd15
Copying blob sha256:0bbf9de80a2e2ab36be412df1e5b6f1df49adc75e56cca48fc288f1d8e26c841
Copying blob sha256:2a3f9d949200eb6a6a1982231b64185f9adac580befaeff3f262c1c66ae71742
Copying config sha256:bdb92e989b8efc21b4f94b40b61e47d07accf92a6e0f98a32c55c59df0529488
Writing manifest to image destination
Storing signatures
2023/02/08 19:09:55  info unpack layer: sha256:feac5306138255e28a9862d3f3d29025d0a4d0648855afe1acd6131af07138ac
2023/02/08 19:10:27  info unpack layer: sha256:7b3a3400fa26052109eaaa97a8ca1259be1b948f04d3ae95942a9d9117484c06
2023/02/08 19:10:34  info unpack layer: sha256:6a69fd14141938f13e4a0912b1557f44ae019ddf17e843d9675a6ed153d02e01
2023/02/08 19:10:34  info unpack layer: sha256:0d649a8cb2247ff03550da739f7a9d405f50f86e2f847a15f8a16bd8c77fb13d
2023/02/08 19:10:34  info unpack layer: sha256:c5b94fee392658b24d127c26384a615db3b5e7961cc604b7aff3b1a7f54c725a
2023/02/08 19:10:34  info unpack layer: sha256:c1a466107a5b126de1f05c0d88e32454aca27c8e11baee58ea5c446ec265c30e
2023/02/08 19:10:58  info unpack layer: sha256:ec26b19d23c73c723f900af658a673e0f6b47f35c29d97a04fdac16d6be24369
2023/02/08 19:10:58  info unpack layer: sha256:d9ef773f9010f92f2876c00b6a8de216f2e3ea0a1706ba650fecac953ad41801
2023/02/08 19:13:13  info unpack layer: sha256:4f300821dc265ca12abe749dcbceadc6d16598faf74fee5b5ace500251baf716
2023/02/08 19:21:32  info unpack layer: sha256:ccb435581d696eb57ae108f8a171023d80b67f1c1a5d2c0e47a910a1bae26a13
2023/02/08 19:25:44  info unpack layer: sha256:2e4e0f42cceaebb607786ec29d74a90039dbefd32d2d4712b89e792659768025
2023/02/08 19:27:03  info unpack layer: sha256:428076da93289f9a6871aa3d2efdbde5837d060876f985218e2948edb719e3c3
2023/02/08 19:27:33  info unpack layer: sha256:f7619d3239d07d5a3f3d8bf78c13a5acb8a186a30f6dfa76e152727571aa2bd6
2023/02/08 19:27:34  info unpack layer: sha256:75916b75afbcb885db8792ada1089a3c13ee40af8f972756f021f65f01551983
2023/02/08 19:28:40  info unpack layer: sha256:6fe6ed1da1ee4a72f166814b61f001ca9549b7917e5d7273218a4002ce6f5482
2023/02/08 19:29:20  info unpack layer: sha256:e25d9b0f9e992733508ed203a78a3d3d1752b9f61ce6d09f7616f0ca64a1dd15
2023/02/08 19:29:20  info unpack layer: sha256:0bbf9de80a2e2ab36be412df1e5b6f1df49adc75e56cca48fc288f1d8e26c841
2023/02/08 19:29:22  info unpack layer: sha256:2a3f9d949200eb6a6a1982231b64185f9adac580befaeff3f262c1c66ae71742
INFO:    Creating sandbox directory...
INFO:    Build complete: /blue/vendor-nvidia/hju/single-cell-examples_rapids_cuda11.0
