Tue Feb  7 17:03:16 EST 2023
c1103a-s11.ufhpc
/home/hju/run_parabricks/dryrun
Detected 4 CUDA Capable device(s), considering 4 device(s)
  CUDA Driver Version / Runtime Version          11.4 / 11.7
Using model for CUDA Capability Major/Minor version number:    80
[PB Info 2023-Feb-07 17:03:22] ------------------------------------------------------------------------------
[PB Info 2023-Feb-07 17:03:22] ||                 Parabricks accelerated Genomics Pipeline                 ||
[PB Info 2023-Feb-07 17:03:22] ||                              Version 4.0.1-1                             ||
[PB Info 2023-Feb-07 17:03:22] ||                                deepvariant                               ||
[PB Info 2023-Feb-07 17:03:22] ------------------------------------------------------------------------------
[PB Info 2023-Feb-07 17:03:22] Starting DeepVariant
[PB Info 2023-Feb-07 17:03:22] Running with 4 gpu, each with 4 workers
[PB Info 2023-Feb-07 17:03:35] ProgressMeter -	Current-Locus	Elapsed-Minutes
[PB Info 2023-Feb-07 17:03:41] ProgressMeter -	:0	0.1
[PB Info 2023-Feb-07 17:03:47] ProgressMeter -	:0	0.2
[PB Info 2023-Feb-07 17:03:53] ProgressMeter -	:0	0.3
[PB Info 2023-Feb-07 17:03:59] ProgressMeter -	chr1:10000	0.4
[PB Info 2023-Feb-07 17:04:05] ProgressMeter -	chr1:10000	0.5
[PB Info 2023-Feb-07 17:04:11] ProgressMeter -	chr1:532000	0.6
[PB Info 2023-Feb-07 17:04:17] ProgressMeter -	chr1:28767000	0.7
[PB Info 2023-Feb-07 17:04:23] ProgressMeter -	chr2:17246000	0.8
[PB Info 2023-Feb-07 17:04:29] ProgressMeter -	chr3:41137000	0.9
[PB Info 2023-Feb-07 17:04:35] ProgressMeter -	chr5:28740000	1.0
[PB Info 2023-Feb-07 17:04:41] ProgressMeter -	chr7:55199000	1.1
[PB Info 2023-Feb-07 17:04:47] ProgressMeter -	chr9:95512000	1.2
[PB Info 2023-Feb-07 17:04:53] ProgressMeter -	chr12:920000	1.3
[PB Info 2023-Feb-07 17:04:59] ProgressMeter -	chr14:89167000	1.4
[PB Info 2023-Feb-07 17:05:05] ProgressMeter -	chr18:43620000	1.5
[PB Info 2023-Feb-07 17:05:11] ProgressMeter -	chrX:82622000	1.6
[PB Info 2023-Feb-07 17:05:19] Deepvariant is finished, total time is 103.887 seconds
[PB Info 2023-Feb-07 17:05:19] ------------------------------------------------------------------------------
[PB Info 2023-Feb-07 17:05:19] ||        Program:                                       deepvariant        ||
[PB Info 2023-Feb-07 17:05:19] ||        Version:                                           4.0.1-1        ||
[PB Info 2023-Feb-07 17:05:19] ||        Start Time:                       Tue Feb  7 17:03:22 2023        ||
[PB Info 2023-Feb-07 17:05:19] ||        End Time:                         Tue Feb  7 17:05:19 2023        ||
[PB Info 2023-Feb-07 17:05:19] ||        Total Time:                            1 minute 57 seconds        ||
[PB Info 2023-Feb-07 17:05:19] ------------------------------------------------------------------------------
/usr/local/parabricks/binaries//bin/deepvariant /blue/vendor-nvidia/hju/data_parabricks/parabricks_sample/Ref/Homo_sapiens_assembly38.fasta /blue/vendor-nvidia/hju/data_parabricks/parabricks_sample/output.bam 4 -o /blue/vendor-nvidia/hju/data_parabricks/parabricks_sample/deepvariant.vcf --model /usr/local/parabricks/binaries//model/80/shortread/deepvariant.eng -n 4 --channel_insert_size --pileup_image_width 221 --max_reads_per_partition 1500 --partition_size 1000 --vsc_min_count_snps 2 --vsc_min_count_indels 2 --vsc_min_fraction_snps 0.12 --min_mapping_quality 5 --min_base_quality 10 --alt_aligned_pileup none --variant_caller VERY_SENSITIVE_CALLER --dbg_min_base_quality 15 --ws_min_windows_distance 80 --aux_fields_to_keep HP
Please visit https://docs.nvidia.com/clara/#parabricks for detailed documentation

